Log file open, 04/07/22 11:12:40
LogWindows: Failed to load 'aqProf.dll' (GetLastError=126)
LogWindows: File 'aqProf.dll' does not exist
LogWindows: Failed to load 'VtuneApi.dll' (GetLastError=126)
LogWindows: File 'VtuneApi.dll' does not exist
LogWindows: Failed to load 'VtuneApi32e.dll' (GetLastError=126)
LogWindows: File 'VtuneApi32e.dll' does not exist
LogConsoleResponse: Display: Failed to find resolution value strings in scalability ini. Falling back to default.
LogConsoleResponse: Display: Failed to find resolution value strings in scalability ini. Falling back to default.
LogInit: Display: Running engine for game: FirstProject
LogPlatformFile: Not using cached read wrapper
LogTaskGraph: Started task graph with 5 named threads and 35 total threads with 3 sets of task threads.
LogStats: Stats thread started at 0.215196
LogICUInternationalization: ICU TimeZone Detection - Raw Offset: -3:00, Platform Override: ''
LogInit: Display: Loading text-based GConfig....
LogPluginManager: Mounting plugin XGEController
LogPluginManager: Mounting plugin MeshPainting
LogPluginManager: Mounting plugin Paper2D
LogPluginManager: Mounting plugin AISupport
LogPluginManager: Mounting plugin EnvironmentQueryEditor
LogPluginManager: Mounting plugin LightPropagationVolume
LogPluginManager: Mounting plugin LiveLink
LogPluginManager: Mounting plugin CameraShakePreviewer
LogPluginManager: Mounting plugin OodleNetwork
LogPluginManager: Mounting plugin OodleData
LogPluginManager: Mounting plugin GameplayCameras
LogPluginManager: Mounting plugin AnimationSharing
LogPluginManager: Mounting plugin CLionSourceCodeAccess
LogPluginManager: Mounting plugin GitSourceControl
LogPluginManager: Mounting plugin CodeLiteSourceCodeAccess
LogPluginManager: Mounting plugin NullSourceCodeAccess
LogPluginManager: Mounting plugin KDevelopSourceCodeAccess
LogPluginManager: Mounting plugin PerforceSourceControl
LogPluginManager: Mounting plugin PixWinPlugin
LogPluginManager: Mounting plugin PluginUtils
LogPluginManager: Mounting plugin PropertyAccessNode
LogPluginManager: Mounting plugin PlasticSourceControl
LogPluginManager: Mounting plugin RiderLink
LogPluginManager: Mounting plugin SubversionSourceControl
LogPluginManager: Mounting plugin TextureFormatOodle
LogPluginManager: Mounting plugin UObjectPlugin
LogPluginManager: Mounting plugin XCodeSourceCodeAccess
LogPluginManager: Mounting plugin AssetManagerEditor
LogPluginManager: Mounting plugin VisualStudioCodeSourceCodeAccess
LogPluginManager: Mounting plugin CryptoKeys
LogPluginManager: Mounting plugin CurveEditorTools
LogPluginManager: Mounting plugin DataValidation
LogPluginManager: Mounting plugin VisualStudioSourceCodeAccess
LogPluginManager: Mounting plugin FacialAnimation
LogPluginManager: Mounting plugin GeometryMode
LogPluginManager: Mounting plugin GameplayTagsEditor
LogPluginManager: Mounting plugin MacGraphicsSwitching
LogPluginManager: Mounting plugin MaterialAnalyzer
LogPluginManager: Mounting plugin MobileLauncherProfileWizard
LogPluginManager: Mounting plugin PluginBrowser
LogPluginManager: Mounting plugin SpeedTreeImporter
LogPluginManager: Mounting plugin RiderSourceCodeAccess
LogPluginManager: Mounting plugin AlembicImporter
LogPluginManager: Mounting plugin AutomationUtils
LogPluginManager: Mounting plugin BackChannel
LogPluginManager: Mounting plugin ChaosClothEditor
LogPluginManager: Mounting plugin ChaosCloth
LogPluginManager: Mounting plugin ChaosEditor
LogPluginManager: Mounting plugin ChaosNiagara
LogPluginManager: Mounting plugin CharacterAI
LogPluginManager: Mounting plugin ChaosSolverPlugin
LogPluginManager: Mounting plugin Niagara
LogPluginManager: Mounting plugin GeometryCache
LogPluginManager: Mounting plugin GeometryCollectionPlugin
LogPluginManager: Mounting plugin DatasmithContent
LogPluginManager: Mounting plugin VariantManagerContent
LogPluginManager: Mounting plugin GeometryProcessing
LogPluginManager: Mounting plugin OpenImageDenoise
LogPluginManager: Mounting plugin PlanarCut
LogPluginManager: Mounting plugin ProxyLODPlugin
LogPluginManager: Mounting plugin PlatformCrypto
LogPluginManager: Mounting plugin MotoSynth
LogPluginManager: Mounting plugin PythonScriptPlugin
LogPluginManager: Mounting plugin SkeletalReduction
LogPluginManager: Mounting plugin AndroidMedia
LogPluginManager: Mounting plugin AvfMedia
LogPluginManager: Mounting plugin MediaCompositing
LogPluginManager: Mounting plugin ImgMedia
LogPluginManager: Mounting plugin MediaPlayerEditor
LogPluginManager: Mounting plugin WmfMedia
LogPluginManager: Mounting plugin WebMMedia
LogPluginManager: Mounting plugin TcpMessaging
LogPluginManager: Mounting plugin UdpMessaging
LogPluginManager: Mounting plugin ActorSequence
LogPluginManager: Mounting plugin MatineeToLevelSequence
LogPluginManager: Mounting plugin LevelSequenceEditor
LogPluginManager: Mounting plugin TemplateSequence
LogPluginManager: Mounting plugin OnlineSubsystem
LogPluginManager: Mounting plugin OnlineSubsystemNull
LogPluginManager: Mounting plugin LuminPlatformFeatures
LogPluginManager: Mounting plugin OnlineSubsystemUtils
LogPluginManager: Mounting plugin MagicLeap
LogPluginManager: Mounting plugin MagicLeapLightEstimation
LogPluginManager: Mounting plugin MagicLeapMedia
LogPluginManager: Mounting plugin MagicLeapPassableWorld
LogPluginManager: Mounting plugin MLSDK
LogPluginManager: Mounting plugin ActorLayerUtilities
LogPluginManager: Mounting plugin AndroidDeviceProfileSelector
LogPluginManager: Mounting plugin AndroidMoviePlayer
LogPluginManager: Mounting plugin AndroidPermission
LogPluginManager: Mounting plugin AppleMoviePlayer
LogPluginManager: Mounting plugin AppleImageUtils
LogPluginManager: Mounting plugin ArchVisCharacter
LogPluginManager: Mounting plugin AssetTags
LogPluginManager: Mounting plugin AudioCapture
LogPluginManager: Mounting plugin CableComponent
LogPluginManager: Mounting plugin ChunkDownloader
LogPluginManager: Mounting plugin ExampleDeviceProfileSelector
LogPluginManager: Mounting plugin EditableMesh
LogPluginManager: Mounting plugin CustomMeshComponent
LogPluginManager: Mounting plugin GoogleCloudMessaging
LogPluginManager: Mounting plugin AudioSynesthesia
LogPluginManager: Mounting plugin GooglePAD
LogPluginManager: Mounting plugin IOSDeviceProfileSelector
LogPluginManager: Mounting plugin LinuxDeviceProfileSelector
LogPluginManager: Mounting plugin LocationServicesBPLibrary
LogPluginManager: Mounting plugin LauncherChunkInstaller
LogPluginManager: Mounting plugin MobilePatchingUtils
LogPluginManager: Mounting plugin OpenXR
LogPluginManager: Mounting plugin OpenXREyeTracker
LogPluginManager: Mounting plugin OpenXRHandTracking
LogPluginManager: Mounting plugin PhysXVehicles
LogPluginManager: Mounting plugin PostSplashScreen
LogPluginManager: Mounting plugin ProceduralMeshComponent
LogPluginManager: Mounting plugin PropertyAccessEditor
LogPluginManager: Mounting plugin RuntimePhysXCooking
LogPluginManager: Mounting plugin SignificanceManager
LogPluginManager: Mounting plugin SoundFields
LogPluginManager: Mounting plugin Synthesis
LogPluginManager: Mounting plugin WebMMoviePlayer
LogPluginManager: Mounting plugin WindowsMoviePlayer
LogPluginManager: Mounting plugin Takes
LogPluginManager: Mounting plugin ScreenshotTools
LogPluginManager: Mounting plugin ContentBrowserAssetDataSource
LogPluginManager: Mounting plugin ContentBrowserClassDataSource
LogPluginManager: Mounting plugin ContentBrowserFileDataSource
LogPluginManager: Mounting plugin OnlineSubsystemIOS
LogPluginManager: Mounting plugin OnlineSubsystemGooglePlay
LogPluginManager: Mounting plugin OculusVR
LogPluginManager: Mounting plugin SteamVR
PixWinPlugin: PIX capture plugin failed to initialize! Check that the process is launched from PIX.
LogInit: Using libcurl 7.55.1-DEV
LogInit:  - built for x86_64-pc-win32
LogInit:  - supports SSL with OpenSSL/1.1.1
LogInit:  - supports HTTP deflate (compression) using libz 1.2.8
LogInit:  - other features:
LogInit:      CURL_VERSION_SSL
LogInit:      CURL_VERSION_LIBZ
LogInit:      CURL_VERSION_IPV6
LogInit:      CURL_VERSION_ASYNCHDNS
LogInit:      CURL_VERSION_LARGEFILE
LogInit:      CURL_VERSION_IDN
LogInit:  CurlRequestOptions (configurable via config and command line):
LogInit:  - bVerifyPeer = true  - Libcurl will verify peer certificate
LogInit:  - bUseHttpProxy = false  - Libcurl will NOT use HTTP proxy
LogInit:  - bDontReuseConnections = false  - Libcurl will reuse connections
LogInit:  - MaxHostConnections = 16  - Libcurl will limit the number of connections to a host
LogInit:  - LocalHostAddr = Default
LogInit:  - BufferSize = 65536
LogOnline: OSS: Creating online subsystem instance for: NULL
LogInit: WinSock: version 1.1 (2.2), MaxSocks=32767, MaxUdp=65467
LogOnline: OSS: TryLoadSubsystemAndSetDefault: Loaded subsystem for module [NULL]
LogOculusPluginWrapper: OculusPlugin initialized successfully
LogHMD: Failed initializing OVRPlugin 1.59.0
LogInit: Build: ++UE4+Release-4.27-CL-18319896
LogInit: Engine Version: 4.27.2-18319896+++UE4+Release-4.27
LogInit: Compatible Engine Version: 4.27.0-17155196+++UE4+Release-4.27
LogInit: Net CL: 17155196
LogInit: OS: Windows 10 (Release 2009) (), CPU: Intel(R) Core(TM) i7-8700 CPU @ 3.20GHz, GPU: NVIDIA GeForce GTX 1070 Ti
LogInit: Compiled (64-bit): Nov 30 2021 07:12:08
LogInit: Compiled with Visual C++: 19.24.28315.00
LogInit: Build Configuration: Development
LogInit: Branch Name: ++UE4+Release-4.27
LogInit: Command Line:  -skipcompile
LogInit: Base Directory: E:/Unreal/UE_4.27/Engine/Binaries/Win64/
LogInit: Allocator: TBB
LogInit: Installed Engine Build: 1
LogDevObjectVersion: Number of dev versions registered: 29
LogDevObjectVersion:   Dev-Blueprints (B0D832E4-1F89-4F0D-ACCF-7EB736FD4AA2): 10
LogDevObjectVersion:   Dev-Build (E1C64328-A22C-4D53-A36C-8E866417BD8C): 0
LogDevObjectVersion:   Dev-Core (375EC13C-06E4-48FB-B500-84F0262A717E): 4
LogDevObjectVersion:   Dev-Editor (E4B068ED-F494-42E9-A231-DA0B2E46BB41): 40
LogDevObjectVersion:   Dev-Framework (CFFC743F-43B0-4480-9391-14DF171D2073): 37
LogDevObjectVersion:   Dev-Mobile (B02B49B5-BB20-44E9-A304-32B752E40360): 3
LogDevObjectVersion:   Dev-Networking (A4E4105C-59A1-49B5-A7C5-40C4547EDFEE): 0
LogDevObjectVersion:   Dev-Online (39C831C9-5AE6-47DC-9A44-9C173E1C8E7C): 0
LogDevObjectVersion:   Dev-Physics (78F01B33-EBEA-4F98-B9B4-84EACCB95AA2): 14
LogDevObjectVersion:   Dev-Platform (6631380F-2D4D-43E0-8009-CF276956A95A): 0
LogDevObjectVersion:   Dev-Rendering (12F88B9F-8875-4AFC-A67C-D90C383ABD29): 45
LogDevObjectVersion:   Dev-Sequencer (7B5AE74C-D270-4C10-A958-57980B212A5A): 13
LogDevObjectVersion:   Dev-VR (D7296918-1DD6-4BDD-9DE2-64A83CC13884): 3
LogDevObjectVersion:   Dev-LoadTimes (C2A15278-BFE7-4AFE-6C17-90FF531DF755): 1
LogDevObjectVersion:   Private-Geometry (6EACA3D4-40EC-4CC1-B786-8BED09428FC5): 3
LogDevObjectVersion:   Dev-AnimPhys (29E575DD-E0A3-4627-9D10-D276232CDCEA): 17
LogDevObjectVersion:   Dev-Anim (AF43A65D-7FD3-4947-9873-3E8ED9C1BB05): 15
LogDevObjectVersion:   Dev-ReflectionCapture (6B266CEC-1EC7-4B8F-A30B-E4D90942FC07): 1
LogDevObjectVersion:   Dev-Automation (0DF73D61-A23F-47EA-B727-89E90C41499A): 1
LogDevObjectVersion:   FortniteMain (601D1886-AC64-4F84-AA16-D3DE0DEAC7D6): 47
LogDevObjectVersion:   FortniteRelease (E7086368-6B23-4C58-8439-1B7016265E91): 1
LogDevObjectVersion:   Dev-Enterprise (9DFFBCD6-494F-0158-E221-12823C92A888): 10
LogDevObjectVersion:   Dev-Niagara (F2AED0AC-9AFE-416F-8664-AA7FFA26D6FC): 1
LogDevObjectVersion:   Dev-Destruction (174F1F0B-B4C6-45A5-B13F-2EE8D0FB917D): 10
LogDevObjectVersion:   Dev-Physics-Ext (35F94A83-E258-406C-A318-09F59610247C): 41
LogDevObjectVersion:   Dev-PhysicsMaterial-Chaos (B68FC16E-8B1B-42E2-B453-215C058844FE): 1
LogDevObjectVersion:   Dev-CineCamera (B2E18506-4273-CFC2-A54E-F4BB758BBA07): 1
LogDevObjectVersion:   Dev-VirtualProduction (64F58936-FD1B-42BA-BA96-7289D5D0FA4E): 1
LogDevObjectVersion:   Dev-MediaFramework (6F0ED827-A609-4895-9C91-998D90180EA4): 2
LogInit: Presizing for max 25165824 objects, including 0 objects not considered by GC, pre-allocating 0 bytes for permanent pool.
LogConfig: Applying CVar settings from Section [/Script/Engine.StreamingSettings] File [E:/CppCourseBasic/FirstProject/Saved/Config/Windows/Engine.ini]
LogConfig: Setting CVar [[s.MinBulkDataSizeForAsyncLoading:131072]]
LogConfig: Setting CVar [[s.AsyncLoadingThreadEnabled:0]]
LogConfig: Setting CVar [[s.EventDrivenLoaderEnabled:1]]
LogConfig: Setting CVar [[s.WarnIfTimeLimitExceeded:0]]
LogConfig: Setting CVar [[s.TimeLimitExceededMultiplier:1.5]]
LogConfig: Setting CVar [[s.TimeLimitExceededMinTime:0.005]]
LogConfig: Setting CVar [[s.UseBackgroundLevelStreaming:1]]
LogConfig: Setting CVar [[s.PriorityAsyncLoadingExtraTime:15.0]]
LogConfig: Setting CVar [[s.LevelStreamingActorsUpdateTimeLimit:5.0]]
LogConfig: Setting CVar [[s.PriorityLevelStreamingActorsUpdateExtraTime:5.0]]
LogConfig: Setting CVar [[s.LevelStreamingComponentsRegistrationGranularity:10]]
LogConfig: Setting CVar [[s.UnregisterComponentsTimeLimit:1.0]]
LogConfig: Setting CVar [[s.LevelStreamingComponentsUnregistrationGranularity:5]]
LogConfig: Setting CVar [[s.FlushStreamingOnExit:1]]
LogInit: Object subsystem initialized
LogConfig: Setting CVar [[con.DebugEarlyDefault:1]]
LogConfig: Setting CVar [[r.setres:1280x720]]
[2022.04.07-14.12.40:884][  0]LogConfig: Setting CVar [[r.VSync:0]]
[2022.04.07-14.12.40:884][  0]LogConfig: Setting CVar [[r.RHICmdBypass:0]]
[2022.04.07-14.12.40:885][  0]LogConfig: Applying CVar settings from Section [/Script/Engine.RendererSettings] File [E:/CppCourseBasic/FirstProject/Saved/Config/Windows/Engine.ini]
[2022.04.07-14.12.40:885][  0]LogConfig: Setting CVar [[r.GPUCrashDebugging:0]]
[2022.04.07-14.12.40:885][  0]LogConfig: Applying CVar settings from Section [/Script/Engine.RendererOverrideSettings] File [E:/CppCourseBasic/FirstProject/Saved/Config/Windows/Engine.ini]
[2022.04.07-14.12.40:885][  0]LogConfig: Applying CVar settings from Section [/Script/Engine.StreamingSettings] File [E:/CppCourseBasic/FirstProject/Saved/Config/Windows/Engine.ini]
[2022.04.07-14.12.40:885][  0]LogConfig: Setting CVar [[s.MinBulkDataSizeForAsyncLoading:131072]]
[2022.04.07-14.12.40:885][  0]LogConfig: Setting CVar [[s.AsyncLoadingThreadEnabled:0]]
[2022.04.07-14.12.40:885][  0]LogConfig: Setting CVar [[s.EventDrivenLoaderEnabled:1]]
[2022.04.07-14.12.40:885][  0]LogConfig: Setting CVar [[s.WarnIfTimeLimitExceeded:0]]
[2022.04.07-14.12.40:885][  0]LogConfig: Setting CVar [[s.TimeLimitExceededMultiplier:1.5]]
[2022.04.07-14.12.40:885][  0]LogConfig: Setting CVar [[s.TimeLimitExceededMinTime:0.005]]
[2022.04.07-14.12.40:885][  0]LogConfig: Setting CVar [[s.UseBackgroundLevelStreaming:1]]
[2022.04.07-14.12.40:885][  0]LogConfig: Setting CVar [[s.PriorityAsyncLoadingExtraTime:15.0]]
[2022.04.07-14.12.40:885][  0]LogConfig: Setting CVar [[s.LevelStreamingActorsUpdateTimeLimit:5.0]]
[2022.04.07-14.12.40:885][  0]LogConfig: Setting CVar [[s.PriorityLevelStreamingActorsUpdateExtraTime:5.0]]
[2022.04.07-14.12.40:885][  0]LogConfig: Setting CVar [[s.LevelStreamingComponentsRegistrationGranularity:10]]
[2022.04.07-14.12.40:885][  0]LogConfig: Setting CVar [[s.UnregisterComponentsTimeLimit:1.0]]
[2022.04.07-14.12.40:885][  0]LogConfig: Setting CVar [[s.LevelStreamingComponentsUnregistrationGranularity:5]]
[2022.04.07-14.12.40:885][  0]LogConfig: Setting CVar [[s.FlushStreamingOnExit:1]]
[2022.04.07-14.12.40:885][  0]LogConfig: Applying CVar settings from Section [/Script/Engine.GarbageCollectionSettings] File [E:/CppCourseBasic/FirstProject/Saved/Config/Windows/Engine.ini]
[2022.04.07-14.12.40:885][  0]LogConfig: Setting CVar [[gc.MaxObjectsNotConsideredByGC:1]]
[2022.04.07-14.12.40:885][  0]LogConfig: Setting CVar [[gc.SizeOfPermanentObjectPool:0]]
[2022.04.07-14.12.40:885][  0]LogConfig: Setting CVar [[gc.FlushStreamingOnGC:0]]
[2022.04.07-14.12.40:885][  0]LogConfig: Setting CVar [[gc.NumRetriesBeforeForcingGC:10]]
[2022.04.07-14.12.40:885][  0]LogConfig: Setting CVar [[gc.AllowParallelGC:1]]
[2022.04.07-14.12.40:885][  0]LogConfig: Setting CVar [[gc.TimeBetweenPurgingPendingKillObjects:61.1]]
[2022.04.07-14.12.40:885][  0]LogConfig: Setting CVar [[gc.MaxObjectsInEditor:25165824]]
[2022.04.07-14.12.40:885][  0]LogConfig: Setting CVar [[gc.IncrementalBeginDestroyEnabled:1]]
[2022.04.07-14.12.40:885][  0]LogConfig: Setting CVar [[gc.CreateGCClusters:1]]
[2022.04.07-14.12.40:885][  0]LogConfig: Setting CVar [[gc.MinGCClusterSize:5]]
[2022.04.07-14.12.40:885][  0]LogConfig: Setting CVar [[gc.ActorClusteringEnabled:0]]
[2022.04.07-14.12.40:885][  0]LogConfig: Setting CVar [[gc.BlueprintClusteringEnabled:0]]
[2022.04.07-14.12.40:885][  0]LogConfig: Setting CVar [[gc.UseDisregardForGCOnDedicatedServers:0]]
[2022.04.07-14.12.40:885][  0]LogConfig: Setting CVar [[gc.MultithreadedDestructionEnabled:1]]
[2022.04.07-14.12.40:885][  0]LogConfig: Applying CVar settings from Section [/Script/Engine.NetworkSettings] File [E:/CppCourseBasic/FirstProject/Saved/Config/Windows/Engine.ini]
[2022.04.07-14.12.40:885][  0]LogConfig: Applying CVar settings from Section [/Script/UnrealEd.CookerSettings] File [E:/CppCourseBasic/FirstProject/Saved/Config/Windows/Engine.ini]
[2022.04.07-14.12.40:911][  0]LogConfig: Applying CVar settings from Section [ViewDistanceQuality@3] File [E:/CppCourseBasic/FirstProject/Saved/Config/Windows/Scalability.ini]
[2022.04.07-14.12.40:911][  0]LogConfig: Setting CVar [[r.SkeletalMeshLODBias:0]]
[2022.04.07-14.12.40:911][  0]LogConfig: Setting CVar [[r.ViewDistanceScale:1.0]]
[2022.04.07-14.12.40:911][  0]LogConfig: Applying CVar settings from Section [AntiAliasingQuality@3] File [E:/CppCourseBasic/FirstProject/Saved/Config/Windows/Scalability.ini]
[2022.04.07-14.12.40:911][  0]LogConfig: Setting CVar [[r.PostProcessAAQuality:4]]
[2022.04.07-14.12.40:911][  0]LogConfig: Applying CVar settings from Section [ShadowQuality@3] File [E:/CppCourseBasic/FirstProject/Saved/Config/Windows/Scalability.ini]
[2022.04.07-14.12.40:911][  0]LogConfig: Setting CVar [[r.LightFunctionQuality:1]]
[2022.04.07-14.12.40:911][  0]LogConfig: Setting CVar [[r.ShadowQuality:5]]
[2022.04.07-14.12.40:911][  0]LogConfig: Setting CVar [[r.Shadow.CSM.MaxCascades:10]]
[2022.04.07-14.12.40:911][  0]LogConfig: Setting CVar [[r.Shadow.MaxResolution:2048]]
[2022.04.07-14.12.40:911][  0]LogConfig: Setting CVar [[r.Shadow.MaxCSMResolution:2048]]
[2022.04.07-14.12.40:911][  0]LogConfig: Setting CVar [[r.Shadow.RadiusThreshold:0.01]]
[2022.04.07-14.12.40:911][  0]LogConfig: Setting CVar [[r.Shadow.DistanceScale:1.0]]
[2022.04.07-14.12.40:911][  0]LogConfig: Setting CVar [[r.Shadow.CSM.TransitionScale:1.0]]
[2022.04.07-14.12.40:911][  0]LogConfig: Setting CVar [[r.Shadow.PreShadowResolutionFactor:1.0]]
[2022.04.07-14.12.40:911][  0]LogConfig: Setting CVar [[r.DistanceFieldShadowing:1]]
[2022.04.07-14.12.40:911][  0]LogConfig: Setting CVar [[r.DistanceFieldAO:1]]
[2022.04.07-14.12.40:911][  0]LogConfig: Setting CVar [[r.AOQuality:2]]
[2022.04.07-14.12.40:911][  0]LogConfig: Setting CVar [[r.VolumetricFog:1]]
[2022.04.07-14.12.40:911][  0]LogConfig: Setting CVar [[r.VolumetricFog.GridPixelSize:8]]
[2022.04.07-14.12.40:911][  0]LogConfig: Setting CVar [[r.VolumetricFog.GridSizeZ:128]]
[2022.04.07-14.12.40:911][  0]LogConfig: Setting CVar [[r.VolumetricFog.HistoryMissSupersampleCount:4]]
[2022.04.07-14.12.40:911][  0]LogConfig: Setting CVar [[r.LightMaxDrawDistanceScale:1]]
[2022.04.07-14.12.40:911][  0]LogConfig: Setting CVar [[r.CapsuleShadows:1]]
[2022.04.07-14.12.40:911][  0]LogConfig: Applying CVar settings from Section [PostProcessQuality@3] File [E:/CppCourseBasic/FirstProject/Saved/Config/Windows/Scalability.ini]
[2022.04.07-14.12.40:911][  0]LogConfig: Setting CVar [[r.MotionBlurQuality:4]]
[2022.04.07-14.12.40:911][  0]LogConfig: Setting CVar [[r.AmbientOcclusionMipLevelFactor:0.4]]
[2022.04.07-14.12.40:911][  0]LogConfig: Setting CVar [[r.AmbientOcclusionMaxQuality:100]]
[2022.04.07-14.12.40:911][  0]LogConfig: Setting CVar [[r.AmbientOcclusionLevels:-1]]
[2022.04.07-14.12.40:911][  0]LogConfig: Setting CVar [[r.AmbientOcclusionRadiusScale:1.0]]
[2022.04.07-14.12.40:911][  0]LogConfig: Setting CVar [[r.DepthOfFieldQuality:2]]
[2022.04.07-14.12.40:911][  0]LogConfig: Setting CVar [[r.RenderTargetPoolMin:400]]
[2022.04.07-14.12.40:911][  0]LogConfig: Setting CVar [[r.LensFlareQuality:2]]
[2022.04.07-14.12.40:911][  0]LogConfig: Setting CVar [[r.SceneColorFringeQuality:1]]
[2022.04.07-14.12.40:911][  0]LogConfig: Setting CVar [[r.EyeAdaptationQuality:2]]
[2022.04.07-14.12.40:911][  0]LogConfig: Setting CVar [[r.BloomQuality:5]]
[2022.04.07-14.12.40:911][  0]LogConfig: Setting CVar [[r.FastBlurThreshold:100]]
[2022.04.07-14.12.40:911][  0]LogConfig: Setting CVar [[r.Upscale.Quality:3]]
[2022.04.07-14.12.40:911][  0]LogConfig: Setting CVar [[r.Tonemapper.GrainQuantization:1]]
[2022.04.07-14.12.40:911][  0]LogConfig: Setting CVar [[r.LightShaftQuality:1]]
[2022.04.07-14.12.40:911][  0]LogConfig: Setting CVar [[r.Filter.SizeScale:1]]
[2022.04.07-14.12.40:911][  0]LogConfig: Setting CVar [[r.Tonemapper.Quality:5]]
[2022.04.07-14.12.40:911][  0]LogConfig: Setting CVar [[r.DOF.Gather.AccumulatorQuality:1        ; higher gathering accumulator quality]]
[2022.04.07-14.12.40:911][  0]LogConfig: Setting CVar [[r.DOF.Gather.PostfilterMethod:1          ; Median3x3 postfilering method]]
[2022.04.07-14.12.40:911][  0]LogConfig: Setting CVar [[r.DOF.Gather.EnableBokehSettings:0       ; no bokeh simulation when gathering]]
[2022.04.07-14.12.40:911][  0]LogConfig: Setting CVar [[r.DOF.Gather.RingCount:4                 ; medium number of samples when gathering]]
[2022.04.07-14.12.40:911][  0]LogConfig: Setting CVar [[r.DOF.Scatter.ForegroundCompositing:1    ; additive foreground scattering]]
[2022.04.07-14.12.40:911][  0]LogConfig: Setting CVar [[r.DOF.Scatter.BackgroundCompositing:2    ; additive background scattering]]
[2022.04.07-14.12.40:911][  0]LogConfig: Setting CVar [[r.DOF.Scatter.EnableBokehSettings:1      ; bokeh simulation when scattering]]
[2022.04.07-14.12.40:911][  0]LogConfig: Setting CVar [[r.DOF.Scatter.MaxSpriteRatio:0.1         ; only a maximum of 10% of scattered bokeh]]
[2022.04.07-14.12.40:911][  0]LogConfig: Setting CVar [[r.DOF.Recombine.Quality:1                ; cheap slight out of focus]]
[2022.04.07-14.12.40:911][  0]LogConfig: Setting CVar [[r.DOF.Recombine.EnableBokehSettings:0    ; no bokeh simulation on slight out of focus]]
[2022.04.07-14.12.40:912][  0]LogConfig: Setting CVar [[r.DOF.TemporalAAQuality:1                ; more stable temporal accumulation]]
[2022.04.07-14.12.40:912][  0]LogConfig: Setting CVar [[r.DOF.Kernel.MaxForegroundRadius:0.025]]
[2022.04.07-14.12.40:912][  0]LogConfig: Setting CVar [[r.DOF.Kernel.MaxBackgroundRadius:0.025]]
[2022.04.07-14.12.40:912][  0]LogConfig: Applying CVar settings from Section [TextureQuality@3] File [E:/CppCourseBasic/FirstProject/Saved/Config/Windows/Scalability.ini]
[2022.04.07-14.12.40:912][  0]LogConfig: Setting CVar [[r.Streaming.MipBias:0]]
[2022.04.07-14.12.40:912][  0]LogConfig: Setting CVar [[r.Streaming.AmortizeCPUToGPUCopy:0]]
[2022.04.07-14.12.40:912][  0]LogConfig: Setting CVar [[r.Streaming.MaxNumTexturesToStreamPerFrame:0]]
[2022.04.07-14.12.40:912][  0]LogConfig: Setting CVar [[r.Streaming.Boost:1]]
[2022.04.07-14.12.40:912][  0]LogConfig: Setting CVar [[r.MaxAnisotropy:8]]
[2022.04.07-14.12.40:912][  0]LogConfig: Setting CVar [[r.VT.MaxAnisotropy:8]]
[2022.04.07-14.12.40:912][  0]LogConfig: Setting CVar [[r.Streaming.LimitPoolSizeToVRAM:0]]
[2022.04.07-14.12.40:912][  0]LogConfig: Setting CVar [[r.Streaming.PoolSize:1000]]
[2022.04.07-14.12.40:912][  0]LogConfig: Setting CVar [[r.Streaming.MaxEffectiveScreenSize:0]]
[2022.04.07-14.12.40:912][  0]LogConfig: Applying CVar settings from Section [EffectsQuality@3] File [E:/CppCourseBasic/FirstProject/Saved/Config/Windows/Scalability.ini]
[2022.04.07-14.12.40:912][  0]LogConfig: Setting CVar [[r.TranslucencyLightingVolumeDim:64]]
[2022.04.07-14.12.40:912][  0]LogConfig: Setting CVar [[r.RefractionQuality:2]]
[2022.04.07-14.12.40:912][  0]LogConfig: Setting CVar [[r.SSR.Quality:3]]
[2022.04.07-14.12.40:912][  0]LogConfig: Setting CVar [[r.SSR.HalfResSceneColor:0]]
[2022.04.07-14.12.40:912][  0]LogConfig: Setting CVar [[r.SceneColorFormat:4]]
[2022.04.07-14.12.40:912][  0]LogConfig: Setting CVar [[r.DetailMode:2]]
[2022.04.07-14.12.40:912][  0]LogConfig: Setting CVar [[r.TranslucencyVolumeBlur:1]]
[2022.04.07-14.12.40:912][  0]LogConfig: Setting CVar [[r.MaterialQualityLevel:1 ; High quality]]
[2022.04.07-14.12.40:912][  0]LogConfig: Setting CVar [[r.AnisotropicMaterials:1]]
[2022.04.07-14.12.40:912][  0]LogConfig: Setting CVar [[r.SSS.Scale:1]]
[2022.04.07-14.12.40:912][  0]LogConfig: Setting CVar [[r.SSS.SampleSet:2]]
[2022.04.07-14.12.40:912][  0]LogConfig: Setting CVar [[r.SSS.Quality:1]]
[2022.04.07-14.12.40:912][  0]LogConfig: Setting CVar [[r.SSS.HalfRes:0]]
[2022.04.07-14.12.40:912][  0]LogConfig: Setting CVar [[r.SSGI.Quality:3]]
[2022.04.07-14.12.40:912][  0]LogConfig: Setting CVar [[r.EmitterSpawnRateScale:1.0]]
[2022.04.07-14.12.40:912][  0]LogConfig: Setting CVar [[r.ParticleLightQuality:2]]
[2022.04.07-14.12.40:912][  0]LogConfig: Setting CVar [[r.SkyAtmosphere.AerialPerspectiveLUT.FastApplyOnOpaque:1 ; Always have FastSkyLUT 1 in this case to avoid wrong sky]]
[2022.04.07-14.12.40:912][  0]LogConfig: Setting CVar [[r.SkyAtmosphere.AerialPerspectiveLUT.SampleCountMaxPerSlice:4]]
[2022.04.07-14.12.40:912][  0]LogConfig: Setting CVar [[r.SkyAtmosphere.AerialPerspectiveLUT.DepthResolution:16.0]]
[2022.04.07-14.12.40:912][  0]LogConfig: Setting CVar [[r.SkyAtmosphere.FastSkyLUT:1]]
[2022.04.07-14.12.40:912][  0]LogConfig: Setting CVar [[r.SkyAtmosphere.FastSkyLUT.SampleCountMin:4.0]]
[2022.04.07-14.12.40:912][  0]LogConfig: Setting CVar [[r.SkyAtmosphere.FastSkyLUT.SampleCountMax:128.0]]
[2022.04.07-14.12.40:912][  0]LogConfig: Setting CVar [[r.SkyAtmosphere.SampleCountMin:4.0]]
[2022.04.07-14.12.40:912][  0]LogConfig: Setting CVar [[r.SkyAtmosphere.SampleCountMax:128.0]]
[2022.04.07-14.12.40:912][  0]LogConfig: Setting CVar [[r.SkyAtmosphere.TransmittanceLUT.UseSmallFormat:0]]
[2022.04.07-14.12.40:912][  0]LogConfig: Setting CVar [[r.SkyAtmosphere.TransmittanceLUT.SampleCount:10.0]]
[2022.04.07-14.12.40:912][  0]LogConfig: Setting CVar [[r.SkyAtmosphere.MultiScatteringLUT.SampleCount:15.0]]
[2022.04.07-14.12.40:912][  0]LogConfig: Setting CVar [[r.SkyLight.RealTimeReflectionCapture:1]]
[2022.04.07-14.12.40:912][  0]LogConfig: Applying CVar settings from Section [FoliageQuality@3] File [E:/CppCourseBasic/FirstProject/Saved/Config/Windows/Scalability.ini]
[2022.04.07-14.12.40:912][  0]LogConfig: Setting CVar [[foliage.DensityScale:1.0]]
[2022.04.07-14.12.40:912][  0]LogConfig: Setting CVar [[grass.DensityScale:1.0]]
[2022.04.07-14.12.40:912][  0]LogConfig: Applying CVar settings from Section [ShadingQuality@3] File [E:/CppCourseBasic/FirstProject/Saved/Config/Windows/Scalability.ini]
[2022.04.07-14.12.40:912][  0]LogConfig: Setting CVar [[r.HairStrands.SkyLighting.IntegrationType:2]]
[2022.04.07-14.12.40:912][  0]LogConfig: Setting CVar [[r.HairStrands.SkyAO.SampleCount:4]]
[2022.04.07-14.12.40:912][  0]LogConfig: Setting CVar [[r.HairStrands.Visibility.MSAA.SamplePerPixel:4]]
[2022.04.07-14.12.40:912][  0]LogInit: Selected Device Profile: [Windows]
[2022.04.07-14.12.40:912][  0]LogInit: Applying CVar settings loaded from the selected device profile: [Windows]
[2022.04.07-14.12.40:912][  0]LogHAL: Display: Platform has ~ 32 GB [34282221568 / 34359738368 / 32], which maps to Largest [LargestMinGB=32, LargerMinGB=12, DefaultMinGB=8, SmallerMinGB=6, SmallestMinGB=0)
[2022.04.07-14.12.40:912][  0]LogInit: Going up to parent DeviceProfile []
[2022.04.07-14.12.40:912][  0]LogConfig: Applying CVar settings from Section [ViewDistanceQuality@3] File [E:/CppCourseBasic/FirstProject/Saved/Config/Windows/Scalability.ini]
[2022.04.07-14.12.40:912][  0]LogConfig: Setting CVar [[r.SkeletalMeshLODBias:0]]
[2022.04.07-14.12.40:912][  0]LogConfig: Setting CVar [[r.ViewDistanceScale:1.0]]
[2022.04.07-14.12.40:912][  0]LogConfig: Applying CVar settings from Section [AntiAliasingQuality@3] File [E:/CppCourseBasic/FirstProject/Saved/Config/Windows/Scalability.ini]
[2022.04.07-14.12.40:912][  0]LogConfig: Setting CVar [[r.PostProcessAAQuality:4]]
[2022.04.07-14.12.40:912][  0]LogConfig: Applying CVar settings from Section [ShadowQuality@3] File [E:/CppCourseBasic/FirstProject/Saved/Config/Windows/Scalability.ini]
[2022.04.07-14.12.40:912][  0]LogConfig: Setting CVar [[r.LightFunctionQuality:1]]
[2022.04.07-14.12.40:912][  0]LogConfig: Setting CVar [[r.ShadowQuality:5]]
[2022.04.07-14.12.40:912][  0]LogConfig: Setting CVar [[r.Shadow.CSM.MaxCascades:10]]
[2022.04.07-14.12.40:912][  0]LogConfig: Setting CVar [[r.Shadow.MaxResolution:2048]]
[2022.04.07-14.12.40:912][  0]LogConfig: Setting CVar [[r.Shadow.MaxCSMResolution:2048]]
[2022.04.07-14.12.40:912][  0]LogConfig: Setting CVar [[r.Shadow.RadiusThreshold:0.01]]
[2022.04.07-14.12.40:912][  0]LogConfig: Setting CVar [[r.Shadow.DistanceScale:1.0]]
[2022.04.07-14.12.40:913][  0]LogConfig: Setting CVar [[r.Shadow.CSM.TransitionScale:1.0]]
[2022.04.07-14.12.40:913][  0]LogConfig: Setting CVar [[r.Shadow.PreShadowResolutionFactor:1.0]]
[2022.04.07-14.12.40:913][  0]LogConfig: Setting CVar [[r.DistanceFieldShadowing:1]]
[2022.04.07-14.12.40:913][  0]LogConfig: Setting CVar [[r.DistanceFieldAO:1]]
[2022.04.07-14.12.40:913][  0]LogConfig: Setting CVar [[r.AOQuality:2]]
[2022.04.07-14.12.40:913][  0]LogConfig: Setting CVar [[r.VolumetricFog:1]]
[2022.04.07-14.12.40:913][  0]LogConfig: Setting CVar [[r.VolumetricFog.GridPixelSize:8]]
[2022.04.07-14.12.40:913][  0]LogConfig: Setting CVar [[r.VolumetricFog.GridSizeZ:128]]
[2022.04.07-14.12.40:913][  0]LogConfig: Setting CVar [[r.VolumetricFog.HistoryMissSupersampleCount:4]]
[2022.04.07-14.12.40:913][  0]LogConfig: Setting CVar [[r.LightMaxDrawDistanceScale:1]]
[2022.04.07-14.12.40:913][  0]LogConfig: Setting CVar [[r.CapsuleShadows:1]]
[2022.04.07-14.12.40:913][  0]LogConfig: Applying CVar settings from Section [PostProcessQuality@3] File [E:/CppCourseBasic/FirstProject/Saved/Config/Windows/Scalability.ini]
[2022.04.07-14.12.40:913][  0]LogConfig: Setting CVar [[r.MotionBlurQuality:4]]
[2022.04.07-14.12.40:913][  0]LogConfig: Setting CVar [[r.AmbientOcclusionMipLevelFactor:0.4]]
[2022.04.07-14.12.40:913][  0]LogConfig: Setting CVar [[r.AmbientOcclusionMaxQuality:100]]
[2022.04.07-14.12.40:913][  0]LogConfig: Setting CVar [[r.AmbientOcclusionLevels:-1]]
[2022.04.07-14.12.40:913][  0]LogConfig: Setting CVar [[r.AmbientOcclusionRadiusScale:1.0]]
[2022.04.07-14.12.40:913][  0]LogConfig: Setting CVar [[r.DepthOfFieldQuality:2]]
[2022.04.07-14.12.40:913][  0]LogConfig: Setting CVar [[r.RenderTargetPoolMin:400]]
[2022.04.07-14.12.40:913][  0]LogConfig: Setting CVar [[r.LensFlareQuality:2]]
[2022.04.07-14.12.40:913][  0]LogConfig: Setting CVar [[r.SceneColorFringeQuality:1]]
[2022.04.07-14.12.40:913][  0]LogConfig: Setting CVar [[r.EyeAdaptationQuality:2]]
[2022.04.07-14.12.40:913][  0]LogConfig: Setting CVar [[r.BloomQuality:5]]
[2022.04.07-14.12.40:913][  0]LogConfig: Setting CVar [[r.FastBlurThreshold:100]]
[2022.04.07-14.12.40:913][  0]LogConfig: Setting CVar [[r.Upscale.Quality:3]]
[2022.04.07-14.12.40:913][  0]LogConfig: Setting CVar [[r.Tonemapper.GrainQuantization:1]]
[2022.04.07-14.12.40:913][  0]LogConfig: Setting CVar [[r.LightShaftQuality:1]]
[2022.04.07-14.12.40:913][  0]LogConfig: Setting CVar [[r.Filter.SizeScale:1]]
[2022.04.07-14.12.40:913][  0]LogConfig: Setting CVar [[r.Tonemapper.Quality:5]]
[2022.04.07-14.12.40:913][  0]LogConfig: Setting CVar [[r.DOF.Gather.AccumulatorQuality:1        ; higher gathering accumulator quality]]
[2022.04.07-14.12.40:913][  0]LogConfig: Setting CVar [[r.DOF.Gather.PostfilterMethod:1          ; Median3x3 postfilering method]]
[2022.04.07-14.12.40:913][  0]LogConfig: Setting CVar [[r.DOF.Gather.EnableBokehSettings:0       ; no bokeh simulation when gathering]]
[2022.04.07-14.12.40:913][  0]LogConfig: Setting CVar [[r.DOF.Gather.RingCount:4                 ; medium number of samples when gathering]]
[2022.04.07-14.12.40:913][  0]LogConfig: Setting CVar [[r.DOF.Scatter.ForegroundCompositing:1    ; additive foreground scattering]]
[2022.04.07-14.12.40:913][  0]LogConfig: Setting CVar [[r.DOF.Scatter.BackgroundCompositing:2    ; additive background scattering]]
[2022.04.07-14.12.40:913][  0]LogConfig: Setting CVar [[r.DOF.Scatter.EnableBokehSettings:1      ; bokeh simulation when scattering]]
[2022.04.07-14.12.40:913][  0]LogConfig: Setting CVar [[r.DOF.Scatter.MaxSpriteRatio:0.1         ; only a maximum of 10% of scattered bokeh]]
[2022.04.07-14.12.40:913][  0]LogConfig: Setting CVar [[r.DOF.Recombine.Quality:1                ; cheap slight out of focus]]
[2022.04.07-14.12.40:913][  0]LogConfig: Setting CVar [[r.DOF.Recombine.EnableBokehSettings:0    ; no bokeh simulation on slight out of focus]]
[2022.04.07-14.12.40:913][  0]LogConfig: Setting CVar [[r.DOF.TemporalAAQuality:1                ; more stable temporal accumulation]]
[2022.04.07-14.12.40:913][  0]LogConfig: Setting CVar [[r.DOF.Kernel.MaxForegroundRadius:0.025]]
[2022.04.07-14.12.40:913][  0]LogConfig: Setting CVar [[r.DOF.Kernel.MaxBackgroundRadius:0.025]]
[2022.04.07-14.12.40:913][  0]LogConfig: Applying CVar settings from Section [TextureQuality@3] File [E:/CppCourseBasic/FirstProject/Saved/Config/Windows/Scalability.ini]
[2022.04.07-14.12.40:913][  0]LogConfig: Setting CVar [[r.Streaming.MipBias:0]]
[2022.04.07-14.12.40:913][  0]LogConfig: Setting CVar [[r.Streaming.AmortizeCPUToGPUCopy:0]]
[2022.04.07-14.12.40:913][  0]LogConfig: Setting CVar [[r.Streaming.MaxNumTexturesToStreamPerFrame:0]]
[2022.04.07-14.12.40:913][  0]LogConfig: Setting CVar [[r.Streaming.Boost:1]]
[2022.04.07-14.12.40:913][  0]LogConfig: Setting CVar [[r.MaxAnisotropy:8]]
[2022.04.07-14.12.40:913][  0]LogConfig: Setting CVar [[r.VT.MaxAnisotropy:8]]
[2022.04.07-14.12.40:913][  0]LogConfig: Setting CVar [[r.Streaming.LimitPoolSizeToVRAM:0]]
[2022.04.07-14.12.40:913][  0]LogConfig: Setting CVar [[r.Streaming.PoolSize:1000]]
[2022.04.07-14.12.40:913][  0]LogConfig: Setting CVar [[r.Streaming.MaxEffectiveScreenSize:0]]
[2022.04.07-14.12.40:913][  0]LogConfig: Applying CVar settings from Section [EffectsQuality@3] File [E:/CppCourseBasic/FirstProject/Saved/Config/Windows/Scalability.ini]
[2022.04.07-14.12.40:913][  0]LogConfig: Setting CVar [[r.TranslucencyLightingVolumeDim:64]]
[2022.04.07-14.12.40:913][  0]LogConfig: Setting CVar [[r.RefractionQuality:2]]
[2022.04.07-14.12.40:913][  0]LogConfig: Setting CVar [[r.SSR.Quality:3]]
[2022.04.07-14.12.40:913][  0]LogConfig: Setting CVar [[r.SSR.HalfResSceneColor:0]]
[2022.04.07-14.12.40:913][  0]LogConfig: Setting CVar [[r.SceneColorFormat:4]]
[2022.04.07-14.12.40:913][  0]LogConfig: Setting CVar [[r.DetailMode:2]]
[2022.04.07-14.12.40:913][  0]LogConfig: Setting CVar [[r.TranslucencyVolumeBlur:1]]
[2022.04.07-14.12.40:913][  0]LogConfig: Setting CVar [[r.MaterialQualityLevel:1 ; High quality]]
[2022.04.07-14.12.40:913][  0]LogConfig: Setting CVar [[r.AnisotropicMaterials:1]]
[2022.04.07-14.12.40:913][  0]LogConfig: Setting CVar [[r.SSS.Scale:1]]
[2022.04.07-14.12.40:913][  0]LogConfig: Setting CVar [[r.SSS.SampleSet:2]]
[2022.04.07-14.12.40:913][  0]LogConfig: Setting CVar [[r.SSS.Quality:1]]
[2022.04.07-14.12.40:913][  0]LogConfig: Setting CVar [[r.SSS.HalfRes:0]]
[2022.04.07-14.12.40:913][  0]LogConfig: Setting CVar [[r.SSGI.Quality:3]]
[2022.04.07-14.12.40:913][  0]LogConfig: Setting CVar [[r.EmitterSpawnRateScale:1.0]]
[2022.04.07-14.12.40:913][  0]LogConfig: Setting CVar [[r.ParticleLightQuality:2]]
[2022.04.07-14.12.40:913][  0]LogConfig: Setting CVar [[r.SkyAtmosphere.AerialPerspectiveLUT.FastApplyOnOpaque:1 ; Always have FastSkyLUT 1 in this case to avoid wrong sky]]
[2022.04.07-14.12.40:913][  0]LogConfig: Setting CVar [[r.SkyAtmosphere.AerialPerspectiveLUT.SampleCountMaxPerSlice:4]]
[2022.04.07-14.12.40:913][  0]LogConfig: Setting CVar [[r.SkyAtmosphere.AerialPerspectiveLUT.DepthResolution:16.0]]
[2022.04.07-14.12.40:913][  0]LogConfig: Setting CVar [[r.SkyAtmosphere.FastSkyLUT:1]]
[2022.04.07-14.12.40:913][  0]LogConfig: Setting CVar [[r.SkyAtmosphere.FastSkyLUT.SampleCountMin:4.0]]
[2022.04.07-14.12.40:913][  0]LogConfig: Setting CVar [[r.SkyAtmosphere.FastSkyLUT.SampleCountMax:128.0]]
[2022.04.07-14.12.40:914][  0]LogConfig: Setting CVar [[r.SkyAtmosphere.SampleCountMin:4.0]]
[2022.04.07-14.12.40:914][  0]LogConfig: Setting CVar [[r.SkyAtmosphere.SampleCountMax:128.0]]
[2022.04.07-14.12.40:914][  0]LogConfig: Setting CVar [[r.SkyAtmosphere.TransmittanceLUT.UseSmallFormat:0]]
[2022.04.07-14.12.40:914][  0]LogConfig: Setting CVar [[r.SkyAtmosphere.TransmittanceLUT.SampleCount:10.0]]
[2022.04.07-14.12.40:914][  0]LogConfig: Setting CVar [[r.SkyAtmosphere.MultiScatteringLUT.SampleCount:15.0]]
[2022.04.07-14.12.40:914][  0]LogConfig: Setting CVar [[r.SkyLight.RealTimeReflectionCapture:1]]
[2022.04.07-14.12.40:914][  0]LogConfig: Applying CVar settings from Section [FoliageQuality@3] File [E:/CppCourseBasic/FirstProject/Saved/Config/Windows/Scalability.ini]
[2022.04.07-14.12.40:914][  0]LogConfig: Setting CVar [[foliage.DensityScale:1.0]]
[2022.04.07-14.12.40:914][  0]LogConfig: Setting CVar [[grass.DensityScale:1.0]]
[2022.04.07-14.12.40:914][  0]LogConfig: Applying CVar settings from Section [ShadingQuality@3] File [E:/CppCourseBasic/FirstProject/Saved/Config/Windows/Scalability.ini]
[2022.04.07-14.12.40:914][  0]LogConfig: Setting CVar [[r.HairStrands.SkyLighting.IntegrationType:2]]
[2022.04.07-14.12.40:914][  0]LogConfig: Setting CVar [[r.HairStrands.SkyAO.SampleCount:4]]
[2022.04.07-14.12.40:914][  0]LogConfig: Setting CVar [[r.HairStrands.Visibility.MSAA.SamplePerPixel:4]]
[2022.04.07-14.12.40:914][  0]LogConfig: Applying CVar settings from Section [Startup] File [../../../Engine/Config/ConsoleVariables.ini]
[2022.04.07-14.12.40:914][  0]LogConfig: Setting CVar [[net.UseAdaptiveNetUpdateFrequency:0]]
[2022.04.07-14.12.40:914][  0]LogConfig: Setting CVar [[p.chaos.AllowCreatePhysxBodies:1]]
[2022.04.07-14.12.40:914][  0]LogConfig: Setting CVar [[fx.SkipVectorVMBackendOptimizations:1]]
[2022.04.07-14.12.40:914][  0]LogConfig: Applying CVar settings from Section [ConsoleVariables] File [E:/CppCourseBasic/FirstProject/Saved/Config/Windows/Engine.ini]
[2022.04.07-14.12.40:914][  0]LogConfig: Applying CVar settings from Section [ConsoleVariables] File [E:/CppCourseBasic/FirstProject/Saved/Config/Windows/Editor.ini]
[2022.04.07-14.12.40:914][  0]LogInit: Computer: DESKTOP-PATULNA
[2022.04.07-14.12.40:914][  0]LogInit: User: Pablo
[2022.04.07-14.12.40:914][  0]LogInit: CPU Page size=4096, Cores=6
[2022.04.07-14.12.40:914][  0]LogInit: High frequency timer resolution =10.000000 MHz
[2022.04.07-14.12.40:914][  0]LogMemory: Memory total: Physical=31.9GB (32GB approx)
[2022.04.07-14.12.40:914][  0]LogMemory: Platform Memory Stats for Windows
[2022.04.07-14.12.40:914][  0]LogMemory: Process Physical Memory: 147.85 MB used, 147.85 MB peak
[2022.04.07-14.12.40:914][  0]LogMemory: Process Virtual Memory: 126.10 MB used, 126.10 MB peak
[2022.04.07-14.12.40:914][  0]LogMemory: Physical Memory: 15356.32 MB used,  17337.75 MB free, 32694.07 MB total
[2022.04.07-14.12.40:914][  0]LogMemory: Virtual Memory: 134200600.00 MB used,  17127.61 MB free, 134217728.00 MB total
[2022.04.07-14.12.40:921][  0]LogWindows: WindowsPlatformFeatures enabled
[2022.04.07-14.12.40:965][  0]LogInit: Physics initialised using underlying interface: PhysX
[2022.04.07-14.12.40:966][  0]LogInit: Overriding language with editor language configuration option (en-US).
[2022.04.07-14.12.40:966][  0]LogInit: Overriding language with editor locale configuration option (en).
[2022.04.07-14.12.40:968][  0]LogTextLocalizationManager: No specific localization for 'en-US' exists, so the 'en' localization will be used.
[2022.04.07-14.12.41:124][  0]LogInit: Setting process to per monitor DPI aware
[2022.04.07-14.12.41:138][  0]LogWindowsTextInputMethodSystem: Display: IME system deactivated.
[2022.04.07-14.12.41:151][  0]LogSlate: New Slate User Created.  User Index 0, Is Virtual User: 0
[2022.04.07-14.12.41:151][  0]LogSlate: Slate User Registered.  User Index 0, Is Virtual User: 0
[2022.04.07-14.12.41:268][  0]LogD3D11RHI: Loaded GFSDK_Aftermath_Lib.x64.dll
[2022.04.07-14.12.41:270][  0]LogHMD: Failed to initialize OpenVR with code 110
[2022.04.07-14.12.41:270][  0]LogD3D11RHI: D3D11 min allowed feature level: 11_0
[2022.04.07-14.12.41:270][  0]LogD3D11RHI: D3D11 max allowed feature level: 11_0
[2022.04.07-14.12.41:270][  0]LogD3D11RHI: D3D11 adapters:
[2022.04.07-14.12.41:369][  0]LogD3D11RHI:    0. 'NVIDIA GeForce GTX 1070 Ti' (Feature Level 11_0)
[2022.04.07-14.12.41:369][  0]LogD3D11RHI:       8079/0/16347 MB DedicatedVideo/DedicatedSystem/SharedSystem, Outputs:2, VendorId:0x10de
[2022.04.07-14.12.41:372][  0]LogD3D11RHI:    1. 'Microsoft Basic Render Driver' (Feature Level 11_0)
[2022.04.07-14.12.41:372][  0]LogD3D11RHI:       0/0/16347 MB DedicatedVideo/DedicatedSystem/SharedSystem, Outputs:0, VendorId:0x1414
[2022.04.07-14.12.41:372][  0]LogD3D11RHI: Chosen D3D11 Adapter:
[2022.04.07-14.12.41:372][  0]LogD3D11RHI:     Description : NVIDIA GeForce GTX 1070 Ti
[2022.04.07-14.12.41:372][  0]LogD3D11RHI:     VendorId    : 10de
[2022.04.07-14.12.41:372][  0]LogD3D11RHI:     DeviceId    : 1b82
[2022.04.07-14.12.41:372][  0]LogD3D11RHI:     SubSysId    : c3041462
[2022.04.07-14.12.41:372][  0]LogD3D11RHI:     Revision    : 00a1
[2022.04.07-14.12.41:372][  0]LogD3D11RHI:     DedicatedVideoMemory : 8471445504 bytes
[2022.04.07-14.12.41:372][  0]LogD3D11RHI:     DedicatedSystemMemory : 0 bytes
[2022.04.07-14.12.41:372][  0]LogD3D11RHI:     SharedSystemMemory : 17141110784 bytes
[2022.04.07-14.12.41:372][  0]LogD3D11RHI:     AdapterLuid : 0 55639
[2022.04.07-14.12.41:378][  0]LogD3D11RHI: Creating new Direct3DDevice
[2022.04.07-14.12.41:378][  0]LogD3D11RHI:     GPU DeviceId: 0x1b82 (for the marketing name, search the web for "GPU Device Id")
[2022.04.07-14.12.41:378][  0]LogWindows: EnumDisplayDevices:
[2022.04.07-14.12.41:378][  0]LogWindows:    0. 'NVIDIA GeForce GTX 1070 Ti' (P:0 D:1)
[2022.04.07-14.12.41:378][  0]LogWindows:    1. 'NVIDIA GeForce GTX 1070 Ti' (P:1 D:1)
[2022.04.07-14.12.41:378][  0]LogWindows:    2. 'NVIDIA GeForce GTX 1070 Ti' (P:0 D:0)
[2022.04.07-14.12.41:379][  0]LogWindows:    3. 'NVIDIA GeForce GTX 1070 Ti' (P:0 D:0)
[2022.04.07-14.12.41:379][  0]LogWindows: DebugString: FoundDriverCount:4 
[2022.04.07-14.12.41:379][  0]LogD3D11RHI:     Adapter Name: NVIDIA GeForce GTX 1070 Ti
[2022.04.07-14.12.41:379][  0]LogD3D11RHI:   Driver Version: 472.12 (internal:30.0.14.7212, unified:472.12)
[2022.04.07-14.12.41:379][  0]LogD3D11RHI:      Driver Date: 9-13-2021
[2022.04.07-14.12.41:379][  0]LogRHI: Texture pool is 5655 MB (70% of 8079 MB)
[2022.04.07-14.12.41:379][  0]LogD3D11RHI: Creating D3DDevice using adapter:
[2022.04.07-14.12.41:379][  0]LogD3D11RHI:     Description : NVIDIA GeForce GTX 1070 Ti
[2022.04.07-14.12.41:379][  0]LogD3D11RHI:     VendorId    : 10de
[2022.04.07-14.12.41:379][  0]LogD3D11RHI:     DeviceId    : 1b82
[2022.04.07-14.12.41:379][  0]LogD3D11RHI:     SubSysId    : c3041462
[2022.04.07-14.12.41:379][  0]LogD3D11RHI:     Revision    : 00a1
[2022.04.07-14.12.41:379][  0]LogD3D11RHI:     DedicatedVideoMemory : 8471445504 bytes
[2022.04.07-14.12.41:379][  0]LogD3D11RHI:     DedicatedSystemMemory : 0 bytes
[2022.04.07-14.12.41:379][  0]LogD3D11RHI:     SharedSystemMemory : 17141110784 bytes
[2022.04.07-14.12.41:379][  0]LogD3D11RHI:     AdapterLuid : 0 55639
[2022.04.07-14.12.41:446][  0]LogD3D11RHI: RHI has support for 64 bit atomics
[2022.04.07-14.12.41:446][  0]LogD3D11RHI: Async texture creation enabled
[2022.04.07-14.12.41:446][  0]LogD3D11RHI: Array index from any shader is supported
[2022.04.07-14.12.41:465][  0]LogD3D11RHI: GPU Timing Frequency: 1000.000000 (Debug: 2 1)
[2022.04.07-14.12.41:513][  0]LogRHI: GeForceNow SDK initialized: 1
[2022.04.07-14.12.41:796][  0]LogTargetPlatformManager: Display: Loaded TargetPlatform 'AllDesktop'
[2022.04.07-14.12.41:814][  0]LogTargetPlatformManager: Display: Loaded TargetPlatform 'Android'
[2022.04.07-14.12.41:814][  0]LogTargetPlatformManager: Display: Loaded TargetPlatform 'Android_ASTC'
[2022.04.07-14.12.41:814][  0]LogTargetPlatformManager: Display: Loaded TargetPlatform 'Android_DXT'
[2022.04.07-14.12.41:814][  0]LogTargetPlatformManager: Display: Loaded TargetPlatform 'Android_ETC2'
[2022.04.07-14.12.41:814][  0]LogTargetPlatformManager: Display: Loaded TargetPlatform 'AndroidClient'
[2022.04.07-14.12.41:814][  0]LogTargetPlatformManager: Display: Loaded TargetPlatform 'Android_ASTCClient'
[2022.04.07-14.12.41:814][  0]LogTargetPlatformManager: Display: Loaded TargetPlatform 'Android_DXTClient'
[2022.04.07-14.12.41:814][  0]LogTargetPlatformManager: Display: Loaded TargetPlatform 'Android_ETC2Client'
[2022.04.07-14.12.41:814][  0]LogTargetPlatformManager: Display: Loaded TargetPlatform 'Android_Multi'
[2022.04.07-14.12.41:814][  0]LogTargetPlatformManager: Display: Loaded TargetPlatform 'Android_MultiClient'
[2022.04.07-14.12.41:828][  0]LogTargetPlatformManager: Display: Loaded TargetPlatform 'IOSClient'
[2022.04.07-14.12.41:828][  0]LogTargetPlatformManager: Display: Loaded TargetPlatform 'IOS'
[2022.04.07-14.12.41:836][  0]LogTargetPlatformManager: Display: Loaded TargetPlatform 'Linux'
[2022.04.07-14.12.41:840][  0]LogTargetPlatformManager: Display: Loaded TargetPlatform 'LinuxNoEditor'
[2022.04.07-14.12.41:844][  0]LogTargetPlatformManager: Display: Loaded TargetPlatform 'LinuxClient'
[2022.04.07-14.12.41:847][  0]LogTargetPlatformManager: Display: Loaded TargetPlatform 'LinuxServer'
[2022.04.07-14.12.41:854][  0]LogTargetPlatformManager: Display: Loaded TargetPlatform 'LinuxAArch64NoEditor'
[2022.04.07-14.12.41:858][  0]LogTargetPlatformManager: Display: Loaded TargetPlatform 'LinuxAArch64Client'
[2022.04.07-14.12.41:862][  0]LogTargetPlatformManager: Display: Loaded TargetPlatform 'LinuxAArch64Server'
[2022.04.07-14.12.41:880][  0]LogTargetPlatformManager: Display: Loaded TargetPlatform 'Lumin'
[2022.04.07-14.12.41:880][  0]LogTargetPlatformManager: Display: Loaded TargetPlatform 'LuminClient'
[2022.04.07-14.12.41:910][  0]LogTargetPlatformManager: Display: Loaded TargetPlatform 'MacNoEditor'
[2022.04.07-14.12.41:913][  0]LogTargetPlatformManager: Display: Loaded TargetPlatform 'Mac'
[2022.04.07-14.12.41:917][  0]LogTargetPlatformManager: Display: Loaded TargetPlatform 'MacClient'
[2022.04.07-14.12.41:920][  0]LogTargetPlatformManager: Display: Loaded TargetPlatform 'MacServer'
[2022.04.07-14.12.41:928][  0]LogTargetPlatformManager: Display: Loaded TargetPlatform 'TVOSClient'
[2022.04.07-14.12.41:928][  0]LogTargetPlatformManager: Display: Loaded TargetPlatform 'TVOS'
[2022.04.07-14.12.41:935][  0]LogTargetPlatformManager: Display: Loaded TargetPlatform 'WindowsNoEditor'
[2022.04.07-14.12.41:938][  0]LogTargetPlatformManager: Display: Loaded TargetPlatform 'Windows'
[2022.04.07-14.12.41:942][  0]LogTargetPlatformManager: Display: Loaded TargetPlatform 'WindowsClient'
[2022.04.07-14.12.41:946][  0]LogTargetPlatformManager: Display: Loaded TargetPlatform 'WindowsServer'
[2022.04.07-14.12.41:946][  0]LogTargetPlatformManager: Display: Building Assets For Windows
[2022.04.07-14.12.41:952][  0]LogAudioDebug: Display: Lib vorbis DLL was dynamically loaded.
[2022.04.07-14.12.41:976][  0]LogTextureFormatOodle: Display: Oodle Texture 2.9.0 init RDO Off
[2022.04.07-14.12.42:002][  0]LogRendererCore: Ray tracing is disabled. Reason: r.RayTracing=0.
[2022.04.07-14.12.42:002][  0]LogShaderCompilers: Guid format shader working directory is 3 characters bigger than the processId version (../../../../../CppCourseBasic/FirstProject/Intermediate/Shaders/WorkingDirectory/19232/).
[2022.04.07-14.12.42:002][  0]LogShaderCompilers: Cleaned the shader compiler working directory 'C:/Users/Pablo/AppData/Local/Temp/UnrealShaderWorkingDir/21A55B7747E38431E9CD5DAE8A2872C9/'.
[2022.04.07-14.12.42:002][  0]LogXGEController: Cannot use XGE Controller as Incredibuild is not installed on this machine.
[2022.04.07-14.12.42:002][  0]LogShaderCompilers: Cannot use XGE Shader Compiler as Incredibuild is not installed on this machine.
[2022.04.07-14.12.42:002][  0]LogShaderCompilers: Display: Using Local Shader Compiler.
[2022.04.07-14.12.42:625][  0]LogDerivedDataCache: Display: Max Cache Size: 512 MB
[2022.04.07-14.12.42:674][  0]LogDerivedDataCache: Loaded boot cache 0.05s 94MB C:/Users/Pablo/AppData/Local/UnrealEngine/4.27/DerivedDataCache/Boot.ddc.
[2022.04.07-14.12.42:674][  0]LogDerivedDataCache: Display: Loaded Boot cache: C:/Users/Pablo/AppData/Local/UnrealEngine/4.27/DerivedDataCache/Boot.ddc
[2022.04.07-14.12.42:674][  0]LogDerivedDataCache: FDerivedDataBackendGraph:  Pak pak cache file ../../../../../CppCourseBasic/FirstProject/DerivedDataCache/DDC.ddp not found, will not use a pak cache.
[2022.04.07-14.12.42:674][  0]LogDerivedDataCache: Unable to find inner node Pak for hierarchical cache Hierarchy.
[2022.04.07-14.12.42:674][  0]LogDerivedDataCache: FDerivedDataBackendGraph:  CompressedPak pak cache file ../../../../../CppCourseBasic/FirstProject/DerivedDataCache/Compressed.ddp not found, will not use a pak cache.
[2022.04.07-14.12.42:674][  0]LogDerivedDataCache: Unable to find inner node CompressedPak for hierarchical cache Hierarchy.
[2022.04.07-14.12.42:688][  0]LogDerivedDataCache: Display: Pak cache opened for reading ../../../Engine/DerivedDataCache/Compressed.ddp.
[2022.04.07-14.12.42:688][  0]LogDerivedDataCache: FDerivedDataBackendGraph:  EnterprisePak pak cache file ../../../Enterprise/DerivedDataCache/Compressed.ddp not found, will not use a pak cache.
[2022.04.07-14.12.42:688][  0]LogDerivedDataCache: Unable to find inner node EnterprisePak for hierarchical cache Hierarchy.
[2022.04.07-14.12.42:693][  0]LogDerivedDataCache: Speed tests for C:/Users/Pablo/AppData/Local/UnrealEngine/Common/DerivedDataCache took 0.00 seconds
[2022.04.07-14.12.42:693][  0]LogDerivedDataCache: Display: Performance to C:/Users/Pablo/AppData/Local/UnrealEngine/Common/DerivedDataCache: Latency=0.03ms. RandomReadSpeed=995.81MBs, RandomWriteSpeed=264.99MBs. Assigned SpeedClass 'Local'
[2022.04.07-14.12.42:694][  0]LogDerivedDataCache: Using Local data cache path C:/Users/Pablo/AppData/Local/UnrealEngine/Common/DerivedDataCache: Writable
[2022.04.07-14.12.42:694][  0]LogDerivedDataCache: Shared data cache path not found in *engine.ini, will not use an Shared cache.
[2022.04.07-14.12.42:694][  0]LogDerivedDataCache: Unable to find inner node Shared for hierarchical cache Hierarchy.
[2022.04.07-14.12.42:731][  0]LogSlate: Using FreeType 2.10.0
[2022.04.07-14.12.42:732][  0]LogSlate: SlateFontServices - WITH_FREETYPE: 1, WITH_HARFBUZZ: 1
[2022.04.07-14.12.42:753][  0]LogAssetRegistry: FAssetRegistry took 0.0023 seconds to start up
[2022.04.07-14.12.42:949][  0]LogInit: Selected Device Profile: [Windows]
[2022.04.07-14.12.42:951][  0]LogInit: Active device profile: [000001FABBC04C00][000001FAB69AD700 49] Windows
[2022.04.07-14.12.42:951][  0]LogInit: Profiles: [000001FABBC04C00][000001FAB69AD700 49] Windows, [000001FABBBCE200][000001FABAA99880 49] WindowsNoEditor, [000001FABBC05A00][000001FABAA9DA00 49] WindowsServer, [000001FABBBCEF00][000001FAB8657B80 49] WindowsClient, [000001FABBC06600][000001FAB865A180 49] IOS, [000001FABBBCCE00][000001FAB865E300 49] iPadAir, [000001FABBC04A00][000001FAB8662480 49] iPadAir2, [000001FABBB80E00][000001FAB86666C0 49] IPadPro, [000001FABBB80F00][000001FABAA94700 49] iPadAir3, [000001FABBBCE300][000001FAB866A840 49] iPadAir4, [000001FABBB83400][000001FAB866E980 49] iPadMini2, [000001FABBBCD600][000001FAB8676B00 49] iPadMini3, [000001FABBB83A00][000001FAB867AC80 49] iPadMini4, [000001FABBBCF300][000001FAB867EE00 49] iPadMini5, [000001FABBBB8800][000001FAB41E90C0 49] iPhone6, [000001FABBBB8900][000001FAB8683100 49] iPodTouch6, [000001FABBC07000][000001FAB41F13C0 49] iPhone7, [000001FABBC07100][000001FAB41ED400 49] iPodTouch7, [000001FABBB83500][000001FAB41F5580 49] iPhone5S, [000001FABBB80600][000001FAB41F9700 49] iPhone6Plus, [000001FABBBBA800][000001FAB41FD880 49] iPhone6S, [000001FABBB81400][000001FAB4201A00 49] iPhone6SPlus, [000001FABBBBA600][000001FAB4205B80 49] iPhone7Plus, [000001FABBB83D00][000001FAB4208180 49] iPhoneSE, [000001FABBBBA500][000001FAB420C300 49] iPhone8, [000001FABBB81800][000001FAB4210480 49] iPhone8Plus, [000001FABBC06A00][000001FAB4214600 49] iPhoneX, [000001FABBB82800][000001FAB8672740 49] iPhoneXS, [000001FABBC06D00][000001FAB4218880 49] iPhoneXSMax, [000001FABBB80D00][000001FAB85589C0 49] iPhoneXR, [000001FABBC05900][000001FAB855CB00 49] iPhone11, [000001FABBB82700][000001FAB8564C80 49] iPhone11Pro, [000001FABBC04E00][000001FAB8568E00 49] iPhone11ProMax, [000001FABBB80400][000001FAB856CF80 49] iPhoneSE2, [000001FABBC04400][000001FAB8571100 49] iPhone12Mini, [000001FABBB80A00][000001FAB8575280 49] iPhone12, [000001FABBC07C00][000001FAB8579400 49] iPhone12Pro, [000001FABBB81600][000001FAB857D580 49] iPhone12ProMax, [000001FABBC06000][000001FAB8581700 49] iPadPro105, [000001FABBB82500][000001FAB8585880 49] iPadPro129, [000001FABBC04600][000001FAB8589A00 49] iPadPro97, [000001FABBB83900][000001FABA7F1B80 49] iPadPro2_129, [000001FABBC07E00][000001FABA7F4180 49] iPad5, [000001FABBB81100][000001FABA7F8300 49] iPad6, [000001FABBC07600][000001FABA7FC480 49] iPad7, [000001FABBB83700][000001FABA800600 49] iPad8, [000001FABBC06400][000001FABA804780 49] iPadPro11, [000001FABBB80500][000001FABA808900 49] iPadPro2_11, [000001FABBC06E00][000001FAB8560A40 49] iPadPro3_129, [000001FABBB82C00][000001FABA80CB80 49] iPadPro4_129, [000001FABBC05700][000001FABA810CC0 49] AppleTV, [000001FABBB81C00][000001FABA818E40 49] AppleTV4K, [000001FABBC06500][000001FABA81CFC0 49] TVOS, [000001FABBB81F00][000001FABA821140 49] Mac, [000001FABBC04F00][000001FABA8252C0 49] MacClient, [000001FABBB81200][000001FABA829440 49] MacNoEditor, [000001FABBC04700][000001FABA82D5C0 49] MacServer, [000001FABBB81500][000001FABA831740 49] Linux, [000001FABBC07B00][000001FABA8358C0 49] LinuxAArch64, [000001FABBB80200][000001FABA839A40 49] LinuxNoEditor, [000001FABBC04200][000001FABA83DBC0 49] LinuxAArch64NoEditor, [000001FABBB83800][000001FABA8401C0 49] LinuxClient, [000001FABBC07300][000001FABA844340 49] LinuxAArch64Client, [000001FABBB82200][000001FABA8484C0 49] LinuxServer, [000001FABBC06200][000001FABA84C640 49] LinuxAArch64Server, [000001FABBB82A00][000001FABA8507C0 49] Android, [000001FABBC07F00][000001FABA854940 49] Android_Low, [000001FABBB80C00][000001FABA858AC0 49] Android_Mid, [000001FABBC05C00][000001FABA814C00 49] Android_High, [000001FABBB82900][000001FABA85CD40 49] Android_Default, [000001FABBC05600][000001FABCAB0E80 49] Android_Adreno4xx, [000001FABBB81900][000001FABCAB4FC0 49] Android_Adreno5xx_Low, [000001FABBC05300][000001FABCABD140 49] Android_Adreno5xx, [000001FABBBBB800][000001FABCAC12C0 49] Android_Adreno6xx, [000001FABBBCD500][000001FABCAC5440 49] Android_Adreno6xx_Vulkan, [000001FABBBB9E00][000001FABCAC95C0 49] Android_Mali_T6xx, [000001FABBBCD200][000001FABCACD740 49] Android_Mali_T7xx, [000001FABBBB9400][000001FABCAD18C0 49] Android_Mali_T8xx, [000001FABBBCD800][000001FABCAD5A40 49] Android_Mali_G71, [000001FABBBB8C00][000001FABCAD9BC0 49] Android_Mali_G72, [000001FABBBCEB00][000001FABCADC1C0 49] Android_Mali_G72_Vulkan, [000001FABBBB8400][000001FABCAE0340 49] Android_Mali_G76, [000001FABBBCCB00][000001FABCAE44C0 49] Android_Mali_G76_Vulkan, [000001FABBBBB400][000001FABCAE8640 49] Android_Mali_G77, [000001FABBBCE700][000001FABCAEC7C0 49] Android_Mali_G77_Vulkan, [000001FABBBBA400][000001FABCAF0940 49] Android_Mali_G78, [000001FABBBCEE00][000001FABCAF4AC0 49] Android_Mali_G78_Vulkan, [000001FABBBBB600][000001FABCAF8C40 49] Android_Mali_G710, [000001FABBBCCF00][000001FABCAB8D80 49] Android_Mali_G710_Vulkan, [000001FABBBBA900][000001FABCAFCEC0 49] Android_Vulkan_SM5, [000001FABBBCFE00][000001FABCB01000 49] Android_PowerVR_G6xxx, [000001FABBBB9500][000001FABCB05140 49] Android_PowerVR_GT7xxx, [000001FABBBCE800][000001FABCB0D2C0 49] Android_PowerVR_GE8xxx, [000001FABBBB9D00][000001FABCB11440 49] Android_PowerVR_GM9xxx, [000001FABBBCCD00][000001FABCB155C0 49] Android_PowerVR_GM9xxx_Vulkan, [000001FABBBB8F00][000001FABCB19740 49] Android_TegraK1, [000001FABBBCED00][000001FABCB1D8C0 49] Android_Unknown_Vulkan, [000001FABBBBB200][000001FABCB21A40 49] Lumin, [000001FABBBCF500][000001FABCB25BC0 49] Lumin_Desktop, [000001FABBBB9300][000001FABCB281C0 49] HoloLens, 
[2022.04.07-14.12.43:054][  0]LogMeshReduction: Using QuadricMeshReduction for automatic static mesh reduction
[2022.04.07-14.12.43:054][  0]LogMeshReduction: Using SimplygonMeshReduction for automatic skeletal mesh reduction
[2022.04.07-14.12.43:054][  0]LogMeshReduction: Using ProxyLODMeshReduction for automatic mesh merging
[2022.04.07-14.12.43:054][  0]LogMeshReduction: No distributed automatic mesh merging module available
[2022.04.07-14.12.43:054][  0]LogMeshMerging: No distributed automatic mesh merging module available
[2022.04.07-14.12.43:068][  0]LogNetVersion: FirstProject 1.0.0, NetCL: 17155196, EngineNetVer: 17, GameNetVer: 0 (Checksum: 1409045027)
[2022.04.07-14.12.43:378][  0]LogTexture: Default maximum texture size for cubemaps generated from long-lat sources has been changed from 512 to unlimited. In order to preserve old behaiour for '/Engine/MapTemplates/Sky/DaylightAmbientCubemap.DaylightAmbientCubemap', its maximum texture size has been explicitly set to 512.
[2022.04.07-14.12.43:423][  0]LogHMD: PokeAHoleMaterial loaded successfully
[2022.04.07-14.12.43:427][  0]LogUObjectArray: 17178 objects as part of root set at end of initial load.
[2022.04.07-14.12.43:427][  0]LogUObjectAllocator: 4302048 out of 0 bytes used by permanent object pool.
[2022.04.07-14.12.43:427][  0]LogUObjectArray: CloseDisregardForGC: 0/0 objects in disregard for GC pool
[2022.04.07-14.12.43:653][  0]LogNiagaraDebuggerClient: Niagara Debugger Client Initialized | Session: 3D83B1CE4A29F3B1F3932E9BC7497101 | Instance: 55EC0D5C458978885FA61281DD81F8CD (DESKTOP-PATULNA-19232).
[2022.04.07-14.12.43:682][  0]LogPython: Using Python 3.7.7
[2022.04.07-14.12.44:098][  0]LogTcpMessaging: Initializing TcpMessaging bridge
[2022.04.07-14.12.44:101][  0]LogUdpMessaging: Initializing bridge on interface 0.0.0.0:0 to multicast group 230.0.0.1:6666.
[2022.04.07-14.12.44:315][  0]SourceControl: Source control is disabled
[2022.04.07-14.12.44:316][  0]SourceControl: Source control is disabled
[2022.04.07-14.12.44:318][  0]SourceControl: Source control is disabled
[2022.04.07-14.12.44:323][  0]SourceControl: Source control is disabled
[2022.04.07-14.12.44:328][  0]SourceControl: Source control is disabled
[2022.04.07-14.12.44:333][  0]LogUProjectInfo: Found projects:
[2022.04.07-14.12.44:494][  0]LogOpenImageDenoise: OIDN starting up
[2022.04.07-14.12.44:536][  0]LogAndroidPermission: UAndroidPermissionCallbackProxy::GetInstance
[2022.04.07-14.12.44:556][  0]LogAudioCaptureCore: Display: No Audio Capture implementations found. Audio input will be silent.
[2022.04.07-14.12.44:556][  0]LogAudioCaptureCore: Display: No Audio Capture implementations found. Audio input will be silent.
[2022.04.07-14.12.44:651][  0]LogCollectionManager: Loaded 0 collections in 0.000565 seconds
[2022.04.07-14.12.44:670][  0]LogFileCache: Scanning file cache for directory 'E:/CppCourseBasic/FirstProject/Saved/Collections/' took 0.00s
[2022.04.07-14.12.44:671][  0]LogFileCache: Scanning file cache for directory 'E:/CppCourseBasic/FirstProject/Content/Developers/Pablo/Collections/' took 0.00s
[2022.04.07-14.12.44:671][  0]LogFileCache: Scanning file cache for directory 'E:/CppCourseBasic/FirstProject/Content/Collections/' took 0.00s
[2022.04.07-14.12.44:671][  0]LogOcInput: OculusInput pre-init called
[2022.04.07-14.12.44:868][  0]LogClass: Display: FloatProperty FCharacterStats::Health is not initialized properly. Module:FirstProject File:FirstSaveGame.h
[2022.04.07-14.12.44:868][  0]LogClass: Display: FloatProperty FCharacterStats::MaxHealth is not initialized properly. Module:FirstProject File:FirstSaveGame.h
[2022.04.07-14.12.44:868][  0]LogClass: Display: FloatProperty FCharacterStats::Stamina is not initialized properly. Module:FirstProject File:FirstSaveGame.h
[2022.04.07-14.12.44:869][  0]LogClass: Display: FloatProperty FCharacterStats::MaxStamina is not initialized properly. Module:FirstProject File:FirstSaveGame.h
[2022.04.07-14.12.44:869][  0]LogClass: Display: UInt32Property FCharacterStats::Coins is not initialized properly. Module:FirstProject File:FirstSaveGame.h
[2022.04.07-14.12.44:869][  0]LogClass: Display: StructProperty FCharacterStats::Location is not initialized properly. Module:FirstProject File:FirstSaveGame.h
[2022.04.07-14.12.44:869][  0]LogClass: Display: StructProperty FCharacterStats::Rotation is not initialized properly. Module:FirstProject File:FirstSaveGame.h
[2022.04.07-14.12.44:869][  0]LogClass: Display: 7 Uninitialized script struct members found including 0 object properties
[2022.04.07-14.12.44:870][  0]LogEngine: Initializing Engine...
[2022.04.07-14.12.44:872][  0]LogHMD: Failed to enumerate extensions. Please check that you have a valid OpenXR runtime installed.
[2022.04.07-14.12.44:872][  0]LogHMD: Failed to initialize OpenVR with code 110
[2022.04.07-14.12.44:872][  0]LogMagicLeap: Warning: VR disabled because ZI is not enabled.  To enable, in the editor, Edit -> Project Settings -> Plugins -> Magic Leap Plugin -> Enable Zero Iteration
[2022.04.07-14.12.44:873][  0]LogStats: UGameplayTagsManager::InitializeManager -  0.000 s
[2022.04.07-14.12.44:972][  0]LogInit: Initializing FReadOnlyCVARCache
[2022.04.07-14.12.44:979][  0]LogAIModule: Creating AISystem for world Untitled
[2022.04.07-14.12.44:990][  0]LogAudio: Display: Initializing Audio Device Manager...
[2022.04.07-14.12.44:993][  0]LogAudio: Display: Loading Default Audio Settings Objects...
[2022.04.07-14.12.44:993][  0]LogAudio: Display: No default SoundConcurrencyObject specified (or failed to load).
[2022.04.07-14.12.44:993][  0]LogAudio: Display: Audio Device Manager Initialized
[2022.04.07-14.12.44:993][  0]LogAudio: Display: Creating Audio Device:                 Id: 1, Scope: Shared, Realtime: True
[2022.04.07-14.12.44:994][  0]LogAudioMixer: Display: Audio Mixer Platform Settings:
[2022.04.07-14.12.44:994][  0]LogAudioMixer: Display: 	Sample Rate:						  48000
[2022.04.07-14.12.44:994][  0]LogAudioMixer: Display: 	Callback Buffer Frame Size Requested: 1024
[2022.04.07-14.12.44:994][  0]LogAudioMixer: Display: 	Callback Buffer Frame Size To Use:	  1024
[2022.04.07-14.12.44:994][  0]LogAudioMixer: Display: 	Number of buffers to queue:			  2
[2022.04.07-14.12.44:994][  0]LogAudioMixer: Display: 	Max Channels (voices):				  32
[2022.04.07-14.12.44:994][  0]LogAudioMixer: Display: 	Number of Async Source Workers:		  0
[2022.04.07-14.12.44:994][  0]LogAudio: Display: AudioDevice MaxSources: 32
[2022.04.07-14.12.44:994][  0]LogAudio: Display: Audio Spatialization Plugin: None (built-in).
[2022.04.07-14.12.44:994][  0]LogAudio: Display: Audio Reverb Plugin: None (built-in).
[2022.04.07-14.12.44:994][  0]LogAudio: Display: Audio Occlusion Plugin: None (built-in).
[2022.04.07-14.12.44:994][  0]LogAudioMixer: Display: Initializing audio mixer.
[2022.04.07-14.12.45:006][  0]LogAudioMixer: Display: 0: FrontLeft
[2022.04.07-14.12.45:006][  0]LogAudioMixer: Display: 1: FrontRight
[2022.04.07-14.12.45:020][  0]LogAudioMixer: Display: Using Audio Device Altavoces (Realtek High Definition Audio)
[2022.04.07-14.12.45:024][  0]LogAudioMixer: Display: Initializing Sound Submixes...
[2022.04.07-14.12.45:026][  0]LogAudioMixer: Display: Creating Master Submix 'MasterSubmixDefault'
[2022.04.07-14.12.45:026][  0]LogAudioMixer: Display: Creating Master Submix 'MasterReverbSubmixDefault'
[2022.04.07-14.12.45:026][  0]LogAudioMixer: Display: Creating Master Submix 'MasterEQSubmixDefault'
[2022.04.07-14.12.45:026][  0]LogAudioMixer: FMixerPlatformXAudio2::StartAudioStream() called
[2022.04.07-14.12.45:026][  0]LogAudioMixer: Display: Output buffers initialized: Frames=1024, Channels=2, Samples=2048
[2022.04.07-14.12.45:027][  0]LogAudioMixer: Display: Starting AudioMixerPlatformInterface::RunInternal()
[2022.04.07-14.12.45:027][  0]LogAudioMixer: Display: FMixerPlatformXAudio2::SubmitBuffer() called for the first time
[2022.04.07-14.12.45:027][  0]LogInit: FAudioDevice initialized.
[2022.04.07-14.12.45:028][  0]LogAudio: Display: Audio Device (ID: 1) registered with world 'Untitled'.
[2022.04.07-14.12.45:028][  0]LogNetVersion: Set ProjectVersion to 1.0.0.0. Version Checksum will be recalculated on next use.
[2022.04.07-14.12.45:101][  0]LogDerivedDataCache: Saved boot cache 0.07s 94MB C:/Users/Pablo/AppData/Local/UnrealEngine/4.27/DerivedDataCache/Boot.ddc.
[2022.04.07-14.12.45:104][  0]LogInit: Texture streaming: Enabled
[2022.04.07-14.12.45:114][  0]LogAnalytics: Display: [UEEditor.Rocket.Release] APIServer = https://datarouter.ol.epicgames.com/. AppVersion = 4.27.2-18319896+++UE4+Release-4.27
[2022.04.07-14.12.45:119][  0]LogEngineSessionManager: EngineSessionManager initialized
[2022.04.07-14.12.45:119][  0]LogEditorSessionSummary: Verbose: Initializing EditorSessionSummaryWriter for editor session tracking
[2022.04.07-14.12.45:130][  0]LogEditorSessionSummary: EditorSessionSummaryWriter initialized
[2022.04.07-14.12.45:152][  0]LogInit: Transaction tracking system initialized
[2022.04.07-14.12.45:170][  0]BlueprintLog: New page: Editor Load
[2022.04.07-14.12.45:217][  0]LocalizationService: Localization service is disabled
[2022.04.07-14.12.45:235][  0]TimingProfiler: Initialize
[2022.04.07-14.12.45:235][  0]TimingProfiler: OnSessionChanged
[2022.04.07-14.12.45:235][  0]LoadingProfiler: Initialize
[2022.04.07-14.12.45:235][  0]LoadingProfiler: OnSessionChanged
[2022.04.07-14.12.45:235][  0]NetworkingProfiler: Initialize
[2022.04.07-14.12.45:236][  0]NetworkingProfiler: OnSessionChanged
[2022.04.07-14.12.45:236][  0]MemoryProfiler: Initialize
[2022.04.07-14.12.45:236][  0]MemoryProfiler: OnSessionChanged
[2022.04.07-14.12.45:339][  0]LogCook: Display: CookSettings for Memory: MemoryMaxUsedVirtual 0MiB, MemoryMaxUsedPhysical 16384MiB, MemoryMinFreeVirtual 0MiB, MemoryMinFreePhysical 1024MiB
[2022.04.07-14.12.45:339][  0]LogCook: Display: Mobile HDR setting 1
[2022.04.07-14.12.45:487][  0]LogFileCache: Scanning file cache for directory 'E:/CppCourseBasic/FirstProject/Content/' took 0.04s
[2022.04.07-14.12.45:653][  0]LogInit: Display: Engine is initialized. Leaving FEngineLoop::Init()
[2022.04.07-14.12.45:659][  0]SourceControl: Source control is disabled
[2022.04.07-14.12.45:659][  0]LogUnrealEdMisc: Loading editor; pre map load, took 5.494
[2022.04.07-14.12.45:659][  0]Cmd: MAP LOAD FILE="../../../../../CppCourseBasic/FirstProject/Content/Maps/SunTemple.umap" TEMPLATE=0 SHOWPROGRESS=1 FEATURELEVEL=3
[2022.04.07-14.12.45:660][  0]LightingResults: New page: Lighting Build
[2022.04.07-14.12.45:661][  0]LogWorld: UWorld::CleanupWorld for Untitled, bSessionEnded=true, bCleanupResources=true
[2022.04.07-14.12.45:661][  0]LogSlate: InvalidateAllWidgets triggered.  All widgets were invalidated
[2022.04.07-14.12.45:661][  0]MapCheck: New page: Map Check
[2022.04.07-14.12.45:661][  0]LightingResults: New page: Lighting Build
[2022.04.07-14.12.45:665][  0]LogAudio: Display: Audio Device unregistered from world 'None'.
[2022.04.07-14.12.45:667][  0]LogUObjectHash: Compacting FUObjectHashTables data took   0.62ms
[2022.04.07-14.12.46:112][  0]LogTexture: Default maximum texture size for cubemaps generated from long-lat sources has been changed from 512 to unlimited. In order to preserve old behaiour for '/Game/Assets/Textures/Sky54a2048.Sky54a2048', its maximum texture size has been explicitly set to 512.
[2022.04.07-14.12.46:591][  0]LogAudio: Display: Audio Device (ID: 1) registered with world 'SunTemple'.
[2022.04.07-14.12.46:591][  0]LogAIModule: Creating AISystem for world SunTemple
[2022.04.07-14.12.46:616][  0]LogEditorServer: Finished looking for orphan Actors (0.000 secs)
[2022.04.07-14.12.46:641][  0]LogUObjectHash: Compacting FUObjectHashTables data took   1.44ms
[2022.04.07-14.12.46:642][  0]Cmd: MAP CHECKDEP NOCLEARLOG
[2022.04.07-14.12.46:643][  0]MapCheck: Map check complete: 0 Error(s), 0 Warning(s), took 0.175ms to complete.
[2022.04.07-14.12.46:643][  0]LogFileHelpers: Loading map 'SunTemple' took 0.983
[2022.04.07-14.12.46:646][  0]LogUnrealEdMisc: Total Editor Startup Time, took 6.480
[2022.04.07-14.12.46:784][  0]LogSlate: Updating window title bar state: overlay mode, drag disabled, window buttons hidden, title bar hidden
[2022.04.07-14.12.46:789][  0]LogSlate: Updating window title bar state: overlay mode, drag disabled, window buttons hidden, title bar hidden
[2022.04.07-14.12.46:794][  0]LogSlate: Updating window title bar state: overlay mode, drag disabled, window buttons hidden, title bar hidden
[2022.04.07-14.12.46:800][  0]LogSlate: Updating window title bar state: overlay mode, drag disabled, window buttons hidden, title bar hidden
[2022.04.07-14.12.46:816][  0]LogNativeClassHierarchy: Verbose: Native class hierarchy populated in 0.0081 seconds. Added 3842 classes and 931 folders.
[2022.04.07-14.12.46:818][  0]LogNativeClassHierarchy: Verbose: Native class hierarchy updated for 'WidgetCarousel' in 0.0002 seconds. Added 0 classes and 0 folders.
[2022.04.07-14.12.46:819][  0]LogPakFile: PakFile PrimaryIndexSize=187
[2022.04.07-14.12.46:819][  0]LogPakFile: PakFile PathHashIndexSize=101
[2022.04.07-14.12.46:819][  0]LogPakFile: PakFile FullDirectoryIndexSize=148
[2022.04.07-14.12.46:819][  0]LogShaderLibrary: Display: ShaderCodeLibraryPakFileMountedCallback: PakFile 'E:/Unreal/UE_4.27/FeaturePacks/FP_FirstPerson.upack' (chunk index -1, root 'root:/') mounted
[2022.04.07-14.12.46:819][  0]LogShaderLibrary: Display: ShaderCodeLibraryPakFileMountedCallback: pending pak file info (ChunkID:-1 Root:root:/ File:E:/Unreal/UE_4.27/FeaturePacks/FP_FirstPerson.upack)
[2022.04.07-14.12.46:819][  0]LogPakFile: OnPakFileMounted2Time == 0.000060
[2022.04.07-14.12.46:820][  0]LogPakFile: PakFile PrimaryIndexSize=189
[2022.04.07-14.12.46:820][  0]LogPakFile: PakFile PathHashIndexSize=101
[2022.04.07-14.12.46:820][  0]LogPakFile: PakFile FullDirectoryIndexSize=152
[2022.04.07-14.12.46:820][  0]LogShaderLibrary: Display: ShaderCodeLibraryPakFileMountedCallback: PakFile 'E:/Unreal/UE_4.27/FeaturePacks/FP_FirstPersonBP.upack' (chunk index -1, root 'root:/') mounted
[2022.04.07-14.12.46:820][  0]LogShaderLibrary: Display: ShaderCodeLibraryPakFileMountedCallback: pending pak file info (ChunkID:-1 Root:root:/ File:E:/Unreal/UE_4.27/FeaturePacks/FP_FirstPersonBP.upack)
[2022.04.07-14.12.46:820][  0]LogPakFile: OnPakFileMounted2Time == 0.000043
[2022.04.07-14.12.46:820][  0]LogPakFile: PakFile PrimaryIndexSize=191
[2022.04.07-14.12.46:820][  0]LogPakFile: PakFile PathHashIndexSize=101
[2022.04.07-14.12.46:820][  0]LogPakFile: PakFile FullDirectoryIndexSize=160
[2022.04.07-14.12.46:820][  0]LogShaderLibrary: Display: ShaderCodeLibraryPakFileMountedCallback: PakFile 'E:/Unreal/UE_4.27/FeaturePacks/MobileStarterContent.upack' (chunk index -1, root 'root:/') mounted
[2022.04.07-14.12.46:820][  0]LogShaderLibrary: Display: ShaderCodeLibraryPakFileMountedCallback: pending pak file info (ChunkID:-1 Root:root:/ File:E:/Unreal/UE_4.27/FeaturePacks/MobileStarterContent.upack)
[2022.04.07-14.12.46:820][  0]LogPakFile: OnPakFileMounted2Time == 0.000039
[2022.04.07-14.12.46:821][  0]LogPakFile: PakFile PrimaryIndexSize=185
[2022.04.07-14.12.46:821][  0]LogPakFile: PakFile PathHashIndexSize=101
[2022.04.07-14.12.46:821][  0]LogPakFile: PakFile FullDirectoryIndexSize=148
[2022.04.07-14.12.46:821][  0]LogShaderLibrary: Display: ShaderCodeLibraryPakFileMountedCallback: PakFile 'E:/Unreal/UE_4.27/FeaturePacks/StarterContent.upack' (chunk index -1, root 'root:/') mounted
[2022.04.07-14.12.46:821][  0]LogShaderLibrary: Display: ShaderCodeLibraryPakFileMountedCallback: pending pak file info (ChunkID:-1 Root:root:/ File:E:/Unreal/UE_4.27/FeaturePacks/StarterContent.upack)
[2022.04.07-14.12.46:821][  0]LogPakFile: OnPakFileMounted2Time == 0.000061
[2022.04.07-14.12.46:822][  0]LogPakFile: PakFile PrimaryIndexSize=190
[2022.04.07-14.12.46:822][  0]LogPakFile: PakFile PathHashIndexSize=101
[2022.04.07-14.12.46:822][  0]LogPakFile: PakFile FullDirectoryIndexSize=154
[2022.04.07-14.12.46:822][  0]LogShaderLibrary: Display: ShaderCodeLibraryPakFileMountedCallback: PakFile 'E:/Unreal/UE_4.27/FeaturePacks/TP_2DSideScroller.upack' (chunk index -1, root 'root:/') mounted
[2022.04.07-14.12.46:822][  0]LogShaderLibrary: Display: ShaderCodeLibraryPakFileMountedCallback: pending pak file info (ChunkID:-1 Root:root:/ File:E:/Unreal/UE_4.27/FeaturePacks/TP_2DSideScroller.upack)
[2022.04.07-14.12.46:822][  0]LogPakFile: OnPakFileMounted2Time == 0.000058
[2022.04.07-14.12.46:822][  0]LogPakFile: PakFile PrimaryIndexSize=192
[2022.04.07-14.12.46:822][  0]LogPakFile: PakFile PathHashIndexSize=101
[2022.04.07-14.12.46:822][  0]LogPakFile: PakFile FullDirectoryIndexSize=158
[2022.04.07-14.12.46:822][  0]LogShaderLibrary: Display: ShaderCodeLibraryPakFileMountedCallback: PakFile 'E:/Unreal/UE_4.27/FeaturePacks/TP_2DSideScrollerBP.upack' (chunk index -1, root 'root:/') mounted
[2022.04.07-14.12.46:822][  0]LogShaderLibrary: Display: ShaderCodeLibraryPakFileMountedCallback: pending pak file info (ChunkID:-1 Root:root:/ File:E:/Unreal/UE_4.27/FeaturePacks/TP_2DSideScrollerBP.upack)
[2022.04.07-14.12.46:822][  0]LogPakFile: OnPakFileMounted2Time == 0.000057
[2022.04.07-14.12.46:823][  0]LogPakFile: PakFile PrimaryIndexSize=182
[2022.04.07-14.12.46:823][  0]LogPakFile: PakFile PathHashIndexSize=101
[2022.04.07-14.12.46:823][  0]LogPakFile: PakFile FullDirectoryIndexSize=138
[2022.04.07-14.12.46:823][  0]LogShaderLibrary: Display: ShaderCodeLibraryPakFileMountedCallback: PakFile 'E:/Unreal/UE_4.27/FeaturePacks/TP_Flying.upack' (chunk index -1, root 'root:/') mounted
[2022.04.07-14.12.46:823][  0]LogShaderLibrary: Display: ShaderCodeLibraryPakFileMountedCallback: pending pak file info (ChunkID:-1 Root:root:/ File:E:/Unreal/UE_4.27/FeaturePacks/TP_Flying.upack)
[2022.04.07-14.12.46:823][  0]LogPakFile: OnPakFileMounted2Time == 0.000039
[2022.04.07-14.12.46:824][  0]LogPakFile: PakFile PrimaryIndexSize=184
[2022.04.07-14.12.46:824][  0]LogPakFile: PakFile PathHashIndexSize=101
[2022.04.07-14.12.46:824][  0]LogPakFile: PakFile FullDirectoryIndexSize=142
[2022.04.07-14.12.46:824][  0]LogShaderLibrary: Display: ShaderCodeLibraryPakFileMountedCallback: PakFile 'E:/Unreal/UE_4.27/FeaturePacks/TP_FlyingBP.upack' (chunk index -1, root 'root:/') mounted
[2022.04.07-14.12.46:824][  0]LogShaderLibrary: Display: ShaderCodeLibraryPakFileMountedCallback: pending pak file info (ChunkID:-1 Root:root:/ File:E:/Unreal/UE_4.27/FeaturePacks/TP_FlyingBP.upack)
[2022.04.07-14.12.46:824][  0]LogPakFile: OnPakFileMounted2Time == 0.000039
[2022.04.07-14.12.46:824][  0]LogPakFile: PakFile PrimaryIndexSize=188
[2022.04.07-14.12.46:824][  0]LogPakFile: PakFile PathHashIndexSize=101
[2022.04.07-14.12.46:824][  0]LogPakFile: PakFile FullDirectoryIndexSize=150
[2022.04.07-14.12.46:824][  0]LogShaderLibrary: Display: ShaderCodeLibraryPakFileMountedCallback: PakFile 'E:/Unreal/UE_4.27/FeaturePacks/TP_HandheldARBP.upack' (chunk index -1, root 'root:/') mounted
[2022.04.07-14.12.46:824][  0]LogShaderLibrary: Display: ShaderCodeLibraryPakFileMountedCallback: pending pak file info (ChunkID:-1 Root:root:/ File:E:/Unreal/UE_4.27/FeaturePacks/TP_HandheldARBP.upack)
[2022.04.07-14.12.46:824][  0]LogPakFile: OnPakFileMounted2Time == 0.000039
[2022.04.07-14.12.46:825][  0]LogPakFile: PakFile PrimaryIndexSize=182
[2022.04.07-14.12.46:825][  0]LogPakFile: PakFile PathHashIndexSize=101
[2022.04.07-14.12.46:825][  0]LogPakFile: PakFile FullDirectoryIndexSize=138
[2022.04.07-14.12.46:825][  0]LogShaderLibrary: Display: ShaderCodeLibraryPakFileMountedCallback: PakFile 'E:/Unreal/UE_4.27/FeaturePacks/TP_Puzzle.upack' (chunk index -1, root 'root:/') mounted
[2022.04.07-14.12.46:825][  0]LogShaderLibrary: Display: ShaderCodeLibraryPakFileMountedCallback: pending pak file info (ChunkID:-1 Root:root:/ File:E:/Unreal/UE_4.27/FeaturePacks/TP_Puzzle.upack)
[2022.04.07-14.12.46:825][  0]LogPakFile: OnPakFileMounted2Time == 0.000039
[2022.04.07-14.12.46:825][  0]LogPakFile: PakFile PrimaryIndexSize=184
[2022.04.07-14.12.46:825][  0]LogPakFile: PakFile PathHashIndexSize=101
[2022.04.07-14.12.46:825][  0]LogPakFile: PakFile FullDirectoryIndexSize=142
[2022.04.07-14.12.46:825][  0]LogShaderLibrary: Display: ShaderCodeLibraryPakFileMountedCallback: PakFile 'E:/Unreal/UE_4.27/FeaturePacks/TP_PuzzleBP.upack' (chunk index -1, root 'root:/') mounted
[2022.04.07-14.12.46:825][  0]LogShaderLibrary: Display: ShaderCodeLibraryPakFileMountedCallback: pending pak file info (ChunkID:-1 Root:root:/ File:E:/Unreal/UE_4.27/FeaturePacks/TP_PuzzleBP.upack)
[2022.04.07-14.12.46:826][  0]LogPakFile: OnPakFileMounted2Time == 0.000041
[2022.04.07-14.12.46:826][  0]LogPakFile: PakFile PrimaryIndexSize=183
[2022.04.07-14.12.46:826][  0]LogPakFile: PakFile PathHashIndexSize=101
[2022.04.07-14.12.46:826][  0]LogPakFile: PakFile FullDirectoryIndexSize=140
[2022.04.07-14.12.46:826][  0]LogShaderLibrary: Display: ShaderCodeLibraryPakFileMountedCallback: PakFile 'E:/Unreal/UE_4.27/FeaturePacks/TP_Rolling.upack' (chunk index -1, root 'root:/') mounted
[2022.04.07-14.12.46:826][  0]LogShaderLibrary: Display: ShaderCodeLibraryPakFileMountedCallback: pending pak file info (ChunkID:-1 Root:root:/ File:E:/Unreal/UE_4.27/FeaturePacks/TP_Rolling.upack)
[2022.04.07-14.12.46:826][  0]LogPakFile: OnPakFileMounted2Time == 0.000039
[2022.04.07-14.12.46:827][  0]LogPakFile: PakFile PrimaryIndexSize=185
[2022.04.07-14.12.46:827][  0]LogPakFile: PakFile PathHashIndexSize=101
[2022.04.07-14.12.46:827][  0]LogPakFile: PakFile FullDirectoryIndexSize=144
[2022.04.07-14.12.46:827][  0]LogShaderLibrary: Display: ShaderCodeLibraryPakFileMountedCallback: PakFile 'E:/Unreal/UE_4.27/FeaturePacks/TP_RollingBP.upack' (chunk index -1, root 'root:/') mounted
[2022.04.07-14.12.46:827][  0]LogShaderLibrary: Display: ShaderCodeLibraryPakFileMountedCallback: pending pak file info (ChunkID:-1 Root:root:/ File:E:/Unreal/UE_4.27/FeaturePacks/TP_RollingBP.upack)
[2022.04.07-14.12.46:827][  0]LogPakFile: OnPakFileMounted2Time == 0.000058
[2022.04.07-14.12.46:827][  0]LogPakFile: PakFile PrimaryIndexSize=188
[2022.04.07-14.12.46:827][  0]LogPakFile: PakFile PathHashIndexSize=101
[2022.04.07-14.12.46:827][  0]LogPakFile: PakFile FullDirectoryIndexSize=150
[2022.04.07-14.12.46:827][  0]LogShaderLibrary: Display: ShaderCodeLibraryPakFileMountedCallback: PakFile 'E:/Unreal/UE_4.27/FeaturePacks/TP_SideScroller.upack' (chunk index -1, root 'root:/') mounted
[2022.04.07-14.12.46:827][  0]LogShaderLibrary: Display: ShaderCodeLibraryPakFileMountedCallback: pending pak file info (ChunkID:-1 Root:root:/ File:E:/Unreal/UE_4.27/FeaturePacks/TP_SideScroller.upack)
[2022.04.07-14.12.46:827][  0]LogPakFile: OnPakFileMounted2Time == 0.000041
[2022.04.07-14.12.46:828][  0]LogPakFile: PakFile PrimaryIndexSize=190
[2022.04.07-14.12.46:828][  0]LogPakFile: PakFile PathHashIndexSize=101
[2022.04.07-14.12.46:828][  0]LogPakFile: PakFile FullDirectoryIndexSize=154
[2022.04.07-14.12.46:828][  0]LogShaderLibrary: Display: ShaderCodeLibraryPakFileMountedCallback: PakFile 'E:/Unreal/UE_4.27/FeaturePacks/TP_SideScrollerBP.upack' (chunk index -1, root 'root:/') mounted
[2022.04.07-14.12.46:828][  0]LogShaderLibrary: Display: ShaderCodeLibraryPakFileMountedCallback: pending pak file info (ChunkID:-1 Root:root:/ File:E:/Unreal/UE_4.27/FeaturePacks/TP_SideScrollerBP.upack)
[2022.04.07-14.12.46:828][  0]LogPakFile: OnPakFileMounted2Time == 0.000040
[2022.04.07-14.12.46:828][  0]LogPakFile: PakFile PrimaryIndexSize=187
[2022.04.07-14.12.46:829][  0]LogPakFile: PakFile PathHashIndexSize=101
[2022.04.07-14.12.46:829][  0]LogPakFile: PakFile FullDirectoryIndexSize=148
[2022.04.07-14.12.46:829][  0]LogShaderLibrary: Display: ShaderCodeLibraryPakFileMountedCallback: PakFile 'E:/Unreal/UE_4.27/FeaturePacks/TP_ThirdPerson.upack' (chunk index -1, root 'root:/') mounted
[2022.04.07-14.12.46:829][  0]LogShaderLibrary: Display: ShaderCodeLibraryPakFileMountedCallback: pending pak file info (ChunkID:-1 Root:root:/ File:E:/Unreal/UE_4.27/FeaturePacks/TP_ThirdPerson.upack)
[2022.04.07-14.12.46:829][  0]LogPakFile: OnPakFileMounted2Time == 0.000041
[2022.04.07-14.12.46:829][  0]LogPakFile: PakFile PrimaryIndexSize=189
[2022.04.07-14.12.46:829][  0]LogPakFile: PakFile PathHashIndexSize=101
[2022.04.07-14.12.46:829][  0]LogPakFile: PakFile FullDirectoryIndexSize=152
[2022.04.07-14.12.46:829][  0]LogShaderLibrary: Display: ShaderCodeLibraryPakFileMountedCallback: PakFile 'E:/Unreal/UE_4.27/FeaturePacks/TP_ThirdPersonBP.upack' (chunk index -1, root 'root:/') mounted
[2022.04.07-14.12.46:829][  0]LogShaderLibrary: Display: ShaderCodeLibraryPakFileMountedCallback: pending pak file info (ChunkID:-1 Root:root:/ File:E:/Unreal/UE_4.27/FeaturePacks/TP_ThirdPersonBP.upack)
[2022.04.07-14.12.46:829][  0]LogPakFile: OnPakFileMounted2Time == 0.000039
[2022.04.07-14.12.46:830][  0]LogPakFile: PakFile PrimaryIndexSize=183
[2022.04.07-14.12.46:830][  0]LogPakFile: PakFile PathHashIndexSize=101
[2022.04.07-14.12.46:830][  0]LogPakFile: PakFile FullDirectoryIndexSize=140
[2022.04.07-14.12.46:830][  0]LogShaderLibrary: Display: ShaderCodeLibraryPakFileMountedCallback: PakFile 'E:/Unreal/UE_4.27/FeaturePacks/TP_TopDown.upack' (chunk index -1, root 'root:/') mounted
[2022.04.07-14.12.46:830][  0]LogShaderLibrary: Display: ShaderCodeLibraryPakFileMountedCallback: pending pak file info (ChunkID:-1 Root:root:/ File:E:/Unreal/UE_4.27/FeaturePacks/TP_TopDown.upack)
[2022.04.07-14.12.46:830][  0]LogPakFile: OnPakFileMounted2Time == 0.000045
[2022.04.07-14.12.46:830][  0]LogPakFile: PakFile PrimaryIndexSize=185
[2022.04.07-14.12.46:830][  0]LogPakFile: PakFile PathHashIndexSize=101
[2022.04.07-14.12.46:830][  0]LogPakFile: PakFile FullDirectoryIndexSize=144
[2022.04.07-14.12.46:830][  0]LogShaderLibrary: Display: ShaderCodeLibraryPakFileMountedCallback: PakFile 'E:/Unreal/UE_4.27/FeaturePacks/TP_TopDownBP.upack' (chunk index -1, root 'root:/') mounted
[2022.04.07-14.12.46:830][  0]LogShaderLibrary: Display: ShaderCodeLibraryPakFileMountedCallback: pending pak file info (ChunkID:-1 Root:root:/ File:E:/Unreal/UE_4.27/FeaturePacks/TP_TopDownBP.upack)
[2022.04.07-14.12.46:830][  0]LogPakFile: OnPakFileMounted2Time == 0.000040
[2022.04.07-14.12.46:831][  0]LogPakFile: PakFile PrimaryIndexSize=185
[2022.04.07-14.12.46:831][  0]LogPakFile: PakFile PathHashIndexSize=101
[2022.04.07-14.12.46:831][  0]LogPakFile: PakFile FullDirectoryIndexSize=144
[2022.04.07-14.12.46:831][  0]LogShaderLibrary: Display: ShaderCodeLibraryPakFileMountedCallback: PakFile 'E:/Unreal/UE_4.27/FeaturePacks/TP_TwinStick.upack' (chunk index -1, root 'root:/') mounted
[2022.04.07-14.12.46:831][  0]LogShaderLibrary: Display: ShaderCodeLibraryPakFileMountedCallback: pending pak file info (ChunkID:-1 Root:root:/ File:E:/Unreal/UE_4.27/FeaturePacks/TP_TwinStick.upack)
[2022.04.07-14.12.46:831][  0]LogPakFile: OnPakFileMounted2Time == 0.000040
[2022.04.07-14.12.46:831][  0]LogPakFile: PakFile PrimaryIndexSize=187
[2022.04.07-14.12.46:831][  0]LogPakFile: PakFile PathHashIndexSize=101
[2022.04.07-14.12.46:831][  0]LogPakFile: PakFile FullDirectoryIndexSize=148
[2022.04.07-14.12.46:832][  0]LogShaderLibrary: Display: ShaderCodeLibraryPakFileMountedCallback: PakFile 'E:/Unreal/UE_4.27/FeaturePacks/TP_TwinStickBP.upack' (chunk index -1, root 'root:/') mounted
[2022.04.07-14.12.46:832][  0]LogShaderLibrary: Display: ShaderCodeLibraryPakFileMountedCallback: pending pak file info (ChunkID:-1 Root:root:/ File:E:/Unreal/UE_4.27/FeaturePacks/TP_TwinStickBP.upack)
[2022.04.07-14.12.46:832][  0]LogPakFile: OnPakFileMounted2Time == 0.000042
[2022.04.07-14.12.46:832][  0]LogPakFile: PakFile PrimaryIndexSize=183
[2022.04.07-14.12.46:832][  0]LogPakFile: PakFile PathHashIndexSize=101
[2022.04.07-14.12.46:832][  0]LogPakFile: PakFile FullDirectoryIndexSize=140
[2022.04.07-14.12.46:832][  0]LogShaderLibrary: Display: ShaderCodeLibraryPakFileMountedCallback: PakFile 'E:/Unreal/UE_4.27/FeaturePacks/TP_Vehicle.upack' (chunk index -1, root 'root:/') mounted
[2022.04.07-14.12.46:832][  0]LogShaderLibrary: Display: ShaderCodeLibraryPakFileMountedCallback: pending pak file info (ChunkID:-1 Root:root:/ File:E:/Unreal/UE_4.27/FeaturePacks/TP_Vehicle.upack)
[2022.04.07-14.12.46:832][  0]LogPakFile: OnPakFileMounted2Time == 0.000043
[2022.04.07-14.12.46:833][  0]LogPakFile: PakFile PrimaryIndexSize=186
[2022.04.07-14.12.46:833][  0]LogPakFile: PakFile PathHashIndexSize=101
[2022.04.07-14.12.46:833][  0]LogPakFile: PakFile FullDirectoryIndexSize=146
[2022.04.07-14.12.46:833][  0]LogShaderLibrary: Display: ShaderCodeLibraryPakFileMountedCallback: PakFile 'E:/Unreal/UE_4.27/FeaturePacks/TP_VehicleAdv.upack' (chunk index -1, root 'root:/') mounted
[2022.04.07-14.12.46:833][  0]LogShaderLibrary: Display: ShaderCodeLibraryPakFileMountedCallback: pending pak file info (ChunkID:-1 Root:root:/ File:E:/Unreal/UE_4.27/FeaturePacks/TP_VehicleAdv.upack)
[2022.04.07-14.12.46:833][  0]LogPakFile: OnPakFileMounted2Time == 0.000042
[2022.04.07-14.12.46:834][  0]LogPakFile: PakFile PrimaryIndexSize=188
[2022.04.07-14.12.46:834][  0]LogPakFile: PakFile PathHashIndexSize=101
[2022.04.07-14.12.46:834][  0]LogPakFile: PakFile FullDirectoryIndexSize=150
[2022.04.07-14.12.46:834][  0]LogShaderLibrary: Display: ShaderCodeLibraryPakFileMountedCallback: PakFile 'E:/Unreal/UE_4.27/FeaturePacks/TP_VehicleAdvBP.upack' (chunk index -1, root 'root:/') mounted
[2022.04.07-14.12.46:834][  0]LogShaderLibrary: Display: ShaderCodeLibraryPakFileMountedCallback: pending pak file info (ChunkID:-1 Root:root:/ File:E:/Unreal/UE_4.27/FeaturePacks/TP_VehicleAdvBP.upack)
[2022.04.07-14.12.46:834][  0]LogPakFile: OnPakFileMounted2Time == 0.000040
[2022.04.07-14.12.46:834][  0]LogPakFile: PakFile PrimaryIndexSize=185
[2022.04.07-14.12.46:834][  0]LogPakFile: PakFile PathHashIndexSize=101
[2022.04.07-14.12.46:834][  0]LogPakFile: PakFile FullDirectoryIndexSize=144
[2022.04.07-14.12.46:834][  0]LogShaderLibrary: Display: ShaderCodeLibraryPakFileMountedCallback: PakFile 'E:/Unreal/UE_4.27/FeaturePacks/TP_VehicleBP.upack' (chunk index -1, root 'root:/') mounted
[2022.04.07-14.12.46:834][  0]LogShaderLibrary: Display: ShaderCodeLibraryPakFileMountedCallback: pending pak file info (ChunkID:-1 Root:root:/ File:E:/Unreal/UE_4.27/FeaturePacks/TP_VehicleBP.upack)
[2022.04.07-14.12.46:834][  0]LogPakFile: OnPakFileMounted2Time == 0.000039
[2022.04.07-14.12.46:835][  0]LogPakFile: PakFile PrimaryIndexSize=192
[2022.04.07-14.12.46:835][  0]LogPakFile: PakFile PathHashIndexSize=101
[2022.04.07-14.12.46:835][  0]LogPakFile: PakFile FullDirectoryIndexSize=158
[2022.04.07-14.12.46:835][  0]LogShaderLibrary: Display: ShaderCodeLibraryPakFileMountedCallback: PakFile 'E:/Unreal/UE_4.27/FeaturePacks/TP_VirtualRealityBP.upack' (chunk index -1, root 'root:/') mounted
[2022.04.07-14.12.46:835][  0]LogShaderLibrary: Display: ShaderCodeLibraryPakFileMountedCallback: pending pak file info (ChunkID:-1 Root:root:/ File:E:/Unreal/UE_4.27/FeaturePacks/TP_VirtualRealityBP.upack)
[2022.04.07-14.12.46:835][  0]LogPakFile: OnPakFileMounted2Time == 0.000044
[2022.04.07-14.12.46:869][  0]LogNativeClassHierarchy: Verbose: Native class hierarchy updated for 'AddContentDialog' in 0.0002 seconds. Added 0 classes and 0 folders.
[2022.04.07-14.12.46:873][  0]LogNativeClassHierarchy: Verbose: Native class hierarchy updated for 'SceneOutliner' in 0.0002 seconds. Added 2 classes and 0 folders.
[2022.04.07-14.12.47:015][  0]LogSlate: Took 0.000232 seconds to synchronously load lazily loaded font '../../../Engine/Content/Slate/Fonts/Roboto-Regular.ttf' (155K)
[2022.04.07-14.12.47:016][  0]LogSlate: Took 0.000151 seconds to synchronously load lazily loaded font '../../../Engine/Content/Editor/Slate/Fonts/FontAwesome.ttf' (139K)
[2022.04.07-14.12.47:018][  0]LogSlate: Took 0.000177 seconds to synchronously load lazily loaded font '../../../Engine/Content/Slate/Fonts/Roboto-Bold.ttf' (160K)
[2022.04.07-14.12.47:109][  0]LogRenderer: Reallocating scene render targets to support 1204x524 Format 10 NumSamples 1 (Frame:1).
[2022.04.07-14.12.47:154][  0]LogSlate: Took 0.000155 seconds to synchronously load lazily loaded font '../../../Engine/Content/Slate/Fonts/Roboto-Light.ttf' (167K)
[2022.04.07-14.12.47:208][  0]LogNativeClassHierarchy: Verbose: Native class hierarchy updated for 'HierarchicalLODOutliner' in 0.0002 seconds. Added 0 classes and 0 folders.
[2022.04.07-14.12.47:208][  0]LogLoad: (Engine Initialization) Total time: 7.04 seconds
[2022.04.07-14.12.47:208][  0]LogLoad: (Engine Initialization) Total Blueprint compile time: 0.00 seconds
[2022.04.07-14.12.47:286][  0]LogContentStreaming: Texture pool size now 1000 MB
[2022.04.07-14.12.47:326][  1]LogAssetRegistry: Asset discovery search completed in 4.5730 seconds
[2022.04.07-14.12.47:330][  1]LogCollectionManager: Fixed up redirectors for 0 collections in 0.000003 seconds (updated 0 objects)
[2022.04.07-14.12.48:794][162]LogTemp: Repeating last play command: Selected Viewport
[2022.04.07-14.12.48:803][162]LogPlayLevel: PlayLevel: No blueprints needed recompiling
[2022.04.07-14.12.48:804][162]PIE: New page: PIE session: SunTemple (Apr 7, 2022, 8:12:48 AM)
[2022.04.07-14.12.48:805][162]LogOnline: OSS: Creating online subsystem instance for: NULL
[2022.04.07-14.12.48:806][162]LogOnline: OSS: TryLoadSubsystemAndSetDefault: Loaded subsystem for module [NULL]
[2022.04.07-14.12.48:806][162]LogPlayLevel: Creating play world package: /Game/Maps/UEDPIE_0_SunTemple
[2022.04.07-14.12.48:847][162]LogPlayLevel: PIE: StaticDuplicateObject took: (0.040819s)
[2022.04.07-14.12.48:848][162]LogAIModule: Creating AISystem for world SunTemple
[2022.04.07-14.12.48:848][162]LogPlayLevel: PIE: World Init took: (0.000995s)
[2022.04.07-14.12.48:848][162]LogPlayLevel: PIE: Created PIE world by copying editor world from /Game/Maps/SunTemple.SunTemple to /Game/Maps/UEDPIE_0_SunTemple.SunTemple (0.042009s)
[2022.04.07-14.12.48:856][162]LogUObjectHash: Compacting FUObjectHashTables data took   0.70ms
[2022.04.07-14.12.48:859][162]LogAudio: Display: Creating Audio Device:                 Id: 2, Scope: Unique, Realtime: True
[2022.04.07-14.12.48:859][162]LogAudioMixer: Display: Audio Mixer Platform Settings:
[2022.04.07-14.12.48:859][162]LogAudioMixer: Display: 	Sample Rate:						  48000
[2022.04.07-14.12.48:859][162]LogAudioMixer: Display: 	Callback Buffer Frame Size Requested: 1024
[2022.04.07-14.12.48:859][162]LogAudioMixer: Display: 	Callback Buffer Frame Size To Use:	  1024
[2022.04.07-14.12.48:859][162]LogAudioMixer: Display: 	Number of buffers to queue:			  2
[2022.04.07-14.12.48:859][162]LogAudioMixer: Display: 	Max Channels (voices):				  32
[2022.04.07-14.12.48:859][162]LogAudioMixer: Display: 	Number of Async Source Workers:		  0
[2022.04.07-14.12.48:859][162]LogAudio: Display: AudioDevice MaxSources: 32
[2022.04.07-14.12.48:859][162]LogAudio: Display: Audio Spatialization Plugin: None (built-in).
[2022.04.07-14.12.48:859][162]LogAudio: Display: Audio Reverb Plugin: None (built-in).
[2022.04.07-14.12.48:859][162]LogAudio: Display: Audio Occlusion Plugin: None (built-in).
[2022.04.07-14.12.48:859][162]LogAudioMixer: Display: Initializing audio mixer.
[2022.04.07-14.12.48:865][162]LogAudioMixer: Display: 0: FrontLeft
[2022.04.07-14.12.48:865][162]LogAudioMixer: Display: 1: FrontRight
[2022.04.07-14.12.48:870][162]LogAudioMixer: Display: Using Audio Device Altavoces (Realtek High Definition Audio)
[2022.04.07-14.12.48:870][162]LogAudioMixer: Display: Initializing Sound Submixes...
[2022.04.07-14.12.48:870][162]LogAudioMixer: Display: Creating Master Submix 'MasterSubmixDefault'
[2022.04.07-14.12.48:870][162]LogAudioMixer: Display: Creating Master Submix 'MasterReverbSubmixDefault'
[2022.04.07-14.12.48:870][162]LogAudioMixer: Display: Creating Master Submix 'MasterEQSubmixDefault'
[2022.04.07-14.12.48:870][162]LogAudioMixer: FMixerPlatformXAudio2::StartAudioStream() called
[2022.04.07-14.12.48:870][162]LogAudioMixer: Display: Output buffers initialized: Frames=1024, Channels=2, Samples=2048
[2022.04.07-14.12.48:871][162]LogAudioMixer: Display: Starting AudioMixerPlatformInterface::RunInternal()
[2022.04.07-14.12.48:871][162]LogAudioMixer: Display: FMixerPlatformXAudio2::SubmitBuffer() called for the first time
[2022.04.07-14.12.48:871][162]LogInit: FAudioDevice initialized.
[2022.04.07-14.12.48:872][162]LogAudio: Display: Audio Device (ID: 2) registered with world 'SunTemple'.
[2022.04.07-14.12.48:880][162]LogLoad: Game class is 'CritterGameMode_BP_C'
[2022.04.07-14.12.48:893][162]LogWorld: Bringing World /Game/Maps/UEDPIE_0_SunTemple.SunTemple up for play (max tick rate 0) at 2022.04.07-11.12.48
[2022.04.07-14.12.48:894][162]LogWorld: Bringing up level for play took: 0.012844
[2022.04.07-14.12.48:894][162]LogOnline: OSS: Creating online subsystem instance for: :Context_2
[2022.04.07-14.12.48:897][162]LogNativeClassHierarchy: Verbose: Native class hierarchy updated for 'MovieSceneCapture' in 0.0003 seconds. Added 20 classes and 0 folders.
[2022.04.07-14.12.48:901][162]PIE: Server logged in
[2022.04.07-14.12.48:902][162]PIE: Play in editor total start time 0.103 seconds.
[2022.04.07-14.12.49:694][251]LogViewport: Display: Viewport MouseLockMode Changed, LockOnCapture -> DoNotLock
[2022.04.07-14.12.49:694][251]LogViewport: Display: Viewport HideCursorDuringCapture Changed, False -> True
[2022.04.07-14.12.49:694][251]LogViewport: Display: Viewport MouseCaptureMode Changed, CapturePermanently_IncludingInitialMouseDown -> CaptureDuringMouseDown
[2022.04.07-14.13.00:160][506]LogViewport: Display: Viewport MouseLockMode Changed, DoNotLock -> LockOnCapture
[2022.04.07-14.13.00:160][506]LogViewport: Display: Viewport MouseCaptureMode Changed, CaptureDuringMouseDown -> CapturePermanently
[2022.04.07-14.13.00:923][592]LogSlate: Updating window title bar state: overlay mode, drag disabled, window buttons hidden, title bar hidden
[2022.04.07-14.13.00:923][592]LogWorld: BeginTearingDown for /Game/Maps/UEDPIE_0_SunTemple
[2022.04.07-14.13.00:924][592]LogWorld: UWorld::CleanupWorld for SunTemple, bSessionEnded=true, bCleanupResources=true
[2022.04.07-14.13.00:927][592]LogSlate: InvalidateAllWidgets triggered.  All widgets were invalidated
[2022.04.07-14.13.00:935][592]LogPlayLevel: Display: Shutting down PIE online subsystems
[2022.04.07-14.13.00:937][592]LogSlate: InvalidateAllWidgets triggered.  All widgets were invalidated
[2022.04.07-14.13.00:943][592]LogAudio: Display: Audio Device unregistered from world 'None'.
[2022.04.07-14.13.00:943][592]LogAudioMixer: FMixerPlatformXAudio2::StopAudioStream() called
[2022.04.07-14.13.00:945][592]LogAudioMixer: FMixerPlatformXAudio2::StopAudioStream() called
[2022.04.07-14.13.00:946][592]LogSlate: Updating window title bar state: overlay mode, drag disabled, window buttons hidden, title bar hidden
[2022.04.07-14.13.00:952][592]LogUObjectHash: Compacting FUObjectHashTables data took   0.80ms
[2022.04.07-14.13.00:995][594]LogPlayLevel: Display: Destroying online subsystem :Context_2
[2022.04.07-14.13.47:957][224]LogUObjectHash: Compacting FUObjectHashTables data took   0.68ms
[2022.04.07-14.13.47:969][224]LogSlate: Window 'FirstProject - Unreal Editor' being destroyed
[2022.04.07-14.13.48:045][225]Cmd: QUIT_EDITOR
[2022.04.07-14.13.48:045][225]LogCore: Engine exit requested (reason: UUnrealEdEngine::CloseEditor())
[2022.04.07-14.13.48:052][225]LogCore: Engine exit requested (reason: EngineExit() was called; note: exit was already requested)
