Log file open, 02/26/22 19:50:28
LogWindows: Failed to load 'aqProf.dll' (GetLastError=126)
LogWindows: File 'aqProf.dll' does not exist
LogWindows: Failed to load 'VtuneApi.dll' (GetLastError=126)
LogWindows: File 'VtuneApi.dll' does not exist
LogWindows: Failed to load 'VtuneApi32e.dll' (GetLastError=126)
LogWindows: File 'VtuneApi32e.dll' does not exist
LogConsoleResponse: Display: Failed to find resolution value strings in scalability ini. Falling back to default.
LogConsoleResponse: Display: Failed to find resolution value strings in scalability ini. Falling back to default.
LogInit: Display: Running engine for game: FirstProject
LogPlatformFile: Not using cached read wrapper
LogTaskGraph: Started task graph with 5 named threads and 35 total threads with 3 sets of task threads.
LogStats: Stats thread started at 0.335816
LogICUInternationalization: ICU TimeZone Detection - Raw Offset: -3:00, Platform Override: ''
LogInit: Display: Loading text-based GConfig....
LogPluginManager: Mounting plugin MeshPainting
LogPluginManager: Mounting plugin XGEController
LogPluginManager: Mounting plugin Paper2D
LogPluginManager: Mounting plugin EnvironmentQueryEditor
LogPluginManager: Mounting plugin LightPropagationVolume
LogPluginManager: Mounting plugin LiveLink
LogPluginManager: Mounting plugin CameraShakePreviewer
LogPluginManager: Mounting plugin AISupport
LogPluginManager: Mounting plugin OodleData
LogPluginManager: Mounting plugin GameplayCameras
LogPluginManager: Mounting plugin OodleNetwork
LogPluginManager: Mounting plugin AnimationSharing
LogPluginManager: Mounting plugin AssetManagerEditor
LogPluginManager: Mounting plugin CLionSourceCodeAccess
LogPluginManager: Mounting plugin CryptoKeys
LogPluginManager: Mounting plugin DataValidation
LogPluginManager: Mounting plugin CurveEditorTools
LogPluginManager: Mounting plugin FacialAnimation
LogPluginManager: Mounting plugin GameplayTagsEditor
LogPluginManager: Mounting plugin MaterialAnalyzer
LogPluginManager: Mounting plugin CodeLiteSourceCodeAccess
LogPluginManager: Mounting plugin PluginBrowser
LogPluginManager: Mounting plugin MobileLauncherProfileWizard
LogPluginManager: Mounting plugin SpeedTreeImporter
LogPluginManager: Mounting plugin GitSourceControl
LogPluginManager: Mounting plugin NullSourceCodeAccess
LogPluginManager: Mounting plugin KDevelopSourceCodeAccess
LogPluginManager: Mounting plugin AlembicImporter
LogPluginManager: Mounting plugin BackChannel
LogPluginManager: Mounting plugin LuminPlatformFeatures
LogPluginManager: Mounting plugin AutomationUtils
LogPluginManager: Mounting plugin ChaosCloth
LogPluginManager: Mounting plugin ChaosClothEditor
LogPluginManager: Mounting plugin ChaosEditor
LogPluginManager: Mounting plugin ChaosNiagara
LogPluginManager: Mounting plugin ChaosSolverPlugin
LogPluginManager: Mounting plugin CharacterAI
LogPluginManager: Mounting plugin MagicLeap
LogPluginManager: Mounting plugin AndroidMedia
LogPluginManager: Mounting plugin MagicLeapLightEstimation
LogPluginManager: Mounting plugin MagicLeapMedia
LogPluginManager: Mounting plugin MagicLeapPassableWorld
LogPluginManager: Mounting plugin MacGraphicsSwitching
LogPluginManager: Mounting plugin Niagara
LogPluginManager: Mounting plugin GeometryMode
LogPluginManager: Mounting plugin UdpMessaging
LogPluginManager: Mounting plugin GeometryCache
LogPluginManager: Mounting plugin MLSDK
LogPluginManager: Mounting plugin AvfMedia
LogPluginManager: Mounting plugin GeometryCollectionPlugin
LogPluginManager: Mounting plugin ImgMedia
LogPluginManager: Mounting plugin MediaCompositing
LogPluginManager: Mounting plugin MediaPlayerEditor
LogPluginManager: Mounting plugin WebMMedia
LogPluginManager: Mounting plugin WmfMedia
LogPluginManager: Mounting plugin GeometryProcessing
LogPluginManager: Mounting plugin MotoSynth
LogPluginManager: Mounting plugin OpenImageDenoise
LogPluginManager: Mounting plugin PlanarCut
LogPluginManager: Mounting plugin PlatformCrypto
LogPluginManager: Mounting plugin ProxyLODPlugin
LogPluginManager: Mounting plugin PythonScriptPlugin
LogPluginManager: Mounting plugin SkeletalReduction
LogPluginManager: Mounting plugin ActorSequence
LogPluginManager: Mounting plugin LevelSequenceEditor
LogPluginManager: Mounting plugin MatineeToLevelSequence
LogPluginManager: Mounting plugin TemplateSequence
LogPluginManager: Mounting plugin TcpMessaging
LogPluginManager: Mounting plugin OnlineSubsystem
LogPluginManager: Mounting plugin OnlineSubsystemNull
LogPluginManager: Mounting plugin OnlineSubsystemUtils
LogPluginManager: Mounting plugin ActorLayerUtilities
LogPluginManager: Mounting plugin AndroidDeviceProfileSelector
LogPluginManager: Mounting plugin AndroidMoviePlayer
LogPluginManager: Mounting plugin AndroidPermission
LogPluginManager: Mounting plugin AppleImageUtils
LogPluginManager: Mounting plugin AppleMoviePlayer
LogPluginManager: Mounting plugin ArchVisCharacter
LogPluginManager: Mounting plugin AssetTags
LogPluginManager: Mounting plugin AudioCapture
LogPluginManager: Mounting plugin AudioSynesthesia
LogPluginManager: Mounting plugin ChunkDownloader
LogPluginManager: Mounting plugin CustomMeshComponent
LogPluginManager: Mounting plugin EditableMesh
LogPluginManager: Mounting plugin ExampleDeviceProfileSelector
LogPluginManager: Mounting plugin LauncherChunkInstaller
LogPluginManager: Mounting plugin GoogleCloudMessaging
LogPluginManager: Mounting plugin GooglePAD
LogPluginManager: Mounting plugin CableComponent
LogPluginManager: Mounting plugin IOSDeviceProfileSelector
LogPluginManager: Mounting plugin LinuxDeviceProfileSelector
LogPluginManager: Mounting plugin ScreenshotTools
LogPluginManager: Mounting plugin LocationServicesBPLibrary
LogPluginManager: Mounting plugin MobilePatchingUtils
LogPluginManager: Mounting plugin OpenXR
LogPluginManager: Mounting plugin OpenXREyeTracker
LogPluginManager: Mounting plugin OpenXRHandTracking
LogPluginManager: Mounting plugin PhysXVehicles
LogPluginManager: Mounting plugin PixWinPlugin
LogPluginManager: Mounting plugin PlasticSourceControl
LogPluginManager: Mounting plugin PluginUtils
LogPluginManager: Mounting plugin PropertyAccessNode
LogPluginManager: Mounting plugin PerforceSourceControl
LogPluginManager: Mounting plugin RiderSourceCodeAccess
LogPluginManager: Mounting plugin SubversionSourceControl
LogPluginManager: Mounting plugin TextureFormatOodle
LogPluginManager: Mounting plugin UObjectPlugin
LogPluginManager: Mounting plugin VisualStudioCodeSourceCodeAccess
LogPluginManager: Mounting plugin VisualStudioSourceCodeAccess
LogPluginManager: Mounting plugin PostSplashScreen
LogPluginManager: Mounting plugin XCodeSourceCodeAccess
LogPluginManager: Mounting plugin ProceduralMeshComponent
LogPluginManager: Mounting plugin PropertyAccessEditor
LogPluginManager: Mounting plugin DatasmithContent
LogPluginManager: Mounting plugin Takes
LogPluginManager: Mounting plugin RuntimePhysXCooking
LogPluginManager: Mounting plugin SignificanceManager
LogPluginManager: Mounting plugin SoundFields
LogPluginManager: Mounting plugin Synthesis
LogPluginManager: Mounting plugin VariantManagerContent
LogPluginManager: Mounting plugin WebMMoviePlayer
LogPluginManager: Mounting plugin WindowsMoviePlayer
LogPluginManager: Mounting plugin ContentBrowserAssetDataSource
LogPluginManager: Mounting plugin ContentBrowserClassDataSource
LogPluginManager: Mounting plugin ContentBrowserFileDataSource
LogPluginManager: Mounting plugin OnlineSubsystemGooglePlay
LogPluginManager: Mounting plugin OnlineSubsystemIOS
LogPluginManager: Mounting plugin OculusVR
LogPluginManager: Mounting plugin SteamVR
LogInit: Using libcurl 7.55.1-DEV
LogInit:  - built for x86_64-pc-win32
LogInit:  - supports SSL with OpenSSL/1.1.1
LogInit:  - supports HTTP deflate (compression) using libz 1.2.8
LogInit:  - other features:
LogInit:      CURL_VERSION_SSL
LogInit:      CURL_VERSION_LIBZ
LogInit:      CURL_VERSION_IPV6
LogInit:      CURL_VERSION_ASYNCHDNS
LogInit:      CURL_VERSION_LARGEFILE
LogInit:      CURL_VERSION_IDN
LogInit:  CurlRequestOptions (configurable via config and command line):
LogInit:  - bVerifyPeer = true  - Libcurl will verify peer certificate
LogInit:  - bUseHttpProxy = false  - Libcurl will NOT use HTTP proxy
LogInit:  - bDontReuseConnections = false  - Libcurl will reuse connections
LogInit:  - MaxHostConnections = 16  - Libcurl will limit the number of connections to a host
LogInit:  - LocalHostAddr = Default
LogInit:  - BufferSize = 65536
LogOnline: OSS: Creating online subsystem instance for: NULL
LogInit: WinSock: version 1.1 (2.2), MaxSocks=32767, MaxUdp=65467
LogOnline: OSS: TryLoadSubsystemAndSetDefault: Loaded subsystem for module [NULL]
PixWinPlugin: PIX capture plugin failed to initialize! Check that the process is launched from PIX.
LogOculusPluginWrapper: OculusPlugin initialized successfully
LogHMD: Failed initializing OVRPlugin 1.59.0
LogInit: Build: ++UE4+Release-4.27-CL-18319896
LogInit: Engine Version: 4.27.2-18319896+++UE4+Release-4.27
LogInit: Compatible Engine Version: 4.27.0-17155196+++UE4+Release-4.27
LogInit: Net CL: 17155196
LogInit: OS: Windows 10 (Release 2009) (), CPU: Intel(R) Core(TM) i7-8700 CPU @ 3.20GHz, GPU: NVIDIA GeForce GTX 1070 Ti
LogInit: Compiled (64-bit): Nov 30 2021 07:12:08
LogInit: Compiled with Visual C++: 19.24.28315.00
LogInit: Build Configuration: Development
LogInit: Branch Name: ++UE4+Release-4.27
LogInit: Command Line:  -skipcompile
LogInit: Base Directory: E:/Unreal/UE_4.27/Engine/Binaries/Win64/
LogInit: Allocator: TBB
LogInit: Installed Engine Build: 1
LogDevObjectVersion: Number of dev versions registered: 29
LogDevObjectVersion:   Dev-Blueprints (B0D832E4-1F89-4F0D-ACCF-7EB736FD4AA2): 10
LogDevObjectVersion:   Dev-Build (E1C64328-A22C-4D53-A36C-8E866417BD8C): 0
LogDevObjectVersion:   Dev-Core (375EC13C-06E4-48FB-B500-84F0262A717E): 4
LogDevObjectVersion:   Dev-Editor (E4B068ED-F494-42E9-A231-DA0B2E46BB41): 40
LogDevObjectVersion:   Dev-Framework (CFFC743F-43B0-4480-9391-14DF171D2073): 37
LogDevObjectVersion:   Dev-Mobile (B02B49B5-BB20-44E9-A304-32B752E40360): 3
LogDevObjectVersion:   Dev-Networking (A4E4105C-59A1-49B5-A7C5-40C4547EDFEE): 0
LogDevObjectVersion:   Dev-Online (39C831C9-5AE6-47DC-9A44-9C173E1C8E7C): 0
LogDevObjectVersion:   Dev-Physics (78F01B33-EBEA-4F98-B9B4-84EACCB95AA2): 14
LogDevObjectVersion:   Dev-Platform (6631380F-2D4D-43E0-8009-CF276956A95A): 0
LogDevObjectVersion:   Dev-Rendering (12F88B9F-8875-4AFC-A67C-D90C383ABD29): 45
LogDevObjectVersion:   Dev-Sequencer (7B5AE74C-D270-4C10-A958-57980B212A5A): 13
LogDevObjectVersion:   Dev-VR (D7296918-1DD6-4BDD-9DE2-64A83CC13884): 3
LogDevObjectVersion:   Dev-LoadTimes (C2A15278-BFE7-4AFE-6C17-90FF531DF755): 1
LogDevObjectVersion:   Private-Geometry (6EACA3D4-40EC-4CC1-B786-8BED09428FC5): 3
LogDevObjectVersion:   Dev-AnimPhys (29E575DD-E0A3-4627-9D10-D276232CDCEA): 17
LogDevObjectVersion:   Dev-Anim (AF43A65D-7FD3-4947-9873-3E8ED9C1BB05): 15
LogDevObjectVersion:   Dev-ReflectionCapture (6B266CEC-1EC7-4B8F-A30B-E4D90942FC07): 1
LogDevObjectVersion:   Dev-Automation (0DF73D61-A23F-47EA-B727-89E90C41499A): 1
LogDevObjectVersion:   FortniteMain (601D1886-AC64-4F84-AA16-D3DE0DEAC7D6): 47
LogDevObjectVersion:   FortniteRelease (E7086368-6B23-4C58-8439-1B7016265E91): 1
LogDevObjectVersion:   Dev-Enterprise (9DFFBCD6-494F-0158-E221-12823C92A888): 10
LogDevObjectVersion:   Dev-Niagara (F2AED0AC-9AFE-416F-8664-AA7FFA26D6FC): 1
LogDevObjectVersion:   Dev-Destruction (174F1F0B-B4C6-45A5-B13F-2EE8D0FB917D): 10
LogDevObjectVersion:   Dev-Physics-Ext (35F94A83-E258-406C-A318-09F59610247C): 41
LogDevObjectVersion:   Dev-PhysicsMaterial-Chaos (B68FC16E-8B1B-42E2-B453-215C058844FE): 1
LogDevObjectVersion:   Dev-CineCamera (B2E18506-4273-CFC2-A54E-F4BB758BBA07): 1
LogDevObjectVersion:   Dev-VirtualProduction (64F58936-FD1B-42BA-BA96-7289D5D0FA4E): 1
LogDevObjectVersion:   Dev-MediaFramework (6F0ED827-A609-4895-9C91-998D90180EA4): 2
LogInit: Presizing for max 25165824 objects, including 0 objects not considered by GC, pre-allocating 0 bytes for permanent pool.
LogConfig: Applying CVar settings from Section [/Script/Engine.StreamingSettings] File [E:/CppCourseBasic/FirstProject/Saved/Config/Windows/Engine.ini]
LogConfig: Setting CVar [[s.MinBulkDataSizeForAsyncLoading:131072]]
LogConfig: Setting CVar [[s.AsyncLoadingThreadEnabled:0]]
LogConfig: Setting CVar [[s.EventDrivenLoaderEnabled:1]]
LogConfig: Setting CVar [[s.WarnIfTimeLimitExceeded:0]]
LogConfig: Setting CVar [[s.TimeLimitExceededMultiplier:1.5]]
LogConfig: Setting CVar [[s.TimeLimitExceededMinTime:0.005]]
LogConfig: Setting CVar [[s.UseBackgroundLevelStreaming:1]]
LogConfig: Setting CVar [[s.PriorityAsyncLoadingExtraTime:15.0]]
LogConfig: Setting CVar [[s.LevelStreamingActorsUpdateTimeLimit:5.0]]
LogConfig: Setting CVar [[s.PriorityLevelStreamingActorsUpdateExtraTime:5.0]]
LogConfig: Setting CVar [[s.LevelStreamingComponentsRegistrationGranularity:10]]
LogConfig: Setting CVar [[s.UnregisterComponentsTimeLimit:1.0]]
LogConfig: Setting CVar [[s.LevelStreamingComponentsUnregistrationGranularity:5]]
LogConfig: Setting CVar [[s.FlushStreamingOnExit:1]]
LogInit: Object subsystem initialized
LogConfig: Setting CVar [[con.DebugEarlyDefault:1]]
LogConfig: Setting CVar [[r.setres:1280x720]]
[2022.02.26-22.50.29:528][  0]LogConfig: Setting CVar [[r.VSync:0]]
[2022.02.26-22.50.29:528][  0]LogConfig: Setting CVar [[r.RHICmdBypass:0]]
[2022.02.26-22.50.29:528][  0]LogConfig: Applying CVar settings from Section [/Script/Engine.RendererSettings] File [E:/CppCourseBasic/FirstProject/Saved/Config/Windows/Engine.ini]
[2022.02.26-22.50.29:528][  0]LogConfig: Setting CVar [[r.GPUCrashDebugging:0]]
[2022.02.26-22.50.29:528][  0]LogConfig: Applying CVar settings from Section [/Script/Engine.RendererOverrideSettings] File [E:/CppCourseBasic/FirstProject/Saved/Config/Windows/Engine.ini]
[2022.02.26-22.50.29:528][  0]LogConfig: Applying CVar settings from Section [/Script/Engine.StreamingSettings] File [E:/CppCourseBasic/FirstProject/Saved/Config/Windows/Engine.ini]
[2022.02.26-22.50.29:528][  0]LogConfig: Setting CVar [[s.MinBulkDataSizeForAsyncLoading:131072]]
[2022.02.26-22.50.29:528][  0]LogConfig: Setting CVar [[s.AsyncLoadingThreadEnabled:0]]
[2022.02.26-22.50.29:528][  0]LogConfig: Setting CVar [[s.EventDrivenLoaderEnabled:1]]
[2022.02.26-22.50.29:528][  0]LogConfig: Setting CVar [[s.WarnIfTimeLimitExceeded:0]]
[2022.02.26-22.50.29:528][  0]LogConfig: Setting CVar [[s.TimeLimitExceededMultiplier:1.5]]
[2022.02.26-22.50.29:528][  0]LogConfig: Setting CVar [[s.TimeLimitExceededMinTime:0.005]]
[2022.02.26-22.50.29:528][  0]LogConfig: Setting CVar [[s.UseBackgroundLevelStreaming:1]]
[2022.02.26-22.50.29:528][  0]LogConfig: Setting CVar [[s.PriorityAsyncLoadingExtraTime:15.0]]
[2022.02.26-22.50.29:528][  0]LogConfig: Setting CVar [[s.LevelStreamingActorsUpdateTimeLimit:5.0]]
[2022.02.26-22.50.29:528][  0]LogConfig: Setting CVar [[s.PriorityLevelStreamingActorsUpdateExtraTime:5.0]]
[2022.02.26-22.50.29:528][  0]LogConfig: Setting CVar [[s.LevelStreamingComponentsRegistrationGranularity:10]]
[2022.02.26-22.50.29:528][  0]LogConfig: Setting CVar [[s.UnregisterComponentsTimeLimit:1.0]]
[2022.02.26-22.50.29:528][  0]LogConfig: Setting CVar [[s.LevelStreamingComponentsUnregistrationGranularity:5]]
[2022.02.26-22.50.29:529][  0]LogConfig: Setting CVar [[s.FlushStreamingOnExit:1]]
[2022.02.26-22.50.29:529][  0]LogConfig: Applying CVar settings from Section [/Script/Engine.GarbageCollectionSettings] File [E:/CppCourseBasic/FirstProject/Saved/Config/Windows/Engine.ini]
[2022.02.26-22.50.29:529][  0]LogConfig: Setting CVar [[gc.MaxObjectsNotConsideredByGC:1]]
[2022.02.26-22.50.29:529][  0]LogConfig: Setting CVar [[gc.SizeOfPermanentObjectPool:0]]
[2022.02.26-22.50.29:529][  0]LogConfig: Setting CVar [[gc.FlushStreamingOnGC:0]]
[2022.02.26-22.50.29:529][  0]LogConfig: Setting CVar [[gc.NumRetriesBeforeForcingGC:10]]
[2022.02.26-22.50.29:529][  0]LogConfig: Setting CVar [[gc.AllowParallelGC:1]]
[2022.02.26-22.50.29:529][  0]LogConfig: Setting CVar [[gc.TimeBetweenPurgingPendingKillObjects:61.1]]
[2022.02.26-22.50.29:529][  0]LogConfig: Setting CVar [[gc.MaxObjectsInEditor:25165824]]
[2022.02.26-22.50.29:529][  0]LogConfig: Setting CVar [[gc.IncrementalBeginDestroyEnabled:1]]
[2022.02.26-22.50.29:529][  0]LogConfig: Setting CVar [[gc.CreateGCClusters:1]]
[2022.02.26-22.50.29:529][  0]LogConfig: Setting CVar [[gc.MinGCClusterSize:5]]
[2022.02.26-22.50.29:529][  0]LogConfig: Setting CVar [[gc.ActorClusteringEnabled:0]]
[2022.02.26-22.50.29:529][  0]LogConfig: Setting CVar [[gc.BlueprintClusteringEnabled:0]]
[2022.02.26-22.50.29:529][  0]LogConfig: Setting CVar [[gc.UseDisregardForGCOnDedicatedServers:0]]
[2022.02.26-22.50.29:529][  0]LogConfig: Setting CVar [[gc.MultithreadedDestructionEnabled:1]]
[2022.02.26-22.50.29:529][  0]LogConfig: Applying CVar settings from Section [/Script/Engine.NetworkSettings] File [E:/CppCourseBasic/FirstProject/Saved/Config/Windows/Engine.ini]
[2022.02.26-22.50.29:529][  0]LogConfig: Applying CVar settings from Section [/Script/UnrealEd.CookerSettings] File [E:/CppCourseBasic/FirstProject/Saved/Config/Windows/Engine.ini]
[2022.02.26-22.50.29:557][  0]LogConfig: Applying CVar settings from Section [ViewDistanceQuality@3] File [E:/CppCourseBasic/FirstProject/Saved/Config/Windows/Scalability.ini]
[2022.02.26-22.50.29:557][  0]LogConfig: Setting CVar [[r.SkeletalMeshLODBias:0]]
[2022.02.26-22.50.29:557][  0]LogConfig: Setting CVar [[r.ViewDistanceScale:1.0]]
[2022.02.26-22.50.29:557][  0]LogConfig: Applying CVar settings from Section [AntiAliasingQuality@3] File [E:/CppCourseBasic/FirstProject/Saved/Config/Windows/Scalability.ini]
[2022.02.26-22.50.29:557][  0]LogConfig: Setting CVar [[r.PostProcessAAQuality:4]]
[2022.02.26-22.50.29:557][  0]LogConfig: Applying CVar settings from Section [ShadowQuality@3] File [E:/CppCourseBasic/FirstProject/Saved/Config/Windows/Scalability.ini]
[2022.02.26-22.50.29:558][  0]LogConfig: Setting CVar [[r.LightFunctionQuality:1]]
[2022.02.26-22.50.29:558][  0]LogConfig: Setting CVar [[r.ShadowQuality:5]]
[2022.02.26-22.50.29:558][  0]LogConfig: Setting CVar [[r.Shadow.CSM.MaxCascades:10]]
[2022.02.26-22.50.29:558][  0]LogConfig: Setting CVar [[r.Shadow.MaxResolution:2048]]
[2022.02.26-22.50.29:558][  0]LogConfig: Setting CVar [[r.Shadow.MaxCSMResolution:2048]]
[2022.02.26-22.50.29:558][  0]LogConfig: Setting CVar [[r.Shadow.RadiusThreshold:0.01]]
[2022.02.26-22.50.29:558][  0]LogConfig: Setting CVar [[r.Shadow.DistanceScale:1.0]]
[2022.02.26-22.50.29:558][  0]LogConfig: Setting CVar [[r.Shadow.CSM.TransitionScale:1.0]]
[2022.02.26-22.50.29:558][  0]LogConfig: Setting CVar [[r.Shadow.PreShadowResolutionFactor:1.0]]
[2022.02.26-22.50.29:558][  0]LogConfig: Setting CVar [[r.DistanceFieldShadowing:1]]
[2022.02.26-22.50.29:558][  0]LogConfig: Setting CVar [[r.DistanceFieldAO:1]]
[2022.02.26-22.50.29:558][  0]LogConfig: Setting CVar [[r.AOQuality:2]]
[2022.02.26-22.50.29:558][  0]LogConfig: Setting CVar [[r.VolumetricFog:1]]
[2022.02.26-22.50.29:558][  0]LogConfig: Setting CVar [[r.VolumetricFog.GridPixelSize:8]]
[2022.02.26-22.50.29:558][  0]LogConfig: Setting CVar [[r.VolumetricFog.GridSizeZ:128]]
[2022.02.26-22.50.29:558][  0]LogConfig: Setting CVar [[r.VolumetricFog.HistoryMissSupersampleCount:4]]
[2022.02.26-22.50.29:558][  0]LogConfig: Setting CVar [[r.LightMaxDrawDistanceScale:1]]
[2022.02.26-22.50.29:559][  0]LogConfig: Setting CVar [[r.CapsuleShadows:1]]
[2022.02.26-22.50.29:559][  0]LogConfig: Applying CVar settings from Section [PostProcessQuality@3] File [E:/CppCourseBasic/FirstProject/Saved/Config/Windows/Scalability.ini]
[2022.02.26-22.50.29:559][  0]LogConfig: Setting CVar [[r.MotionBlurQuality:4]]
[2022.02.26-22.50.29:559][  0]LogConfig: Setting CVar [[r.AmbientOcclusionMipLevelFactor:0.4]]
[2022.02.26-22.50.29:559][  0]LogConfig: Setting CVar [[r.AmbientOcclusionMaxQuality:100]]
[2022.02.26-22.50.29:559][  0]LogConfig: Setting CVar [[r.AmbientOcclusionLevels:-1]]
[2022.02.26-22.50.29:559][  0]LogConfig: Setting CVar [[r.AmbientOcclusionRadiusScale:1.0]]
[2022.02.26-22.50.29:559][  0]LogConfig: Setting CVar [[r.DepthOfFieldQuality:2]]
[2022.02.26-22.50.29:559][  0]LogConfig: Setting CVar [[r.RenderTargetPoolMin:400]]
[2022.02.26-22.50.29:559][  0]LogConfig: Setting CVar [[r.LensFlareQuality:2]]
[2022.02.26-22.50.29:559][  0]LogConfig: Setting CVar [[r.SceneColorFringeQuality:1]]
[2022.02.26-22.50.29:559][  0]LogConfig: Setting CVar [[r.EyeAdaptationQuality:2]]
[2022.02.26-22.50.29:559][  0]LogConfig: Setting CVar [[r.BloomQuality:5]]
[2022.02.26-22.50.29:559][  0]LogConfig: Setting CVar [[r.FastBlurThreshold:100]]
[2022.02.26-22.50.29:559][  0]LogConfig: Setting CVar [[r.Upscale.Quality:3]]
[2022.02.26-22.50.29:559][  0]LogConfig: Setting CVar [[r.Tonemapper.GrainQuantization:1]]
[2022.02.26-22.50.29:559][  0]LogConfig: Setting CVar [[r.LightShaftQuality:1]]
[2022.02.26-22.50.29:559][  0]LogConfig: Setting CVar [[r.Filter.SizeScale:1]]
[2022.02.26-22.50.29:559][  0]LogConfig: Setting CVar [[r.Tonemapper.Quality:5]]
[2022.02.26-22.50.29:560][  0]LogConfig: Setting CVar [[r.DOF.Gather.AccumulatorQuality:1        ; higher gathering accumulator quality]]
[2022.02.26-22.50.29:560][  0]LogConfig: Setting CVar [[r.DOF.Gather.PostfilterMethod:1          ; Median3x3 postfilering method]]
[2022.02.26-22.50.29:560][  0]LogConfig: Setting CVar [[r.DOF.Gather.EnableBokehSettings:0       ; no bokeh simulation when gathering]]
[2022.02.26-22.50.29:560][  0]LogConfig: Setting CVar [[r.DOF.Gather.RingCount:4                 ; medium number of samples when gathering]]
[2022.02.26-22.50.29:560][  0]LogConfig: Setting CVar [[r.DOF.Scatter.ForegroundCompositing:1    ; additive foreground scattering]]
[2022.02.26-22.50.29:560][  0]LogConfig: Setting CVar [[r.DOF.Scatter.BackgroundCompositing:2    ; additive background scattering]]
[2022.02.26-22.50.29:560][  0]LogConfig: Setting CVar [[r.DOF.Scatter.EnableBokehSettings:1      ; bokeh simulation when scattering]]
[2022.02.26-22.50.29:560][  0]LogConfig: Setting CVar [[r.DOF.Scatter.MaxSpriteRatio:0.1         ; only a maximum of 10% of scattered bokeh]]
[2022.02.26-22.50.29:560][  0]LogConfig: Setting CVar [[r.DOF.Recombine.Quality:1                ; cheap slight out of focus]]
[2022.02.26-22.50.29:560][  0]LogConfig: Setting CVar [[r.DOF.Recombine.EnableBokehSettings:0    ; no bokeh simulation on slight out of focus]]
[2022.02.26-22.50.29:560][  0]LogConfig: Setting CVar [[r.DOF.TemporalAAQuality:1                ; more stable temporal accumulation]]
[2022.02.26-22.50.29:560][  0]LogConfig: Setting CVar [[r.DOF.Kernel.MaxForegroundRadius:0.025]]
[2022.02.26-22.50.29:560][  0]LogConfig: Setting CVar [[r.DOF.Kernel.MaxBackgroundRadius:0.025]]
[2022.02.26-22.50.29:560][  0]LogConfig: Applying CVar settings from Section [TextureQuality@3] File [E:/CppCourseBasic/FirstProject/Saved/Config/Windows/Scalability.ini]
[2022.02.26-22.50.29:560][  0]LogConfig: Setting CVar [[r.Streaming.MipBias:0]]
[2022.02.26-22.50.29:560][  0]LogConfig: Setting CVar [[r.Streaming.AmortizeCPUToGPUCopy:0]]
[2022.02.26-22.50.29:560][  0]LogConfig: Setting CVar [[r.Streaming.MaxNumTexturesToStreamPerFrame:0]]
[2022.02.26-22.50.29:560][  0]LogConfig: Setting CVar [[r.Streaming.Boost:1]]
[2022.02.26-22.50.29:560][  0]LogConfig: Setting CVar [[r.MaxAnisotropy:8]]
[2022.02.26-22.50.29:560][  0]LogConfig: Setting CVar [[r.VT.MaxAnisotropy:8]]
[2022.02.26-22.50.29:560][  0]LogConfig: Setting CVar [[r.Streaming.LimitPoolSizeToVRAM:0]]
[2022.02.26-22.50.29:560][  0]LogConfig: Setting CVar [[r.Streaming.PoolSize:1000]]
[2022.02.26-22.50.29:560][  0]LogConfig: Setting CVar [[r.Streaming.MaxEffectiveScreenSize:0]]
[2022.02.26-22.50.29:561][  0]LogConfig: Applying CVar settings from Section [EffectsQuality@3] File [E:/CppCourseBasic/FirstProject/Saved/Config/Windows/Scalability.ini]
[2022.02.26-22.50.29:561][  0]LogConfig: Setting CVar [[r.TranslucencyLightingVolumeDim:64]]
[2022.02.26-22.50.29:561][  0]LogConfig: Setting CVar [[r.RefractionQuality:2]]
[2022.02.26-22.50.29:561][  0]LogConfig: Setting CVar [[r.SSR.Quality:3]]
[2022.02.26-22.50.29:561][  0]LogConfig: Setting CVar [[r.SSR.HalfResSceneColor:0]]
[2022.02.26-22.50.29:561][  0]LogConfig: Setting CVar [[r.SceneColorFormat:4]]
[2022.02.26-22.50.29:561][  0]LogConfig: Setting CVar [[r.DetailMode:2]]
[2022.02.26-22.50.29:561][  0]LogConfig: Setting CVar [[r.TranslucencyVolumeBlur:1]]
[2022.02.26-22.50.29:561][  0]LogConfig: Setting CVar [[r.MaterialQualityLevel:1 ; High quality]]
[2022.02.26-22.50.29:561][  0]LogConfig: Setting CVar [[r.AnisotropicMaterials:1]]
[2022.02.26-22.50.29:561][  0]LogConfig: Setting CVar [[r.SSS.Scale:1]]
[2022.02.26-22.50.29:561][  0]LogConfig: Setting CVar [[r.SSS.SampleSet:2]]
[2022.02.26-22.50.29:561][  0]LogConfig: Setting CVar [[r.SSS.Quality:1]]
[2022.02.26-22.50.29:561][  0]LogConfig: Setting CVar [[r.SSS.HalfRes:0]]
[2022.02.26-22.50.29:561][  0]LogConfig: Setting CVar [[r.SSGI.Quality:3]]
[2022.02.26-22.50.29:561][  0]LogConfig: Setting CVar [[r.EmitterSpawnRateScale:1.0]]
[2022.02.26-22.50.29:561][  0]LogConfig: Setting CVar [[r.ParticleLightQuality:2]]
[2022.02.26-22.50.29:561][  0]LogConfig: Setting CVar [[r.SkyAtmosphere.AerialPerspectiveLUT.FastApplyOnOpaque:1 ; Always have FastSkyLUT 1 in this case to avoid wrong sky]]
[2022.02.26-22.50.29:562][  0]LogConfig: Setting CVar [[r.SkyAtmosphere.AerialPerspectiveLUT.SampleCountMaxPerSlice:4]]
[2022.02.26-22.50.29:562][  0]LogConfig: Setting CVar [[r.SkyAtmosphere.AerialPerspectiveLUT.DepthResolution:16.0]]
[2022.02.26-22.50.29:562][  0]LogConfig: Setting CVar [[r.SkyAtmosphere.FastSkyLUT:1]]
[2022.02.26-22.50.29:562][  0]LogConfig: Setting CVar [[r.SkyAtmosphere.FastSkyLUT.SampleCountMin:4.0]]
[2022.02.26-22.50.29:562][  0]LogConfig: Setting CVar [[r.SkyAtmosphere.FastSkyLUT.SampleCountMax:128.0]]
[2022.02.26-22.50.29:562][  0]LogConfig: Setting CVar [[r.SkyAtmosphere.SampleCountMin:4.0]]
[2022.02.26-22.50.29:562][  0]LogConfig: Setting CVar [[r.SkyAtmosphere.SampleCountMax:128.0]]
[2022.02.26-22.50.29:562][  0]LogConfig: Setting CVar [[r.SkyAtmosphere.TransmittanceLUT.UseSmallFormat:0]]
[2022.02.26-22.50.29:562][  0]LogConfig: Setting CVar [[r.SkyAtmosphere.TransmittanceLUT.SampleCount:10.0]]
[2022.02.26-22.50.29:562][  0]LogConfig: Setting CVar [[r.SkyAtmosphere.MultiScatteringLUT.SampleCount:15.0]]
[2022.02.26-22.50.29:562][  0]LogConfig: Setting CVar [[r.SkyLight.RealTimeReflectionCapture:1]]
[2022.02.26-22.50.29:562][  0]LogConfig: Applying CVar settings from Section [FoliageQuality@3] File [E:/CppCourseBasic/FirstProject/Saved/Config/Windows/Scalability.ini]
[2022.02.26-22.50.29:562][  0]LogConfig: Setting CVar [[foliage.DensityScale:1.0]]
[2022.02.26-22.50.29:562][  0]LogConfig: Setting CVar [[grass.DensityScale:1.0]]
[2022.02.26-22.50.29:562][  0]LogConfig: Applying CVar settings from Section [ShadingQuality@3] File [E:/CppCourseBasic/FirstProject/Saved/Config/Windows/Scalability.ini]
[2022.02.26-22.50.29:562][  0]LogConfig: Setting CVar [[r.HairStrands.SkyLighting.IntegrationType:2]]
[2022.02.26-22.50.29:562][  0]LogConfig: Setting CVar [[r.HairStrands.SkyAO.SampleCount:4]]
[2022.02.26-22.50.29:562][  0]LogConfig: Setting CVar [[r.HairStrands.Visibility.MSAA.SamplePerPixel:4]]
[2022.02.26-22.50.29:562][  0]LogInit: Selected Device Profile: [Windows]
[2022.02.26-22.50.29:562][  0]LogInit: Applying CVar settings loaded from the selected device profile: [Windows]
[2022.02.26-22.50.29:562][  0]LogHAL: Display: Platform has ~ 32 GB [34282221568 / 34359738368 / 32], which maps to Largest [LargestMinGB=32, LargerMinGB=12, DefaultMinGB=8, SmallerMinGB=6, SmallestMinGB=0)
[2022.02.26-22.50.29:563][  0]LogInit: Going up to parent DeviceProfile []
[2022.02.26-22.50.29:563][  0]LogConfig: Applying CVar settings from Section [ViewDistanceQuality@3] File [E:/CppCourseBasic/FirstProject/Saved/Config/Windows/Scalability.ini]
[2022.02.26-22.50.29:563][  0]LogConfig: Setting CVar [[r.SkeletalMeshLODBias:0]]
[2022.02.26-22.50.29:563][  0]LogConfig: Setting CVar [[r.ViewDistanceScale:1.0]]
[2022.02.26-22.50.29:563][  0]LogConfig: Applying CVar settings from Section [AntiAliasingQuality@3] File [E:/CppCourseBasic/FirstProject/Saved/Config/Windows/Scalability.ini]
[2022.02.26-22.50.29:563][  0]LogConfig: Setting CVar [[r.PostProcessAAQuality:4]]
[2022.02.26-22.50.29:563][  0]LogConfig: Applying CVar settings from Section [ShadowQuality@3] File [E:/CppCourseBasic/FirstProject/Saved/Config/Windows/Scalability.ini]
[2022.02.26-22.50.29:563][  0]LogConfig: Setting CVar [[r.LightFunctionQuality:1]]
[2022.02.26-22.50.29:563][  0]LogConfig: Setting CVar [[r.ShadowQuality:5]]
[2022.02.26-22.50.29:563][  0]LogConfig: Setting CVar [[r.Shadow.CSM.MaxCascades:10]]
[2022.02.26-22.50.29:563][  0]LogConfig: Setting CVar [[r.Shadow.MaxResolution:2048]]
[2022.02.26-22.50.29:563][  0]LogConfig: Setting CVar [[r.Shadow.MaxCSMResolution:2048]]
[2022.02.26-22.50.29:563][  0]LogConfig: Setting CVar [[r.Shadow.RadiusThreshold:0.01]]
[2022.02.26-22.50.29:563][  0]LogConfig: Setting CVar [[r.Shadow.DistanceScale:1.0]]
[2022.02.26-22.50.29:563][  0]LogConfig: Setting CVar [[r.Shadow.CSM.TransitionScale:1.0]]
[2022.02.26-22.50.29:563][  0]LogConfig: Setting CVar [[r.Shadow.PreShadowResolutionFactor:1.0]]
[2022.02.26-22.50.29:563][  0]LogConfig: Setting CVar [[r.DistanceFieldShadowing:1]]
[2022.02.26-22.50.29:563][  0]LogConfig: Setting CVar [[r.DistanceFieldAO:1]]
[2022.02.26-22.50.29:563][  0]LogConfig: Setting CVar [[r.AOQuality:2]]
[2022.02.26-22.50.29:563][  0]LogConfig: Setting CVar [[r.VolumetricFog:1]]
[2022.02.26-22.50.29:563][  0]LogConfig: Setting CVar [[r.VolumetricFog.GridPixelSize:8]]
[2022.02.26-22.50.29:564][  0]LogConfig: Setting CVar [[r.VolumetricFog.GridSizeZ:128]]
[2022.02.26-22.50.29:564][  0]LogConfig: Setting CVar [[r.VolumetricFog.HistoryMissSupersampleCount:4]]
[2022.02.26-22.50.29:564][  0]LogConfig: Setting CVar [[r.LightMaxDrawDistanceScale:1]]
[2022.02.26-22.50.29:564][  0]LogConfig: Setting CVar [[r.CapsuleShadows:1]]
[2022.02.26-22.50.29:564][  0]LogConfig: Applying CVar settings from Section [PostProcessQuality@3] File [E:/CppCourseBasic/FirstProject/Saved/Config/Windows/Scalability.ini]
[2022.02.26-22.50.29:564][  0]LogConfig: Setting CVar [[r.MotionBlurQuality:4]]
[2022.02.26-22.50.29:564][  0]LogConfig: Setting CVar [[r.AmbientOcclusionMipLevelFactor:0.4]]
[2022.02.26-22.50.29:564][  0]LogConfig: Setting CVar [[r.AmbientOcclusionMaxQuality:100]]
[2022.02.26-22.50.29:564][  0]LogConfig: Setting CVar [[r.AmbientOcclusionLevels:-1]]
[2022.02.26-22.50.29:564][  0]LogConfig: Setting CVar [[r.AmbientOcclusionRadiusScale:1.0]]
[2022.02.26-22.50.29:564][  0]LogConfig: Setting CVar [[r.DepthOfFieldQuality:2]]
[2022.02.26-22.50.29:564][  0]LogConfig: Setting CVar [[r.RenderTargetPoolMin:400]]
[2022.02.26-22.50.29:564][  0]LogConfig: Setting CVar [[r.LensFlareQuality:2]]
[2022.02.26-22.50.29:564][  0]LogConfig: Setting CVar [[r.SceneColorFringeQuality:1]]
[2022.02.26-22.50.29:564][  0]LogConfig: Setting CVar [[r.EyeAdaptationQuality:2]]
[2022.02.26-22.50.29:564][  0]LogConfig: Setting CVar [[r.BloomQuality:5]]
[2022.02.26-22.50.29:564][  0]LogConfig: Setting CVar [[r.FastBlurThreshold:100]]
[2022.02.26-22.50.29:564][  0]LogConfig: Setting CVar [[r.Upscale.Quality:3]]
[2022.02.26-22.50.29:564][  0]LogConfig: Setting CVar [[r.Tonemapper.GrainQuantization:1]]
[2022.02.26-22.50.29:565][  0]LogConfig: Setting CVar [[r.LightShaftQuality:1]]
[2022.02.26-22.50.29:565][  0]LogConfig: Setting CVar [[r.Filter.SizeScale:1]]
[2022.02.26-22.50.29:565][  0]LogConfig: Setting CVar [[r.Tonemapper.Quality:5]]
[2022.02.26-22.50.29:565][  0]LogConfig: Setting CVar [[r.DOF.Gather.AccumulatorQuality:1        ; higher gathering accumulator quality]]
[2022.02.26-22.50.29:565][  0]LogConfig: Setting CVar [[r.DOF.Gather.PostfilterMethod:1          ; Median3x3 postfilering method]]
[2022.02.26-22.50.29:565][  0]LogConfig: Setting CVar [[r.DOF.Gather.EnableBokehSettings:0       ; no bokeh simulation when gathering]]
[2022.02.26-22.50.29:565][  0]LogConfig: Setting CVar [[r.DOF.Gather.RingCount:4                 ; medium number of samples when gathering]]
[2022.02.26-22.50.29:565][  0]LogConfig: Setting CVar [[r.DOF.Scatter.ForegroundCompositing:1    ; additive foreground scattering]]
[2022.02.26-22.50.29:565][  0]LogConfig: Setting CVar [[r.DOF.Scatter.BackgroundCompositing:2    ; additive background scattering]]
[2022.02.26-22.50.29:565][  0]LogConfig: Setting CVar [[r.DOF.Scatter.EnableBokehSettings:1      ; bokeh simulation when scattering]]
[2022.02.26-22.50.29:565][  0]LogConfig: Setting CVar [[r.DOF.Scatter.MaxSpriteRatio:0.1         ; only a maximum of 10% of scattered bokeh]]
[2022.02.26-22.50.29:565][  0]LogConfig: Setting CVar [[r.DOF.Recombine.Quality:1                ; cheap slight out of focus]]
[2022.02.26-22.50.29:565][  0]LogConfig: Setting CVar [[r.DOF.Recombine.EnableBokehSettings:0    ; no bokeh simulation on slight out of focus]]
[2022.02.26-22.50.29:565][  0]LogConfig: Setting CVar [[r.DOF.TemporalAAQuality:1                ; more stable temporal accumulation]]
[2022.02.26-22.50.29:565][  0]LogConfig: Setting CVar [[r.DOF.Kernel.MaxForegroundRadius:0.025]]
[2022.02.26-22.50.29:565][  0]LogConfig: Setting CVar [[r.DOF.Kernel.MaxBackgroundRadius:0.025]]
[2022.02.26-22.50.29:565][  0]LogConfig: Applying CVar settings from Section [TextureQuality@3] File [E:/CppCourseBasic/FirstProject/Saved/Config/Windows/Scalability.ini]
[2022.02.26-22.50.29:565][  0]LogConfig: Setting CVar [[r.Streaming.MipBias:0]]
[2022.02.26-22.50.29:565][  0]LogConfig: Setting CVar [[r.Streaming.AmortizeCPUToGPUCopy:0]]
[2022.02.26-22.50.29:565][  0]LogConfig: Setting CVar [[r.Streaming.MaxNumTexturesToStreamPerFrame:0]]
[2022.02.26-22.50.29:565][  0]LogConfig: Setting CVar [[r.Streaming.Boost:1]]
[2022.02.26-22.50.29:565][  0]LogConfig: Setting CVar [[r.MaxAnisotropy:8]]
[2022.02.26-22.50.29:565][  0]LogConfig: Setting CVar [[r.VT.MaxAnisotropy:8]]
[2022.02.26-22.50.29:566][  0]LogConfig: Setting CVar [[r.Streaming.LimitPoolSizeToVRAM:0]]
[2022.02.26-22.50.29:566][  0]LogConfig: Setting CVar [[r.Streaming.PoolSize:1000]]
[2022.02.26-22.50.29:566][  0]LogConfig: Setting CVar [[r.Streaming.MaxEffectiveScreenSize:0]]
[2022.02.26-22.50.29:566][  0]LogConfig: Applying CVar settings from Section [EffectsQuality@3] File [E:/CppCourseBasic/FirstProject/Saved/Config/Windows/Scalability.ini]
[2022.02.26-22.50.29:566][  0]LogConfig: Setting CVar [[r.TranslucencyLightingVolumeDim:64]]
[2022.02.26-22.50.29:566][  0]LogConfig: Setting CVar [[r.RefractionQuality:2]]
[2022.02.26-22.50.29:566][  0]LogConfig: Setting CVar [[r.SSR.Quality:3]]
[2022.02.26-22.50.29:566][  0]LogConfig: Setting CVar [[r.SSR.HalfResSceneColor:0]]
[2022.02.26-22.50.29:566][  0]LogConfig: Setting CVar [[r.SceneColorFormat:4]]
[2022.02.26-22.50.29:566][  0]LogConfig: Setting CVar [[r.DetailMode:2]]
[2022.02.26-22.50.29:566][  0]LogConfig: Setting CVar [[r.TranslucencyVolumeBlur:1]]
[2022.02.26-22.50.29:566][  0]LogConfig: Setting CVar [[r.MaterialQualityLevel:1 ; High quality]]
[2022.02.26-22.50.29:566][  0]LogConfig: Setting CVar [[r.AnisotropicMaterials:1]]
[2022.02.26-22.50.29:566][  0]LogConfig: Setting CVar [[r.SSS.Scale:1]]
[2022.02.26-22.50.29:566][  0]LogConfig: Setting CVar [[r.SSS.SampleSet:2]]
[2022.02.26-22.50.29:566][  0]LogConfig: Setting CVar [[r.SSS.Quality:1]]
[2022.02.26-22.50.29:566][  0]LogConfig: Setting CVar [[r.SSS.HalfRes:0]]
[2022.02.26-22.50.29:566][  0]LogConfig: Setting CVar [[r.SSGI.Quality:3]]
[2022.02.26-22.50.29:566][  0]LogConfig: Setting CVar [[r.EmitterSpawnRateScale:1.0]]
[2022.02.26-22.50.29:566][  0]LogConfig: Setting CVar [[r.ParticleLightQuality:2]]
[2022.02.26-22.50.29:566][  0]LogConfig: Setting CVar [[r.SkyAtmosphere.AerialPerspectiveLUT.FastApplyOnOpaque:1 ; Always have FastSkyLUT 1 in this case to avoid wrong sky]]
[2022.02.26-22.50.29:566][  0]LogConfig: Setting CVar [[r.SkyAtmosphere.AerialPerspectiveLUT.SampleCountMaxPerSlice:4]]
[2022.02.26-22.50.29:566][  0]LogConfig: Setting CVar [[r.SkyAtmosphere.AerialPerspectiveLUT.DepthResolution:16.0]]
[2022.02.26-22.50.29:567][  0]LogConfig: Setting CVar [[r.SkyAtmosphere.FastSkyLUT:1]]
[2022.02.26-22.50.29:567][  0]LogConfig: Setting CVar [[r.SkyAtmosphere.FastSkyLUT.SampleCountMin:4.0]]
[2022.02.26-22.50.29:567][  0]LogConfig: Setting CVar [[r.SkyAtmosphere.FastSkyLUT.SampleCountMax:128.0]]
[2022.02.26-22.50.29:567][  0]LogConfig: Setting CVar [[r.SkyAtmosphere.SampleCountMin:4.0]]
[2022.02.26-22.50.29:567][  0]LogConfig: Setting CVar [[r.SkyAtmosphere.SampleCountMax:128.0]]
[2022.02.26-22.50.29:567][  0]LogConfig: Setting CVar [[r.SkyAtmosphere.TransmittanceLUT.UseSmallFormat:0]]
[2022.02.26-22.50.29:567][  0]LogConfig: Setting CVar [[r.SkyAtmosphere.TransmittanceLUT.SampleCount:10.0]]
[2022.02.26-22.50.29:567][  0]LogConfig: Setting CVar [[r.SkyAtmosphere.MultiScatteringLUT.SampleCount:15.0]]
[2022.02.26-22.50.29:567][  0]LogConfig: Setting CVar [[r.SkyLight.RealTimeReflectionCapture:1]]
[2022.02.26-22.50.29:567][  0]LogConfig: Applying CVar settings from Section [FoliageQuality@3] File [E:/CppCourseBasic/FirstProject/Saved/Config/Windows/Scalability.ini]
[2022.02.26-22.50.29:567][  0]LogConfig: Setting CVar [[foliage.DensityScale:1.0]]
[2022.02.26-22.50.29:567][  0]LogConfig: Setting CVar [[grass.DensityScale:1.0]]
[2022.02.26-22.50.29:567][  0]LogConfig: Applying CVar settings from Section [ShadingQuality@3] File [E:/CppCourseBasic/FirstProject/Saved/Config/Windows/Scalability.ini]
[2022.02.26-22.50.29:567][  0]LogConfig: Setting CVar [[r.HairStrands.SkyLighting.IntegrationType:2]]
[2022.02.26-22.50.29:567][  0]LogConfig: Setting CVar [[r.HairStrands.SkyAO.SampleCount:4]]
[2022.02.26-22.50.29:567][  0]LogConfig: Setting CVar [[r.HairStrands.Visibility.MSAA.SamplePerPixel:4]]
[2022.02.26-22.50.29:567][  0]LogConfig: Applying CVar settings from Section [Startup] File [../../../Engine/Config/ConsoleVariables.ini]
[2022.02.26-22.50.29:567][  0]LogConfig: Setting CVar [[net.UseAdaptiveNetUpdateFrequency:0]]
[2022.02.26-22.50.29:567][  0]LogConfig: Setting CVar [[p.chaos.AllowCreatePhysxBodies:1]]
[2022.02.26-22.50.29:568][  0]LogConfig: Setting CVar [[fx.SkipVectorVMBackendOptimizations:1]]
[2022.02.26-22.50.29:568][  0]LogConfig: Applying CVar settings from Section [ConsoleVariables] File [E:/CppCourseBasic/FirstProject/Saved/Config/Windows/Engine.ini]
[2022.02.26-22.50.29:568][  0]LogConfig: Applying CVar settings from Section [ConsoleVariables] File [E:/CppCourseBasic/FirstProject/Saved/Config/Windows/Editor.ini]
[2022.02.26-22.50.29:568][  0]LogInit: Computer: DESKTOP-PATULNA
[2022.02.26-22.50.29:568][  0]LogInit: User: Pablo
[2022.02.26-22.50.29:568][  0]LogInit: CPU Page size=4096, Cores=6
[2022.02.26-22.50.29:568][  0]LogInit: High frequency timer resolution =10.000000 MHz
[2022.02.26-22.50.29:568][  0]LogMemory: Memory total: Physical=31.9GB (32GB approx)
[2022.02.26-22.50.29:568][  0]LogMemory: Platform Memory Stats for Windows
[2022.02.26-22.50.29:568][  0]LogMemory: Process Physical Memory: 145.35 MB used, 145.36 MB peak
[2022.02.26-22.50.29:568][  0]LogMemory: Process Virtual Memory: 128.07 MB used, 128.07 MB peak
[2022.02.26-22.50.29:568][  0]LogMemory: Physical Memory: 11562.91 MB used,  21131.16 MB free, 32694.07 MB total
[2022.02.26-22.50.29:568][  0]LogMemory: Virtual Memory: 134197416.00 MB used,  20310.21 MB free, 134217728.00 MB total
[2022.02.26-22.50.29:587][  0]LogWindows: WindowsPlatformFeatures enabled
[2022.02.26-22.50.29:770][  0]LogInit: Physics initialised using underlying interface: PhysX
[2022.02.26-22.50.29:771][  0]LogInit: Overriding language with editor language configuration option (en-US).
[2022.02.26-22.50.29:771][  0]LogInit: Overriding language with editor locale configuration option (en).
[2022.02.26-22.50.29:773][  0]LogTextLocalizationManager: No specific localization for 'en-US' exists, so the 'en' localization will be used.
[2022.02.26-22.50.29:939][  0]LogInit: Setting process to per monitor DPI aware
[2022.02.26-22.50.29:967][  0]LogWindowsTextInputMethodSystem: Display: IME system deactivated.
[2022.02.26-22.50.29:990][  0]LogSlate: New Slate User Created.  User Index 0, Is Virtual User: 0
[2022.02.26-22.50.29:990][  0]LogSlate: Slate User Registered.  User Index 0, Is Virtual User: 0
[2022.02.26-22.50.30:115][  0]LogD3D11RHI: Loaded GFSDK_Aftermath_Lib.x64.dll
[2022.02.26-22.50.30:120][  0]LogHMD: Failed to initialize OpenVR with code 110
[2022.02.26-22.50.30:120][  0]LogD3D11RHI: D3D11 min allowed feature level: 11_0
[2022.02.26-22.50.30:120][  0]LogD3D11RHI: D3D11 max allowed feature level: 11_0
[2022.02.26-22.50.30:120][  0]LogD3D11RHI: D3D11 adapters:
[2022.02.26-22.50.30:251][  0]LogD3D11RHI:    0. 'NVIDIA GeForce GTX 1070 Ti' (Feature Level 11_0)
[2022.02.26-22.50.30:251][  0]LogD3D11RHI:       8079/0/16347 MB DedicatedVideo/DedicatedSystem/SharedSystem, Outputs:2, VendorId:0x10de
[2022.02.26-22.50.30:259][  0]LogD3D11RHI:    1. 'Microsoft Basic Render Driver' (Feature Level 11_0)
[2022.02.26-22.50.30:259][  0]LogD3D11RHI:       0/0/16347 MB DedicatedVideo/DedicatedSystem/SharedSystem, Outputs:0, VendorId:0x1414
[2022.02.26-22.50.30:259][  0]LogD3D11RHI: Chosen D3D11 Adapter:
[2022.02.26-22.50.30:259][  0]LogD3D11RHI:     Description : NVIDIA GeForce GTX 1070 Ti
[2022.02.26-22.50.30:259][  0]LogD3D11RHI:     VendorId    : 10de
[2022.02.26-22.50.30:259][  0]LogD3D11RHI:     DeviceId    : 1b82
[2022.02.26-22.50.30:259][  0]LogD3D11RHI:     SubSysId    : c3041462
[2022.02.26-22.50.30:259][  0]LogD3D11RHI:     Revision    : 00a1
[2022.02.26-22.50.30:259][  0]LogD3D11RHI:     DedicatedVideoMemory : 8471445504 bytes
[2022.02.26-22.50.30:259][  0]LogD3D11RHI:     DedicatedSystemMemory : 0 bytes
[2022.02.26-22.50.30:259][  0]LogD3D11RHI:     SharedSystemMemory : 17141110784 bytes
[2022.02.26-22.50.30:259][  0]LogD3D11RHI:     AdapterLuid : 0 55659
[2022.02.26-22.50.30:267][  0]LogD3D11RHI: Creating new Direct3DDevice
[2022.02.26-22.50.30:267][  0]LogD3D11RHI:     GPU DeviceId: 0x1b82 (for the marketing name, search the web for "GPU Device Id")
[2022.02.26-22.50.30:267][  0]LogWindows: EnumDisplayDevices:
[2022.02.26-22.50.30:268][  0]LogWindows:    0. 'NVIDIA GeForce GTX 1070 Ti' (P:0 D:1)
[2022.02.26-22.50.30:268][  0]LogWindows:    1. 'NVIDIA GeForce GTX 1070 Ti' (P:1 D:1)
[2022.02.26-22.50.30:268][  0]LogWindows:    2. 'NVIDIA GeForce GTX 1070 Ti' (P:0 D:0)
[2022.02.26-22.50.30:269][  0]LogWindows:    3. 'NVIDIA GeForce GTX 1070 Ti' (P:0 D:0)
[2022.02.26-22.50.30:269][  0]LogWindows: DebugString: FoundDriverCount:4 
[2022.02.26-22.50.30:269][  0]LogD3D11RHI:     Adapter Name: NVIDIA GeForce GTX 1070 Ti
[2022.02.26-22.50.30:269][  0]LogD3D11RHI:   Driver Version: 472.12 (internal:30.0.14.7212, unified:472.12)
[2022.02.26-22.50.30:269][  0]LogD3D11RHI:      Driver Date: 9-13-2021
[2022.02.26-22.50.30:269][  0]LogRHI: Texture pool is 5655 MB (70% of 8079 MB)
[2022.02.26-22.50.30:269][  0]LogD3D11RHI: Creating D3DDevice using adapter:
[2022.02.26-22.50.30:269][  0]LogD3D11RHI:     Description : NVIDIA GeForce GTX 1070 Ti
[2022.02.26-22.50.30:270][  0]LogD3D11RHI:     VendorId    : 10de
[2022.02.26-22.50.30:270][  0]LogD3D11RHI:     DeviceId    : 1b82
[2022.02.26-22.50.30:270][  0]LogD3D11RHI:     SubSysId    : c3041462
[2022.02.26-22.50.30:270][  0]LogD3D11RHI:     Revision    : 00a1
[2022.02.26-22.50.30:270][  0]LogD3D11RHI:     DedicatedVideoMemory : 8471445504 bytes
[2022.02.26-22.50.30:270][  0]LogD3D11RHI:     DedicatedSystemMemory : 0 bytes
[2022.02.26-22.50.30:270][  0]LogD3D11RHI:     SharedSystemMemory : 17141110784 bytes
[2022.02.26-22.50.30:270][  0]LogD3D11RHI:     AdapterLuid : 0 55659
[2022.02.26-22.50.30:352][  0]LogD3D11RHI: RHI has support for 64 bit atomics
[2022.02.26-22.50.30:353][  0]LogD3D11RHI: Async texture creation enabled
[2022.02.26-22.50.30:353][  0]LogD3D11RHI: Array index from any shader is supported
[2022.02.26-22.50.30:382][  0]LogD3D11RHI: GPU Timing Frequency: 1000.000000 (Debug: 2 2)
[2022.02.26-22.50.30:460][  0]LogRHI: GeForceNow SDK initialized: 1
[2022.02.26-22.50.30:767][  0]LogTargetPlatformManager: Display: Loaded TargetPlatform 'AllDesktop'
[2022.02.26-22.50.30:786][  0]LogTargetPlatformManager: Display: Loaded TargetPlatform 'Android'
[2022.02.26-22.50.30:786][  0]LogTargetPlatformManager: Display: Loaded TargetPlatform 'Android_ASTC'
[2022.02.26-22.50.30:786][  0]LogTargetPlatformManager: Display: Loaded TargetPlatform 'Android_DXT'
[2022.02.26-22.50.30:786][  0]LogTargetPlatformManager: Display: Loaded TargetPlatform 'Android_ETC2'
[2022.02.26-22.50.30:786][  0]LogTargetPlatformManager: Display: Loaded TargetPlatform 'AndroidClient'
[2022.02.26-22.50.30:787][  0]LogTargetPlatformManager: Display: Loaded TargetPlatform 'Android_ASTCClient'
[2022.02.26-22.50.30:787][  0]LogTargetPlatformManager: Display: Loaded TargetPlatform 'Android_DXTClient'
[2022.02.26-22.50.30:787][  0]LogTargetPlatformManager: Display: Loaded TargetPlatform 'Android_ETC2Client'
[2022.02.26-22.50.30:787][  0]LogTargetPlatformManager: Display: Loaded TargetPlatform 'Android_Multi'
[2022.02.26-22.50.30:787][  0]LogTargetPlatformManager: Display: Loaded TargetPlatform 'Android_MultiClient'
[2022.02.26-22.50.30:808][  0]LogTargetPlatformManager: Display: Loaded TargetPlatform 'IOSClient'
[2022.02.26-22.50.30:808][  0]LogTargetPlatformManager: Display: Loaded TargetPlatform 'IOS'
[2022.02.26-22.50.30:817][  0]LogTargetPlatformManager: Display: Loaded TargetPlatform 'Linux'
[2022.02.26-22.50.30:822][  0]LogTargetPlatformManager: Display: Loaded TargetPlatform 'LinuxNoEditor'
[2022.02.26-22.50.30:828][  0]LogTargetPlatformManager: Display: Loaded TargetPlatform 'LinuxClient'
[2022.02.26-22.50.30:833][  0]LogTargetPlatformManager: Display: Loaded TargetPlatform 'LinuxServer'
[2022.02.26-22.50.30:842][  0]LogTargetPlatformManager: Display: Loaded TargetPlatform 'LinuxAArch64NoEditor'
[2022.02.26-22.50.30:848][  0]LogTargetPlatformManager: Display: Loaded TargetPlatform 'LinuxAArch64Client'
[2022.02.26-22.50.30:853][  0]LogTargetPlatformManager: Display: Loaded TargetPlatform 'LinuxAArch64Server'
[2022.02.26-22.50.30:874][  0]LogTargetPlatformManager: Display: Loaded TargetPlatform 'Lumin'
[2022.02.26-22.50.30:874][  0]LogTargetPlatformManager: Display: Loaded TargetPlatform 'LuminClient'
[2022.02.26-22.50.30:882][  0]LogTargetPlatformManager: Display: Loaded TargetPlatform 'MacNoEditor'
[2022.02.26-22.50.30:888][  0]LogTargetPlatformManager: Display: Loaded TargetPlatform 'Mac'
[2022.02.26-22.50.30:893][  0]LogTargetPlatformManager: Display: Loaded TargetPlatform 'MacClient'
[2022.02.26-22.50.30:898][  0]LogTargetPlatformManager: Display: Loaded TargetPlatform 'MacServer'
[2022.02.26-22.50.30:908][  0]LogTargetPlatformManager: Display: Loaded TargetPlatform 'TVOSClient'
[2022.02.26-22.50.30:908][  0]LogTargetPlatformManager: Display: Loaded TargetPlatform 'TVOS'
[2022.02.26-22.50.30:918][  0]LogTargetPlatformManager: Display: Loaded TargetPlatform 'WindowsNoEditor'
[2022.02.26-22.50.30:923][  0]LogTargetPlatformManager: Display: Loaded TargetPlatform 'Windows'
[2022.02.26-22.50.30:928][  0]LogTargetPlatformManager: Display: Loaded TargetPlatform 'WindowsClient'
[2022.02.26-22.50.30:934][  0]LogTargetPlatformManager: Display: Loaded TargetPlatform 'WindowsServer'
[2022.02.26-22.50.30:934][  0]LogTargetPlatformManager: Display: Building Assets For Windows
[2022.02.26-22.50.30:945][  0]LogAudioDebug: Display: Lib vorbis DLL was dynamically loaded.
[2022.02.26-22.50.30:990][  0]LogTextureFormatOodle: Display: Oodle Texture 2.9.0 init RDO Off
[2022.02.26-22.50.31:049][  0]LogRendererCore: Ray tracing is disabled. Reason: r.RayTracing=0.
[2022.02.26-22.50.31:050][  0]LogShaderCompilers: Guid format shader working directory is 4 characters bigger than the processId version (../../../../../CppCourseBasic/FirstProject/Intermediate/Shaders/WorkingDirectory/3612/).
[2022.02.26-22.50.31:050][  0]LogShaderCompilers: Cleaned the shader compiler working directory 'C:/Users/Pablo/AppData/Local/Temp/UnrealShaderWorkingDir/6657F22A41692E7F597C838D2351457E/'.
[2022.02.26-22.50.31:050][  0]LogXGEController: Cannot use XGE Controller as Incredibuild is not installed on this machine.
[2022.02.26-22.50.31:050][  0]LogShaderCompilers: Cannot use XGE Shader Compiler as Incredibuild is not installed on this machine.
[2022.02.26-22.50.31:050][  0]LogShaderCompilers: Display: Using Local Shader Compiler.
[2022.02.26-22.50.31:673][  0]LogDerivedDataCache: Display: Max Cache Size: 512 MB
[2022.02.26-22.50.31:720][  0]LogDerivedDataCache: Loaded boot cache 0.05s 97MB C:/Users/Pablo/AppData/Local/UnrealEngine/4.27/DerivedDataCache/Boot.ddc.
[2022.02.26-22.50.31:720][  0]LogDerivedDataCache: Display: Loaded Boot cache: C:/Users/Pablo/AppData/Local/UnrealEngine/4.27/DerivedDataCache/Boot.ddc
[2022.02.26-22.50.31:720][  0]LogDerivedDataCache: FDerivedDataBackendGraph:  Pak pak cache file ../../../../../CppCourseBasic/FirstProject/DerivedDataCache/DDC.ddp not found, will not use a pak cache.
[2022.02.26-22.50.31:720][  0]LogDerivedDataCache: Unable to find inner node Pak for hierarchical cache Hierarchy.
[2022.02.26-22.50.31:720][  0]LogDerivedDataCache: FDerivedDataBackendGraph:  CompressedPak pak cache file ../../../../../CppCourseBasic/FirstProject/DerivedDataCache/Compressed.ddp not found, will not use a pak cache.
[2022.02.26-22.50.31:720][  0]LogDerivedDataCache: Unable to find inner node CompressedPak for hierarchical cache Hierarchy.
[2022.02.26-22.50.31:734][  0]LogDerivedDataCache: Display: Pak cache opened for reading ../../../Engine/DerivedDataCache/Compressed.ddp.
[2022.02.26-22.50.31:734][  0]LogDerivedDataCache: FDerivedDataBackendGraph:  EnterprisePak pak cache file ../../../Enterprise/DerivedDataCache/Compressed.ddp not found, will not use a pak cache.
[2022.02.26-22.50.31:735][  0]LogDerivedDataCache: Unable to find inner node EnterprisePak for hierarchical cache Hierarchy.
[2022.02.26-22.50.31:739][  0]LogDerivedDataCache: Speed tests for C:/Users/Pablo/AppData/Local/UnrealEngine/Common/DerivedDataCache took 0.00 seconds
[2022.02.26-22.50.31:739][  0]LogDerivedDataCache: Display: Performance to C:/Users/Pablo/AppData/Local/UnrealEngine/Common/DerivedDataCache: Latency=0.03ms. RandomReadSpeed=1073.29MBs, RandomWriteSpeed=300.28MBs. Assigned SpeedClass 'Local'
[2022.02.26-22.50.31:741][  0]LogDerivedDataCache: Using Local data cache path C:/Users/Pablo/AppData/Local/UnrealEngine/Common/DerivedDataCache: Writable
[2022.02.26-22.50.31:741][  0]LogDerivedDataCache: Shared data cache path not found in *engine.ini, will not use an Shared cache.
[2022.02.26-22.50.31:741][  0]LogDerivedDataCache: Unable to find inner node Shared for hierarchical cache Hierarchy.
[2022.02.26-22.50.31:780][  0]LogSlate: Using FreeType 2.10.0
[2022.02.26-22.50.31:780][  0]LogSlate: SlateFontServices - WITH_FREETYPE: 1, WITH_HARFBUZZ: 1
[2022.02.26-22.50.31:803][  0]LogAssetRegistry: FAssetRegistry took 0.0043 seconds to start up
[2022.02.26-22.50.31:990][  0]LogInit: Selected Device Profile: [Windows]
[2022.02.26-22.50.31:990][  0]LogInit: Active device profile: [0000023A1E610C00][0000023A1E14FB40 49] Windows
[2022.02.26-22.50.31:990][  0]LogInit: Profiles: [0000023A1E610C00][0000023A1E14FB40 49] Windows, [0000023A1E5C6200][0000023A1E156140 49] WindowsNoEditor, [0000023A1E611A00][0000023A1E15A2C0 49] WindowsServer, [0000023A1E5C6F00][0000023A1E15E440 49] WindowsClient, [0000023A1E612600][0000023A1E152580 49] IOS, [0000023A1E5C4E00][0000023A1E1626C0 49] iPadAir, [0000023A1E610A00][0000023A1E166800 49] iPadAir2, [0000023A1F988E00][0000023A1E172A80 49] IPadPro, [0000023A1F988F00][0000023A1E16AAC0 49] iPadAir3, [0000023A1E5C6300][0000023A1E176C40 49] iPadAir4, [0000023A1F98B400][0000023A1E17ADC0 49] iPadMini2, [0000023A1E5C5600][0000023A1E17EF40 49] iPadMini3, [0000023A1F98BA00][0000023A1E1830C0 49] iPadMini4, [0000023A1E5C7300][0000023A1E187240 49] iPadMini5, [0000023A1F9AC800][0000023A1E18F500 49] iPhone6, [0000023A1F9AC900][0000023A1E18B540 49] iPodTouch6, [0000023A1E613000][0000023A1E197800 49] iPhone7, [0000023A1E613100][0000023A1E193840 49] iPodTouch7, [0000023A1F98B500][0000023A1E19B9C0 49] iPhone5S, [0000023A1F988600][0000023A1F403B40 49] iPhone6Plus, [0000023A1F9AE800][0000023A1F406140 49] iPhone6S, [0000023A1F989400][0000023A1F40A2C0 49] iPhone6SPlus, [0000023A1F9AE600][0000023A1F40E440 49] iPhone7Plus, [0000023A1F98BD00][0000023A1F4125C0 49] iPhoneSE, [0000023A1F9AE500][0000023A1F416740 49] iPhone8, [0000023A1F989800][0000023A1E16E880 49] iPhone8Plus, [0000023A1E612A00][0000023A1F41A9C0 49] iPhoneX, [0000023A1F98A800][0000023A1F41EB00 49] iPhoneXS, [0000023A1E612D00][0000023A1F426C80 49] iPhoneXSMax, [0000023A1F988D00][0000023A1F42AE00 49] iPhoneXR, [0000023A1E611900][0000023A1F42EF80 49] iPhone11, [0000023A1F98A700][0000023A1F433100 49] iPhone11Pro, [0000023A1E610E00][0000023A1F437280 49] iPhone11ProMax, [0000023A1F988400][0000023A1F43B400 49] iPhoneSE2, [0000023A1E610400][0000023A1F43F580 49] iPhone12Mini, [0000023A1F988A00][0000023A1F443700 49] iPhone12, [0000023A1E613C00][0000023A1F447880 49] iPhone12Pro, [0000023A1F989600][0000023A1F44BA00 49] iPhone12ProMax, [0000023A1E612000][0000023A1F44FB80 49] iPadPro105, [0000023A1F98A500][0000023A1F452180 49] iPadPro129, [0000023A1E610600][0000023A1F456300 49] iPadPro97, [0000023A1F98B900][0000023A1C2C6480 49] iPadPro2_129, [0000023A1E613E00][0000023A1C2CA600 49] iPad5, [0000023A1F989100][0000023A1C34C780 49] iPad6, [0000023A1E613600][0000023A1C350900 49] iPad7, [0000023A1F98B700][0000023A1F422A40 49] iPad8, [0000023A1E612400][0000023A1C4F8B80 49] iPadPro11, [0000023A1F988500][0000023A1C4FCCC0 49] iPadPro2_11, [0000023A1E612E00][0000023A1C358E40 49] iPadPro3_129, [0000023A1F98AC00][0000023A1C364FC0 49] iPadPro4_129, [0000023A1E611700][0000023A1C1E9140 49] AppleTV, [0000023A1F989C00][0000023A1F5AB2C0 49] AppleTV4K, [0000023A1E612500][0000023A1F463440 49] TVOS, [0000023A1F989F00][0000023A1F4675C0 49] Mac, [0000023A1E610F00][0000023A1F473740 49] MacClient, [0000023A1F989200][0000023A1F4778C0 49] MacNoEditor, [0000023A1E610700][0000023A1F47FA40 49] MacServer, [0000023A1F989500][0000023A1F48FBC0 49] Linux, [0000023A1E613B00][0000023A209681C0 49] LinuxAArch64, [0000023A1F988200][0000023A2096C340 49] LinuxNoEditor, [0000023A1E610200][0000023A209704C0 49] LinuxAArch64NoEditor, [0000023A1F98B800][0000023A2099A640 49] LinuxClient, [0000023A1E613300][0000023A209A27C0 49] LinuxAArch64Client, [0000023A1F98A200][0000023A209AA940 49] LinuxServer, [0000023A1E612200][0000023A1C316AC0 49] LinuxAArch64Server, [0000023A1F98AA00][0000023A1C354C00 49] Android, [0000023A1E613F00][0000023A1C326D40 49] Android_Low, [0000023A1F988C00][0000023A1C32AE80 49] Android_Mid, [0000023A1E611C00][0000023A1C4DCFC0 49] Android_High, [0000023A1F98A900][0000023A1C1D9140 49] Android_Default, [0000023A1E611600][0000023A1C1DD2C0 49] Android_Adreno4xx, [0000023A1F989900][0000023A1C1E1440 49] Android_Adreno5xx_Low, [0000023A1E611300][0000023A1C1E55C0 49] Android_Adreno5xx, [0000023A1F9AF800][0000023A1DE59740 49] Android_Adreno6xx, [0000023A1E5C5500][0000023A1DE6D8C0 49] Android_Adreno6xx_Vulkan, [0000023A1F9ADE00][0000023A1C333A40 49] Android_Mali_T6xx, [0000023A1E5C5200][0000023A1C337BC0 49] Android_Mali_T7xx, [0000023A1F9AD400][0000023A1C33A1C0 49] Android_Mali_T8xx, [0000023A1E5C5800][0000023A1C33E340 49] Android_Mali_G71, [0000023A1F9ACC00][0000023A1C3464C0 49] Android_Mali_G72, [0000023A1E5C6B00][0000023A1F564640 49] Android_Mali_G72_Vulkan, [0000023A1F9AC400][0000023A1F5687C0 49] Android_Mali_G76, [0000023A1E5C4B00][0000023A1F56C940 49] Android_Mali_G76_Vulkan, [0000023A1F9AF400][0000023A1F570AC0 49] Android_Mali_G77, [0000023A1E5C6700][0000023A1C28CC40 49] Android_Mali_G77_Vulkan, [0000023A1F9AE400][0000023A1C32ED80 49] Android_Mali_G78, [0000023A1E5C6E00][0000023A1C290EC0 49] Android_Mali_G78_Vulkan, [0000023A1F9AF600][0000023A1C295000 49] Android_Mali_G710, [0000023A1E5C4F00][0000023A206DB140 49] Android_Mali_G710_Vulkan, [0000023A1F9AE900][0000023A206E32C0 49] Android_Vulkan_SM5, [0000023A1E5C7E00][0000023A20757440 49] Android_PowerVR_G6xxx, [0000023A1F9AD500][0000023A2075B5C0 49] Android_PowerVR_GT7xxx, [0000023A1E5C6800][0000023A1C48D740 49] Android_PowerVR_GE8xxx, [0000023A1F9ADD00][0000023A1C4CD8C0 49] Android_PowerVR_GM9xxx, [0000023A1E5C4D00][0000023A1C4D1A40 49] Android_PowerVR_GM9xxx_Vulkan, [0000023A1F9ACF00][0000023A1C4D5BC0 49] Android_TegraK1, [0000023A1E5C6D00][0000023A1C4D81C0 49] Android_Unknown_Vulkan, [0000023A1F9AF200][0000023A1C16A340 49] Lumin, [0000023A1E5C7500][0000023A1C16E4C0 49] Lumin_Desktop, [0000023A1F9AD300][0000023A1C172640 49] HoloLens, 
[2022.02.26-22.50.32:113][  0]LogMeshReduction: Using QuadricMeshReduction for automatic static mesh reduction
[2022.02.26-22.50.32:113][  0]LogMeshReduction: Using SimplygonMeshReduction for automatic skeletal mesh reduction
[2022.02.26-22.50.32:113][  0]LogMeshReduction: Using ProxyLODMeshReduction for automatic mesh merging
[2022.02.26-22.50.32:113][  0]LogMeshReduction: No distributed automatic mesh merging module available
[2022.02.26-22.50.32:113][  0]LogMeshMerging: No distributed automatic mesh merging module available
[2022.02.26-22.50.32:130][  0]LogNetVersion: FirstProject 1.0.0, NetCL: 17155196, EngineNetVer: 17, GameNetVer: 0 (Checksum: 1409045027)
[2022.02.26-22.50.32:442][  0]LogTexture: Default maximum texture size for cubemaps generated from long-lat sources has been changed from 512 to unlimited. In order to preserve old behaiour for '/Engine/MapTemplates/Sky/DaylightAmbientCubemap.DaylightAmbientCubemap', its maximum texture size has been explicitly set to 512.
[2022.02.26-22.50.32:487][  0]LogHMD: PokeAHoleMaterial loaded successfully
[2022.02.26-22.50.32:492][  0]LogUObjectArray: 17178 objects as part of root set at end of initial load.
[2022.02.26-22.50.32:492][  0]LogUObjectAllocator: 4302048 out of 0 bytes used by permanent object pool.
[2022.02.26-22.50.32:492][  0]LogUObjectArray: CloseDisregardForGC: 0/0 objects in disregard for GC pool
[2022.02.26-22.50.32:878][  0]LogNiagaraDebuggerClient: Niagara Debugger Client Initialized | Session: 4F8A98D44C3B380FDB7428A242E8B028 | Instance: 57467FF94FB450153F1F65AD2AEDC22C (DESKTOP-PATULNA-3612).
[2022.02.26-22.50.32:917][  0]LogUdpMessaging: Initializing bridge on interface 0.0.0.0:0 to multicast group 230.0.0.1:6666.
[2022.02.26-22.50.32:939][  0]LogPython: Using Python 3.7.7
[2022.02.26-22.50.33:358][  0]LogTcpMessaging: Initializing TcpMessaging bridge
[2022.02.26-22.50.33:631][  0]SourceControl: Source control is disabled
[2022.02.26-22.50.33:631][  0]SourceControl: Source control is disabled
[2022.02.26-22.50.33:810][  0]LogOpenImageDenoise: OIDN starting up
[2022.02.26-22.50.33:826][  0]LogAndroidPermission: UAndroidPermissionCallbackProxy::GetInstance
[2022.02.26-22.50.33:854][  0]LogAudioCaptureCore: Display: No Audio Capture implementations found. Audio input will be silent.
[2022.02.26-22.50.33:854][  0]LogAudioCaptureCore: Display: No Audio Capture implementations found. Audio input will be silent.
[2022.02.26-22.50.33:938][  0]SourceControl: Source control is disabled
[2022.02.26-22.50.33:943][  0]SourceControl: Source control is disabled
[2022.02.26-22.50.33:953][  0]SourceControl: Source control is disabled
[2022.02.26-22.50.33:961][  0]LogUProjectInfo: Found projects:
[2022.02.26-22.50.34:025][  0]LogCollectionManager: Loaded 0 collections in 0.000572 seconds
[2022.02.26-22.50.34:053][  0]LogFileCache: Scanning file cache for directory 'E:/CppCourseBasic/FirstProject/Saved/Collections/' took 0.00s
[2022.02.26-22.50.34:053][  0]LogFileCache: Scanning file cache for directory 'E:/CppCourseBasic/FirstProject/Content/Developers/Pablo/Collections/' took 0.00s
[2022.02.26-22.50.34:053][  0]LogFileCache: Scanning file cache for directory 'E:/CppCourseBasic/FirstProject/Content/Collections/' took 0.00s
[2022.02.26-22.50.34:053][  0]LogOcInput: OculusInput pre-init called
[2022.02.26-22.50.34:272][  0]LogEngine: Initializing Engine...
[2022.02.26-22.50.34:276][  0]LogHMD: Failed to enumerate extensions. Please check that you have a valid OpenXR runtime installed.
[2022.02.26-22.50.34:276][  0]LogHMD: Failed to initialize OpenVR with code 110
[2022.02.26-22.50.34:276][  0]LogMagicLeap: Warning: VR disabled because ZI is not enabled.  To enable, in the editor, Edit -> Project Settings -> Plugins -> Magic Leap Plugin -> Enable Zero Iteration
[2022.02.26-22.50.34:277][  0]LogStats: UGameplayTagsManager::InitializeManager -  0.000 s
[2022.02.26-22.50.34:370][  0]LogInit: Initializing FReadOnlyCVARCache
[2022.02.26-22.50.34:378][  0]LogAIModule: Creating AISystem for world Untitled
[2022.02.26-22.50.34:388][  0]LogAudio: Display: Initializing Audio Device Manager...
[2022.02.26-22.50.34:394][  0]LogAudio: Display: Loading Default Audio Settings Objects...
[2022.02.26-22.50.34:395][  0]LogAudio: Display: No default SoundConcurrencyObject specified (or failed to load).
[2022.02.26-22.50.34:396][  0]LogAudio: Display: Audio Device Manager Initialized
[2022.02.26-22.50.34:396][  0]LogAudio: Display: Creating Audio Device:                 Id: 1, Scope: Shared, Realtime: True
[2022.02.26-22.50.34:396][  0]LogAudioMixer: Display: Audio Mixer Platform Settings:
[2022.02.26-22.50.34:396][  0]LogAudioMixer: Display: 	Sample Rate:						  48000
[2022.02.26-22.50.34:396][  0]LogAudioMixer: Display: 	Callback Buffer Frame Size Requested: 1024
[2022.02.26-22.50.34:396][  0]LogAudioMixer: Display: 	Callback Buffer Frame Size To Use:	  1024
[2022.02.26-22.50.34:396][  0]LogAudioMixer: Display: 	Number of buffers to queue:			  2
[2022.02.26-22.50.34:396][  0]LogAudioMixer: Display: 	Max Channels (voices):				  32
[2022.02.26-22.50.34:396][  0]LogAudioMixer: Display: 	Number of Async Source Workers:		  0
[2022.02.26-22.50.34:396][  0]LogAudio: Display: AudioDevice MaxSources: 32
[2022.02.26-22.50.34:397][  0]LogAudio: Display: Audio Spatialization Plugin: None (built-in).
[2022.02.26-22.50.34:397][  0]LogAudio: Display: Audio Reverb Plugin: None (built-in).
[2022.02.26-22.50.34:397][  0]LogAudio: Display: Audio Occlusion Plugin: None (built-in).
[2022.02.26-22.50.34:397][  0]LogAudioMixer: Display: Initializing audio mixer.
[2022.02.26-22.50.34:416][  0]LogAudioMixer: Display: 0: FrontLeft
[2022.02.26-22.50.34:416][  0]LogAudioMixer: Display: 1: FrontRight
[2022.02.26-22.50.34:447][  0]LogAudioMixer: Display: Using Audio Device Altavoces (3- USB Audio Device)
[2022.02.26-22.50.34:449][  0]LogAudioMixer: Display: Initializing Sound Submixes...
[2022.02.26-22.50.34:451][  0]LogAudioMixer: Display: Creating Master Submix 'MasterSubmixDefault'
[2022.02.26-22.50.34:451][  0]LogAudioMixer: Display: Creating Master Submix 'MasterReverbSubmixDefault'
[2022.02.26-22.50.34:452][  0]LogAudioMixer: Display: Creating Master Submix 'MasterEQSubmixDefault'
[2022.02.26-22.50.34:452][  0]LogAudioMixer: FMixerPlatformXAudio2::StartAudioStream() called
[2022.02.26-22.50.34:452][  0]LogAudioMixer: Display: Output buffers initialized: Frames=1024, Channels=2, Samples=2048
[2022.02.26-22.50.34:454][  0]LogAudioMixer: Display: Starting AudioMixerPlatformInterface::RunInternal()
[2022.02.26-22.50.34:454][  0]LogAudioMixer: Display: FMixerPlatformXAudio2::SubmitBuffer() called for the first time
[2022.02.26-22.50.34:454][  0]LogInit: FAudioDevice initialized.
[2022.02.26-22.50.34:455][  0]LogAudio: Display: Audio Device (ID: 1) registered with world 'Untitled'.
[2022.02.26-22.50.34:455][  0]LogNetVersion: Set ProjectVersion to 1.0.0.0. Version Checksum will be recalculated on next use.
[2022.02.26-22.50.34:562][  0]LogDerivedDataCache: Saved boot cache 0.11s 94MB C:/Users/Pablo/AppData/Local/UnrealEngine/4.27/DerivedDataCache/Boot.ddc.
[2022.02.26-22.50.34:564][  0]LogInit: Texture streaming: Enabled
[2022.02.26-22.50.34:576][  0]LogAnalytics: Display: [UEEditor.Rocket.Release] APIServer = https://datarouter.ol.epicgames.com/. AppVersion = 4.27.2-18319896+++UE4+Release-4.27
[2022.02.26-22.50.34:583][  0]LogEngineSessionManager: EngineSessionManager initialized
[2022.02.26-22.50.34:583][  0]LogEditorSessionSummary: Verbose: Initializing EditorSessionSummaryWriter for editor session tracking
[2022.02.26-22.50.34:596][  0]LogEditorSessionSummary: EditorSessionSummaryWriter initialized
[2022.02.26-22.50.34:615][  0]LogInit: Transaction tracking system initialized
[2022.02.26-22.50.34:640][  0]BlueprintLog: New page: Editor Load
[2022.02.26-22.50.34:707][  0]LocalizationService: Localization service is disabled
[2022.02.26-22.50.34:734][  0]TimingProfiler: Initialize
[2022.02.26-22.50.34:735][  0]TimingProfiler: OnSessionChanged
[2022.02.26-22.50.34:735][  0]LoadingProfiler: Initialize
[2022.02.26-22.50.34:735][  0]LoadingProfiler: OnSessionChanged
[2022.02.26-22.50.34:735][  0]NetworkingProfiler: Initialize
[2022.02.26-22.50.34:735][  0]NetworkingProfiler: OnSessionChanged
[2022.02.26-22.50.34:735][  0]MemoryProfiler: Initialize
[2022.02.26-22.50.34:735][  0]MemoryProfiler: OnSessionChanged
[2022.02.26-22.50.34:856][  0]LogCook: Display: CookSettings for Memory: MemoryMaxUsedVirtual 0MiB, MemoryMaxUsedPhysical 16384MiB, MemoryMinFreeVirtual 0MiB, MemoryMinFreePhysical 1024MiB
[2022.02.26-22.50.34:856][  0]LogCook: Display: Mobile HDR setting 1
[2022.02.26-22.50.34:878][  0]LogFileCache: Scanning file cache for directory 'E:/CppCourseBasic/FirstProject/Content/' took 0.01s
[2022.02.26-22.50.35:233][  0]LogInit: Display: Engine is initialized. Leaving FEngineLoop::Init()
[2022.02.26-22.50.35:239][  0]SourceControl: Source control is disabled
[2022.02.26-22.50.35:240][  0]LogUnrealEdMisc: Loading editor; pre map load, took 6.840
[2022.02.26-22.50.35:240][  0]Cmd: MAP LOAD FILE="../../../../../CppCourseBasic/FirstProject/Content/Maps/SunTemple.umap" TEMPLATE=0 SHOWPROGRESS=1 FEATURELEVEL=3
[2022.02.26-22.50.35:240][  0]LightingResults: New page: Lighting Build
[2022.02.26-22.50.35:241][  0]LogWorld: UWorld::CleanupWorld for Untitled, bSessionEnded=true, bCleanupResources=true
[2022.02.26-22.50.35:241][  0]LogSlate: InvalidateAllWidgets triggered.  All widgets were invalidated
[2022.02.26-22.50.35:241][  0]MapCheck: New page: Map Check
[2022.02.26-22.50.35:242][  0]LightingResults: New page: Lighting Build
[2022.02.26-22.50.35:245][  0]LogAudio: Display: Audio Device unregistered from world 'None'.
[2022.02.26-22.50.35:249][  0]LogUObjectHash: Compacting FUObjectHashTables data took   0.62ms
[2022.02.26-22.50.35:384][  0]LogTexture: Default maximum texture size for cubemaps generated from long-lat sources has been changed from 512 to unlimited. In order to preserve old behaiour for '/Game/Assets/Textures/Sky54a2048.Sky54a2048', its maximum texture size has been explicitly set to 512.
[2022.02.26-22.50.35:560][  0]LogAudio: Display: Audio Device (ID: 1) registered with world 'SunTemple'.
[2022.02.26-22.50.35:561][  0]LogAIModule: Creating AISystem for world SunTemple
[2022.02.26-22.50.35:584][  0]LogEditorServer: Finished looking for orphan Actors (0.000 secs)
[2022.02.26-22.50.35:608][  0]LogUObjectHash: Compacting FUObjectHashTables data took   0.70ms
[2022.02.26-22.50.35:608][  0]Cmd: MAP CHECKDEP NOCLEARLOG
[2022.02.26-22.50.35:609][  0]MapCheck: Map check complete: 0 Error(s), 0 Warning(s), took 0.213ms to complete.
[2022.02.26-22.50.35:609][  0]LogFileHelpers: Loading map 'SunTemple' took 0.369
[2022.02.26-22.50.35:611][  0]LogUnrealEdMisc: Total Editor Startup Time, took 7.211
[2022.02.26-22.50.35:980][  0]LogSlate: Only BGRA pngs, bmps or icos are supported in by External Image Picker
[2022.02.26-22.50.36:050][  0]LogSlate: Took 0.000123 seconds to synchronously load lazily loaded font '../../../Engine/Content/Slate/Fonts/Roboto-Regular.ttf' (155K)
[2022.02.26-22.50.36:520][  0]LogSlate: Updating window title bar state: overlay mode, drag disabled, window buttons hidden, title bar hidden
[2022.02.26-22.50.36:541][  0]LogSlate: Updating window title bar state: overlay mode, drag disabled, window buttons hidden, title bar hidden
[2022.02.26-22.50.36:561][  0]LogSlate: Updating window title bar state: overlay mode, drag disabled, window buttons hidden, title bar hidden
[2022.02.26-22.50.36:567][  0]LogSlate: Updating window title bar state: overlay mode, drag disabled, window buttons hidden, title bar hidden
[2022.02.26-22.50.36:582][  0]LogNativeClassHierarchy: Verbose: Native class hierarchy populated in 0.0077 seconds. Added 3828 classes and 931 folders.
[2022.02.26-22.50.36:585][  0]LogNativeClassHierarchy: Verbose: Native class hierarchy updated for 'WidgetCarousel' in 0.0002 seconds. Added 0 classes and 0 folders.
[2022.02.26-22.50.36:586][  0]LogPakFile: PakFile PrimaryIndexSize=187
[2022.02.26-22.50.36:586][  0]LogPakFile: PakFile PathHashIndexSize=101
[2022.02.26-22.50.36:586][  0]LogPakFile: PakFile FullDirectoryIndexSize=148
[2022.02.26-22.50.36:586][  0]LogShaderLibrary: Display: ShaderCodeLibraryPakFileMountedCallback: PakFile 'E:/Unreal/UE_4.27/FeaturePacks/FP_FirstPerson.upack' (chunk index -1, root 'root:/') mounted
[2022.02.26-22.50.36:586][  0]LogShaderLibrary: Display: ShaderCodeLibraryPakFileMountedCallback: pending pak file info (ChunkID:-1 Root:root:/ File:E:/Unreal/UE_4.27/FeaturePacks/FP_FirstPerson.upack)
[2022.02.26-22.50.36:587][  0]LogPakFile: OnPakFileMounted2Time == 0.000167
[2022.02.26-22.50.36:587][  0]LogPakFile: PakFile PrimaryIndexSize=189
[2022.02.26-22.50.36:587][  0]LogPakFile: PakFile PathHashIndexSize=101
[2022.02.26-22.50.36:587][  0]LogPakFile: PakFile FullDirectoryIndexSize=152
[2022.02.26-22.50.36:587][  0]LogShaderLibrary: Display: ShaderCodeLibraryPakFileMountedCallback: PakFile 'E:/Unreal/UE_4.27/FeaturePacks/FP_FirstPersonBP.upack' (chunk index -1, root 'root:/') mounted
[2022.02.26-22.50.36:587][  0]LogShaderLibrary: Display: ShaderCodeLibraryPakFileMountedCallback: pending pak file info (ChunkID:-1 Root:root:/ File:E:/Unreal/UE_4.27/FeaturePacks/FP_FirstPersonBP.upack)
[2022.02.26-22.50.36:588][  0]LogPakFile: OnPakFileMounted2Time == 0.000132
[2022.02.26-22.50.36:588][  0]LogPakFile: PakFile PrimaryIndexSize=191
[2022.02.26-22.50.36:588][  0]LogPakFile: PakFile PathHashIndexSize=101
[2022.02.26-22.50.36:588][  0]LogPakFile: PakFile FullDirectoryIndexSize=160
[2022.02.26-22.50.36:588][  0]LogShaderLibrary: Display: ShaderCodeLibraryPakFileMountedCallback: PakFile 'E:/Unreal/UE_4.27/FeaturePacks/MobileStarterContent.upack' (chunk index -1, root 'root:/') mounted
[2022.02.26-22.50.36:588][  0]LogShaderLibrary: Display: ShaderCodeLibraryPakFileMountedCallback: pending pak file info (ChunkID:-1 Root:root:/ File:E:/Unreal/UE_4.27/FeaturePacks/MobileStarterContent.upack)
[2022.02.26-22.50.36:588][  0]LogPakFile: OnPakFileMounted2Time == 0.000178
[2022.02.26-22.50.36:589][  0]LogPakFile: PakFile PrimaryIndexSize=185
[2022.02.26-22.50.36:589][  0]LogPakFile: PakFile PathHashIndexSize=101
[2022.02.26-22.50.36:589][  0]LogPakFile: PakFile FullDirectoryIndexSize=148
[2022.02.26-22.50.36:589][  0]LogShaderLibrary: Display: ShaderCodeLibraryPakFileMountedCallback: PakFile 'E:/Unreal/UE_4.27/FeaturePacks/StarterContent.upack' (chunk index -1, root 'root:/') mounted
[2022.02.26-22.50.36:589][  0]LogShaderLibrary: Display: ShaderCodeLibraryPakFileMountedCallback: pending pak file info (ChunkID:-1 Root:root:/ File:E:/Unreal/UE_4.27/FeaturePacks/StarterContent.upack)
[2022.02.26-22.50.36:589][  0]LogPakFile: OnPakFileMounted2Time == 0.000115
[2022.02.26-22.50.36:590][  0]LogPakFile: PakFile PrimaryIndexSize=190
[2022.02.26-22.50.36:590][  0]LogPakFile: PakFile PathHashIndexSize=101
[2022.02.26-22.50.36:590][  0]LogPakFile: PakFile FullDirectoryIndexSize=154
[2022.02.26-22.50.36:590][  0]LogShaderLibrary: Display: ShaderCodeLibraryPakFileMountedCallback: PakFile 'E:/Unreal/UE_4.27/FeaturePacks/TP_2DSideScroller.upack' (chunk index -1, root 'root:/') mounted
[2022.02.26-22.50.36:590][  0]LogShaderLibrary: Display: ShaderCodeLibraryPakFileMountedCallback: pending pak file info (ChunkID:-1 Root:root:/ File:E:/Unreal/UE_4.27/FeaturePacks/TP_2DSideScroller.upack)
[2022.02.26-22.50.36:590][  0]LogPakFile: OnPakFileMounted2Time == 0.000114
[2022.02.26-22.50.36:590][  0]LogPakFile: PakFile PrimaryIndexSize=192
[2022.02.26-22.50.36:590][  0]LogPakFile: PakFile PathHashIndexSize=101
[2022.02.26-22.50.36:590][  0]LogPakFile: PakFile FullDirectoryIndexSize=158
[2022.02.26-22.50.36:591][  0]LogShaderLibrary: Display: ShaderCodeLibraryPakFileMountedCallback: PakFile 'E:/Unreal/UE_4.27/FeaturePacks/TP_2DSideScrollerBP.upack' (chunk index -1, root 'root:/') mounted
[2022.02.26-22.50.36:591][  0]LogShaderLibrary: Display: ShaderCodeLibraryPakFileMountedCallback: pending pak file info (ChunkID:-1 Root:root:/ File:E:/Unreal/UE_4.27/FeaturePacks/TP_2DSideScrollerBP.upack)
[2022.02.26-22.50.36:591][  0]LogPakFile: OnPakFileMounted2Time == 0.000109
[2022.02.26-22.50.36:591][  0]LogPakFile: PakFile PrimaryIndexSize=182
[2022.02.26-22.50.36:591][  0]LogPakFile: PakFile PathHashIndexSize=101
[2022.02.26-22.50.36:591][  0]LogPakFile: PakFile FullDirectoryIndexSize=138
[2022.02.26-22.50.36:591][  0]LogShaderLibrary: Display: ShaderCodeLibraryPakFileMountedCallback: PakFile 'E:/Unreal/UE_4.27/FeaturePacks/TP_Flying.upack' (chunk index -1, root 'root:/') mounted
[2022.02.26-22.50.36:591][  0]LogShaderLibrary: Display: ShaderCodeLibraryPakFileMountedCallback: pending pak file info (ChunkID:-1 Root:root:/ File:E:/Unreal/UE_4.27/FeaturePacks/TP_Flying.upack)
[2022.02.26-22.50.36:591][  0]LogPakFile: OnPakFileMounted2Time == 0.000138
[2022.02.26-22.50.36:592][  0]LogPakFile: PakFile PrimaryIndexSize=184
[2022.02.26-22.50.36:592][  0]LogPakFile: PakFile PathHashIndexSize=101
[2022.02.26-22.50.36:592][  0]LogPakFile: PakFile FullDirectoryIndexSize=142
[2022.02.26-22.50.36:592][  0]LogShaderLibrary: Display: ShaderCodeLibraryPakFileMountedCallback: PakFile 'E:/Unreal/UE_4.27/FeaturePacks/TP_FlyingBP.upack' (chunk index -1, root 'root:/') mounted
[2022.02.26-22.50.36:592][  0]LogShaderLibrary: Display: ShaderCodeLibraryPakFileMountedCallback: pending pak file info (ChunkID:-1 Root:root:/ File:E:/Unreal/UE_4.27/FeaturePacks/TP_FlyingBP.upack)
[2022.02.26-22.50.36:592][  0]LogPakFile: OnPakFileMounted2Time == 0.000128
[2022.02.26-22.50.36:593][  0]LogPakFile: PakFile PrimaryIndexSize=188
[2022.02.26-22.50.36:593][  0]LogPakFile: PakFile PathHashIndexSize=101
[2022.02.26-22.50.36:593][  0]LogPakFile: PakFile FullDirectoryIndexSize=150
[2022.02.26-22.50.36:593][  0]LogShaderLibrary: Display: ShaderCodeLibraryPakFileMountedCallback: PakFile 'E:/Unreal/UE_4.27/FeaturePacks/TP_HandheldARBP.upack' (chunk index -1, root 'root:/') mounted
[2022.02.26-22.50.36:593][  0]LogShaderLibrary: Display: ShaderCodeLibraryPakFileMountedCallback: pending pak file info (ChunkID:-1 Root:root:/ File:E:/Unreal/UE_4.27/FeaturePacks/TP_HandheldARBP.upack)
[2022.02.26-22.50.36:593][  0]LogPakFile: OnPakFileMounted2Time == 0.000116
[2022.02.26-22.50.36:594][  0]LogPakFile: PakFile PrimaryIndexSize=182
[2022.02.26-22.50.36:594][  0]LogPakFile: PakFile PathHashIndexSize=101
[2022.02.26-22.50.36:594][  0]LogPakFile: PakFile FullDirectoryIndexSize=138
[2022.02.26-22.50.36:594][  0]LogShaderLibrary: Display: ShaderCodeLibraryPakFileMountedCallback: PakFile 'E:/Unreal/UE_4.27/FeaturePacks/TP_Puzzle.upack' (chunk index -1, root 'root:/') mounted
[2022.02.26-22.50.36:594][  0]LogShaderLibrary: Display: ShaderCodeLibraryPakFileMountedCallback: pending pak file info (ChunkID:-1 Root:root:/ File:E:/Unreal/UE_4.27/FeaturePacks/TP_Puzzle.upack)
[2022.02.26-22.50.36:594][  0]LogPakFile: OnPakFileMounted2Time == 0.000116
[2022.02.26-22.50.36:595][  0]LogPakFile: PakFile PrimaryIndexSize=184
[2022.02.26-22.50.36:595][  0]LogPakFile: PakFile PathHashIndexSize=101
[2022.02.26-22.50.36:595][  0]LogPakFile: PakFile FullDirectoryIndexSize=142
[2022.02.26-22.50.36:595][  0]LogShaderLibrary: Display: ShaderCodeLibraryPakFileMountedCallback: PakFile 'E:/Unreal/UE_4.27/FeaturePacks/TP_PuzzleBP.upack' (chunk index -1, root 'root:/') mounted
[2022.02.26-22.50.36:595][  0]LogShaderLibrary: Display: ShaderCodeLibraryPakFileMountedCallback: pending pak file info (ChunkID:-1 Root:root:/ File:E:/Unreal/UE_4.27/FeaturePacks/TP_PuzzleBP.upack)
[2022.02.26-22.50.36:595][  0]LogPakFile: OnPakFileMounted2Time == 0.000117
[2022.02.26-22.50.36:595][  0]LogPakFile: PakFile PrimaryIndexSize=183
[2022.02.26-22.50.36:595][  0]LogPakFile: PakFile PathHashIndexSize=101
[2022.02.26-22.50.36:595][  0]LogPakFile: PakFile FullDirectoryIndexSize=140
[2022.02.26-22.50.36:595][  0]LogShaderLibrary: Display: ShaderCodeLibraryPakFileMountedCallback: PakFile 'E:/Unreal/UE_4.27/FeaturePacks/TP_Rolling.upack' (chunk index -1, root 'root:/') mounted
[2022.02.26-22.50.36:595][  0]LogShaderLibrary: Display: ShaderCodeLibraryPakFileMountedCallback: pending pak file info (ChunkID:-1 Root:root:/ File:E:/Unreal/UE_4.27/FeaturePacks/TP_Rolling.upack)
[2022.02.26-22.50.36:596][  0]LogPakFile: OnPakFileMounted2Time == 0.000116
[2022.02.26-22.50.36:596][  0]LogPakFile: PakFile PrimaryIndexSize=185
[2022.02.26-22.50.36:596][  0]LogPakFile: PakFile PathHashIndexSize=101
[2022.02.26-22.50.36:596][  0]LogPakFile: PakFile FullDirectoryIndexSize=144
[2022.02.26-22.50.36:596][  0]LogShaderLibrary: Display: ShaderCodeLibraryPakFileMountedCallback: PakFile 'E:/Unreal/UE_4.27/FeaturePacks/TP_RollingBP.upack' (chunk index -1, root 'root:/') mounted
[2022.02.26-22.50.36:596][  0]LogShaderLibrary: Display: ShaderCodeLibraryPakFileMountedCallback: pending pak file info (ChunkID:-1 Root:root:/ File:E:/Unreal/UE_4.27/FeaturePacks/TP_RollingBP.upack)
[2022.02.26-22.50.36:596][  0]LogPakFile: OnPakFileMounted2Time == 0.000115
[2022.02.26-22.50.36:597][  0]LogPakFile: PakFile PrimaryIndexSize=188
[2022.02.26-22.50.36:597][  0]LogPakFile: PakFile PathHashIndexSize=101
[2022.02.26-22.50.36:597][  0]LogPakFile: PakFile FullDirectoryIndexSize=150
[2022.02.26-22.50.36:597][  0]LogShaderLibrary: Display: ShaderCodeLibraryPakFileMountedCallback: PakFile 'E:/Unreal/UE_4.27/FeaturePacks/TP_SideScroller.upack' (chunk index -1, root 'root:/') mounted
[2022.02.26-22.50.36:597][  0]LogShaderLibrary: Display: ShaderCodeLibraryPakFileMountedCallback: pending pak file info (ChunkID:-1 Root:root:/ File:E:/Unreal/UE_4.27/FeaturePacks/TP_SideScroller.upack)
[2022.02.26-22.50.36:597][  0]LogPakFile: OnPakFileMounted2Time == 0.000119
[2022.02.26-22.50.36:597][  0]LogPakFile: PakFile PrimaryIndexSize=190
[2022.02.26-22.50.36:598][  0]LogPakFile: PakFile PathHashIndexSize=101
[2022.02.26-22.50.36:598][  0]LogPakFile: PakFile FullDirectoryIndexSize=154
[2022.02.26-22.50.36:598][  0]LogShaderLibrary: Display: ShaderCodeLibraryPakFileMountedCallback: PakFile 'E:/Unreal/UE_4.27/FeaturePacks/TP_SideScrollerBP.upack' (chunk index -1, root 'root:/') mounted
[2022.02.26-22.50.36:598][  0]LogShaderLibrary: Display: ShaderCodeLibraryPakFileMountedCallback: pending pak file info (ChunkID:-1 Root:root:/ File:E:/Unreal/UE_4.27/FeaturePacks/TP_SideScrollerBP.upack)
[2022.02.26-22.50.36:598][  0]LogPakFile: OnPakFileMounted2Time == 0.000112
[2022.02.26-22.50.36:598][  0]LogPakFile: PakFile PrimaryIndexSize=187
[2022.02.26-22.50.36:598][  0]LogPakFile: PakFile PathHashIndexSize=101
[2022.02.26-22.50.36:598][  0]LogPakFile: PakFile FullDirectoryIndexSize=148
[2022.02.26-22.50.36:598][  0]LogShaderLibrary: Display: ShaderCodeLibraryPakFileMountedCallback: PakFile 'E:/Unreal/UE_4.27/FeaturePacks/TP_ThirdPerson.upack' (chunk index -1, root 'root:/') mounted
[2022.02.26-22.50.36:598][  0]LogShaderLibrary: Display: ShaderCodeLibraryPakFileMountedCallback: pending pak file info (ChunkID:-1 Root:root:/ File:E:/Unreal/UE_4.27/FeaturePacks/TP_ThirdPerson.upack)
[2022.02.26-22.50.36:598][  0]LogPakFile: OnPakFileMounted2Time == 0.000115
[2022.02.26-22.50.36:599][  0]LogPakFile: PakFile PrimaryIndexSize=189
[2022.02.26-22.50.36:599][  0]LogPakFile: PakFile PathHashIndexSize=101
[2022.02.26-22.50.36:599][  0]LogPakFile: PakFile FullDirectoryIndexSize=152
[2022.02.26-22.50.36:599][  0]LogShaderLibrary: Display: ShaderCodeLibraryPakFileMountedCallback: PakFile 'E:/Unreal/UE_4.27/FeaturePacks/TP_ThirdPersonBP.upack' (chunk index -1, root 'root:/') mounted
[2022.02.26-22.50.36:599][  0]LogShaderLibrary: Display: ShaderCodeLibraryPakFileMountedCallback: pending pak file info (ChunkID:-1 Root:root:/ File:E:/Unreal/UE_4.27/FeaturePacks/TP_ThirdPersonBP.upack)
[2022.02.26-22.50.36:599][  0]LogPakFile: OnPakFileMounted2Time == 0.000112
[2022.02.26-22.50.36:600][  0]LogPakFile: PakFile PrimaryIndexSize=183
[2022.02.26-22.50.36:600][  0]LogPakFile: PakFile PathHashIndexSize=101
[2022.02.26-22.50.36:600][  0]LogPakFile: PakFile FullDirectoryIndexSize=140
[2022.02.26-22.50.36:600][  0]LogShaderLibrary: Display: ShaderCodeLibraryPakFileMountedCallback: PakFile 'E:/Unreal/UE_4.27/FeaturePacks/TP_TopDown.upack' (chunk index -1, root 'root:/') mounted
[2022.02.26-22.50.36:600][  0]LogShaderLibrary: Display: ShaderCodeLibraryPakFileMountedCallback: pending pak file info (ChunkID:-1 Root:root:/ File:E:/Unreal/UE_4.27/FeaturePacks/TP_TopDown.upack)
[2022.02.26-22.50.36:600][  0]LogPakFile: OnPakFileMounted2Time == 0.000118
[2022.02.26-22.50.36:600][  0]LogPakFile: PakFile PrimaryIndexSize=185
[2022.02.26-22.50.36:600][  0]LogPakFile: PakFile PathHashIndexSize=101
[2022.02.26-22.50.36:600][  0]LogPakFile: PakFile FullDirectoryIndexSize=144
[2022.02.26-22.50.36:600][  0]LogShaderLibrary: Display: ShaderCodeLibraryPakFileMountedCallback: PakFile 'E:/Unreal/UE_4.27/FeaturePacks/TP_TopDownBP.upack' (chunk index -1, root 'root:/') mounted
[2022.02.26-22.50.36:601][  0]LogShaderLibrary: Display: ShaderCodeLibraryPakFileMountedCallback: pending pak file info (ChunkID:-1 Root:root:/ File:E:/Unreal/UE_4.27/FeaturePacks/TP_TopDownBP.upack)
[2022.02.26-22.50.36:601][  0]LogPakFile: OnPakFileMounted2Time == 0.000113
[2022.02.26-22.50.36:601][  0]LogPakFile: PakFile PrimaryIndexSize=185
[2022.02.26-22.50.36:601][  0]LogPakFile: PakFile PathHashIndexSize=101
[2022.02.26-22.50.36:601][  0]LogPakFile: PakFile FullDirectoryIndexSize=144
[2022.02.26-22.50.36:601][  0]LogShaderLibrary: Display: ShaderCodeLibraryPakFileMountedCallback: PakFile 'E:/Unreal/UE_4.27/FeaturePacks/TP_TwinStick.upack' (chunk index -1, root 'root:/') mounted
[2022.02.26-22.50.36:601][  0]LogShaderLibrary: Display: ShaderCodeLibraryPakFileMountedCallback: pending pak file info (ChunkID:-1 Root:root:/ File:E:/Unreal/UE_4.27/FeaturePacks/TP_TwinStick.upack)
[2022.02.26-22.50.36:601][  0]LogPakFile: OnPakFileMounted2Time == 0.000125
[2022.02.26-22.50.36:602][  0]LogPakFile: PakFile PrimaryIndexSize=187
[2022.02.26-22.50.36:602][  0]LogPakFile: PakFile PathHashIndexSize=101
[2022.02.26-22.50.36:602][  0]LogPakFile: PakFile FullDirectoryIndexSize=148
[2022.02.26-22.50.36:602][  0]LogShaderLibrary: Display: ShaderCodeLibraryPakFileMountedCallback: PakFile 'E:/Unreal/UE_4.27/FeaturePacks/TP_TwinStickBP.upack' (chunk index -1, root 'root:/') mounted
[2022.02.26-22.50.36:602][  0]LogShaderLibrary: Display: ShaderCodeLibraryPakFileMountedCallback: pending pak file info (ChunkID:-1 Root:root:/ File:E:/Unreal/UE_4.27/FeaturePacks/TP_TwinStickBP.upack)
[2022.02.26-22.50.36:602][  0]LogPakFile: OnPakFileMounted2Time == 0.000131
[2022.02.26-22.50.36:603][  0]LogPakFile: PakFile PrimaryIndexSize=183
[2022.02.26-22.50.36:603][  0]LogPakFile: PakFile PathHashIndexSize=101
[2022.02.26-22.50.36:603][  0]LogPakFile: PakFile FullDirectoryIndexSize=140
[2022.02.26-22.50.36:603][  0]LogShaderLibrary: Display: ShaderCodeLibraryPakFileMountedCallback: PakFile 'E:/Unreal/UE_4.27/FeaturePacks/TP_Vehicle.upack' (chunk index -1, root 'root:/') mounted
[2022.02.26-22.50.36:603][  0]LogShaderLibrary: Display: ShaderCodeLibraryPakFileMountedCallback: pending pak file info (ChunkID:-1 Root:root:/ File:E:/Unreal/UE_4.27/FeaturePacks/TP_Vehicle.upack)
[2022.02.26-22.50.36:603][  0]LogPakFile: OnPakFileMounted2Time == 0.000114
[2022.02.26-22.50.36:603][  0]LogPakFile: PakFile PrimaryIndexSize=186
[2022.02.26-22.50.36:603][  0]LogPakFile: PakFile PathHashIndexSize=101
[2022.02.26-22.50.36:603][  0]LogPakFile: PakFile FullDirectoryIndexSize=146
[2022.02.26-22.50.36:603][  0]LogShaderLibrary: Display: ShaderCodeLibraryPakFileMountedCallback: PakFile 'E:/Unreal/UE_4.27/FeaturePacks/TP_VehicleAdv.upack' (chunk index -1, root 'root:/') mounted
[2022.02.26-22.50.36:604][  0]LogShaderLibrary: Display: ShaderCodeLibraryPakFileMountedCallback: pending pak file info (ChunkID:-1 Root:root:/ File:E:/Unreal/UE_4.27/FeaturePacks/TP_VehicleAdv.upack)
[2022.02.26-22.50.36:604][  0]LogPakFile: OnPakFileMounted2Time == 0.000115
[2022.02.26-22.50.36:604][  0]LogPakFile: PakFile PrimaryIndexSize=188
[2022.02.26-22.50.36:604][  0]LogPakFile: PakFile PathHashIndexSize=101
[2022.02.26-22.50.36:604][  0]LogPakFile: PakFile FullDirectoryIndexSize=150
[2022.02.26-22.50.36:604][  0]LogShaderLibrary: Display: ShaderCodeLibraryPakFileMountedCallback: PakFile 'E:/Unreal/UE_4.27/FeaturePacks/TP_VehicleAdvBP.upack' (chunk index -1, root 'root:/') mounted
[2022.02.26-22.50.36:604][  0]LogShaderLibrary: Display: ShaderCodeLibraryPakFileMountedCallback: pending pak file info (ChunkID:-1 Root:root:/ File:E:/Unreal/UE_4.27/FeaturePacks/TP_VehicleAdvBP.upack)
[2022.02.26-22.50.36:604][  0]LogPakFile: OnPakFileMounted2Time == 0.000116
[2022.02.26-22.50.36:605][  0]LogPakFile: PakFile PrimaryIndexSize=185
[2022.02.26-22.50.36:605][  0]LogPakFile: PakFile PathHashIndexSize=101
[2022.02.26-22.50.36:605][  0]LogPakFile: PakFile FullDirectoryIndexSize=144
[2022.02.26-22.50.36:605][  0]LogShaderLibrary: Display: ShaderCodeLibraryPakFileMountedCallback: PakFile 'E:/Unreal/UE_4.27/FeaturePacks/TP_VehicleBP.upack' (chunk index -1, root 'root:/') mounted
[2022.02.26-22.50.36:605][  0]LogShaderLibrary: Display: ShaderCodeLibraryPakFileMountedCallback: pending pak file info (ChunkID:-1 Root:root:/ File:E:/Unreal/UE_4.27/FeaturePacks/TP_VehicleBP.upack)
[2022.02.26-22.50.36:605][  0]LogPakFile: OnPakFileMounted2Time == 0.000117
[2022.02.26-22.50.36:606][  0]LogPakFile: PakFile PrimaryIndexSize=192
[2022.02.26-22.50.36:606][  0]LogPakFile: PakFile PathHashIndexSize=101
[2022.02.26-22.50.36:606][  0]LogPakFile: PakFile FullDirectoryIndexSize=158
[2022.02.26-22.50.36:606][  0]LogShaderLibrary: Display: ShaderCodeLibraryPakFileMountedCallback: PakFile 'E:/Unreal/UE_4.27/FeaturePacks/TP_VirtualRealityBP.upack' (chunk index -1, root 'root:/') mounted
[2022.02.26-22.50.36:606][  0]LogShaderLibrary: Display: ShaderCodeLibraryPakFileMountedCallback: pending pak file info (ChunkID:-1 Root:root:/ File:E:/Unreal/UE_4.27/FeaturePacks/TP_VirtualRealityBP.upack)
[2022.02.26-22.50.36:606][  0]LogPakFile: OnPakFileMounted2Time == 0.000108
[2022.02.26-22.50.36:639][  0]LogNativeClassHierarchy: Verbose: Native class hierarchy updated for 'AddContentDialog' in 0.0002 seconds. Added 0 classes and 0 folders.
[2022.02.26-22.50.36:643][  0]LogNativeClassHierarchy: Verbose: Native class hierarchy updated for 'SceneOutliner' in 0.0002 seconds. Added 2 classes and 0 folders.
[2022.02.26-22.50.36:776][  0]LogSlate: Took 0.000180 seconds to synchronously load lazily loaded font '../../../Engine/Content/Editor/Slate/Fonts/FontAwesome.ttf' (139K)
[2022.02.26-22.50.36:776][  0]LogSlate: Took 0.000120 seconds to synchronously load lazily loaded font '../../../Engine/Content/Slate/Fonts/Roboto-Bold.ttf' (160K)
[2022.02.26-22.50.36:851][  0]LogRenderer: Reallocating scene render targets to support 1156x572 Format 10 NumSamples 1 (Frame:1).
[2022.02.26-22.50.36:889][  0]LogSlate: Took 0.000129 seconds to synchronously load lazily loaded font '../../../Engine/Content/Slate/Fonts/Roboto-Light.ttf' (167K)
[2022.02.26-22.50.36:948][  0]LogNativeClassHierarchy: Verbose: Native class hierarchy updated for 'HierarchicalLODOutliner' in 0.0002 seconds. Added 0 classes and 0 folders.
[2022.02.26-22.50.36:948][  0]LogLoad: (Engine Initialization) Total time: 8.55 seconds
[2022.02.26-22.50.36:948][  0]LogLoad: (Engine Initialization) Total Blueprint compile time: 0.00 seconds
[2022.02.26-22.50.37:508][  0]LogAssetRegistry: Asset discovery search completed in 5.7081 seconds
[2022.02.26-22.50.37:513][  0]LogCollectionManager: Fixed up redirectors for 0 collections in 0.000003 seconds (updated 0 objects)
[2022.02.26-22.50.37:515][  0]LogContentStreaming: Texture pool size now 1000 MB
[2022.02.26-22.50.37:964][ 29]LogSlate: Took 0.000185 seconds to synchronously load lazily loaded font '../../../Engine/Content/Slate/Fonts/Roboto-Light.ttf' (167K)
[2022.02.26-22.50.50:163][378]LogTemp: Repeating last play command: Selected Viewport
[2022.02.26-22.50.50:171][378]LogPlayLevel: PlayLevel: No blueprints needed recompiling
[2022.02.26-22.50.50:172][378]PIE: New page: PIE session: SunTemple (Feb 26, 2022, 4:50:50 PM)
[2022.02.26-22.50.50:174][378]LogOnline: OSS: Creating online subsystem instance for: NULL
[2022.02.26-22.50.50:176][378]LogOnline: OSS: TryLoadSubsystemAndSetDefault: Loaded subsystem for module [NULL]
[2022.02.26-22.50.50:176][378]LogPlayLevel: Creating play world package: /Game/Maps/UEDPIE_0_SunTemple
[2022.02.26-22.50.50:215][378]LogPlayLevel: PIE: StaticDuplicateObject took: (0.038069s)
[2022.02.26-22.50.50:216][378]LogAIModule: Creating AISystem for world SunTemple
[2022.02.26-22.50.50:216][378]LogPlayLevel: PIE: World Init took: (0.001049s)
[2022.02.26-22.50.50:216][378]LogPlayLevel: PIE: Created PIE world by copying editor world from /Game/Maps/SunTemple.SunTemple to /Game/Maps/UEDPIE_0_SunTemple.SunTemple (0.039576s)
[2022.02.26-22.50.50:221][378]LogUObjectHash: Compacting FUObjectHashTables data took   0.60ms
[2022.02.26-22.50.50:235][378]LogAudio: Display: Creating Audio Device:                 Id: 2, Scope: Unique, Realtime: True
[2022.02.26-22.50.50:235][378]LogAudioMixer: Display: Audio Mixer Platform Settings:
[2022.02.26-22.50.50:235][378]LogAudioMixer: Display: 	Sample Rate:						  48000
[2022.02.26-22.50.50:235][378]LogAudioMixer: Display: 	Callback Buffer Frame Size Requested: 1024
[2022.02.26-22.50.50:235][378]LogAudioMixer: Display: 	Callback Buffer Frame Size To Use:	  1024
[2022.02.26-22.50.50:236][378]LogAudioMixer: Display: 	Number of buffers to queue:			  2
[2022.02.26-22.50.50:236][378]LogAudioMixer: Display: 	Max Channels (voices):				  32
[2022.02.26-22.50.50:236][378]LogAudioMixer: Display: 	Number of Async Source Workers:		  0
[2022.02.26-22.50.50:236][378]LogAudio: Display: AudioDevice MaxSources: 32
[2022.02.26-22.50.50:236][378]LogAudio: Display: Audio Spatialization Plugin: None (built-in).
[2022.02.26-22.50.50:236][378]LogAudio: Display: Audio Reverb Plugin: None (built-in).
[2022.02.26-22.50.50:236][378]LogAudio: Display: Audio Occlusion Plugin: None (built-in).
[2022.02.26-22.50.50:237][378]LogAudioMixer: Display: Initializing audio mixer.
[2022.02.26-22.50.50:241][378]LogAudioMixer: Display: 0: FrontLeft
[2022.02.26-22.50.50:242][378]LogAudioMixer: Display: 1: FrontRight
[2022.02.26-22.50.50:255][378]LogAudioMixer: Display: Using Audio Device Altavoces (3- USB Audio Device)
[2022.02.26-22.50.50:255][378]LogAudioMixer: Display: Initializing Sound Submixes...
[2022.02.26-22.50.50:255][378]LogAudioMixer: Display: Creating Master Submix 'MasterSubmixDefault'
[2022.02.26-22.50.50:256][378]LogAudioMixer: Display: Creating Master Submix 'MasterReverbSubmixDefault'
[2022.02.26-22.50.50:256][378]LogAudioMixer: Display: Creating Master Submix 'MasterEQSubmixDefault'
[2022.02.26-22.50.50:256][378]LogAudioMixer: FMixerPlatformXAudio2::StartAudioStream() called
[2022.02.26-22.50.50:256][378]LogAudioMixer: Display: Output buffers initialized: Frames=1024, Channels=2, Samples=2048
[2022.02.26-22.50.50:259][378]LogAudioMixer: Display: Starting AudioMixerPlatformInterface::RunInternal()
[2022.02.26-22.50.50:259][378]LogAudioMixer: Display: FMixerPlatformXAudio2::SubmitBuffer() called for the first time
[2022.02.26-22.50.50:259][378]LogInit: FAudioDevice initialized.
[2022.02.26-22.50.50:259][378]LogAudio: Display: Audio Device (ID: 2) registered with world 'SunTemple'.
[2022.02.26-22.50.50:279][378]LogLoad: Game class is 'CritterGameMode_BP_C'
[2022.02.26-22.50.50:291][378]LogWorld: Bringing World /Game/Maps/UEDPIE_0_SunTemple.SunTemple up for play (max tick rate 0) at 2022.02.26-19.50.50
[2022.02.26-22.50.50:291][378]LogWorld: Bringing up level for play took: 0.011079
[2022.02.26-22.50.50:292][378]LogOnline: OSS: Creating online subsystem instance for: :Context_3
[2022.02.26-22.50.50:296][378]LogNativeClassHierarchy: Verbose: Native class hierarchy updated for 'MovieSceneCapture' in 0.0003 seconds. Added 20 classes and 0 folders.
[2022.02.26-22.50.50:298][378]PIE: Server logged in
[2022.02.26-22.50.50:300][378]PIE: Play in editor total start time 0.133 seconds.
[2022.02.26-22.51.11:596][919]LogSlate: Updating window title bar state: overlay mode, drag disabled, window buttons hidden, title bar hidden
[2022.02.26-22.51.11:596][919]LogWorld: BeginTearingDown for /Game/Maps/UEDPIE_0_SunTemple
[2022.02.26-22.51.11:597][919]LogWorld: UWorld::CleanupWorld for SunTemple, bSessionEnded=true, bCleanupResources=true
[2022.02.26-22.51.11:599][919]LogSlate: InvalidateAllWidgets triggered.  All widgets were invalidated
[2022.02.26-22.51.11:609][919]LogPlayLevel: Display: Shutting down PIE online subsystems
[2022.02.26-22.51.11:611][919]LogSlate: InvalidateAllWidgets triggered.  All widgets were invalidated
[2022.02.26-22.51.11:615][919]LogAudio: Display: Audio Device unregistered from world 'None'.
[2022.02.26-22.51.11:617][919]LogAudioMixer: FMixerPlatformXAudio2::StopAudioStream() called
[2022.02.26-22.51.11:618][919]LogAudioMixer: FMixerPlatformXAudio2::StopAudioStream() called
[2022.02.26-22.51.11:621][919]LogSlate: Updating window title bar state: overlay mode, drag disabled, window buttons hidden, title bar hidden
[2022.02.26-22.51.11:626][919]LogUObjectHash: Compacting FUObjectHashTables data took   0.69ms
[2022.02.26-22.51.11:668][921]LogPlayLevel: Display: Destroying online subsystem :Context_3
