Log file open, 03/10/22 10:35:06
LogWindows: Failed to load 'aqProf.dll' (GetLastError=126)
LogWindows: File 'aqProf.dll' does not exist
LogWindows: Failed to load 'VtuneApi.dll' (GetLastError=126)
LogWindows: File 'VtuneApi.dll' does not exist
LogWindows: Failed to load 'VtuneApi32e.dll' (GetLastError=126)
LogWindows: File 'VtuneApi32e.dll' does not exist
LogConsoleResponse: Display: Failed to find resolution value strings in scalability ini. Falling back to default.
LogConsoleResponse: Display: Failed to find resolution value strings in scalability ini. Falling back to default.
LogInit: Display: Running engine for game: FirstProject
LogPlatformFile: Not using cached read wrapper
LogTaskGraph: Started task graph with 5 named threads and 35 total threads with 3 sets of task threads.
LogStats: Stats thread started at 0.377892
LogICUInternationalization: ICU TimeZone Detection - Raw Offset: -3:00, Platform Override: ''
LogInit: Display: Loading text-based GConfig....
LogPluginManager: Mounting plugin MeshPainting
LogPluginManager: Mounting plugin XGEController
LogPluginManager: Mounting plugin Paper2D
LogPluginManager: Mounting plugin AISupport
LogPluginManager: Mounting plugin EnvironmentQueryEditor
LogPluginManager: Mounting plugin LightPropagationVolume
LogPluginManager: Mounting plugin LiveLink
LogPluginManager: Mounting plugin OodleData
LogPluginManager: Mounting plugin CameraShakePreviewer
LogPluginManager: Mounting plugin GameplayCameras
LogPluginManager: Mounting plugin OodleNetwork
LogPluginManager: Mounting plugin AssetManagerEditor
LogPluginManager: Mounting plugin CryptoKeys
LogPluginManager: Mounting plugin DataValidation
LogPluginManager: Mounting plugin FacialAnimation
LogPluginManager: Mounting plugin GameplayTagsEditor
LogPluginManager: Mounting plugin CurveEditorTools
LogPluginManager: Mounting plugin GeometryMode
LogPluginManager: Mounting plugin MaterialAnalyzer
LogPluginManager: Mounting plugin MobileLauncherProfileWizard
LogPluginManager: Mounting plugin PluginBrowser
LogPluginManager: Mounting plugin SpeedTreeImporter
LogPluginManager: Mounting plugin AnimationSharing
LogPluginManager: Mounting plugin CLionSourceCodeAccess
LogPluginManager: Mounting plugin DatasmithContent
LogPluginManager: Mounting plugin VariantManagerContent
LogPluginManager: Mounting plugin CodeLiteSourceCodeAccess
LogPluginManager: Mounting plugin GitSourceControl
LogPluginManager: Mounting plugin NullSourceCodeAccess
LogPluginManager: Mounting plugin KDevelopSourceCodeAccess
LogPluginManager: Mounting plugin PerforceSourceControl
LogPluginManager: Mounting plugin PixWinPlugin
LogPluginManager: Mounting plugin PlasticSourceControl
LogPluginManager: Mounting plugin PluginUtils
LogPluginManager: Mounting plugin PropertyAccessNode
LogPluginManager: Mounting plugin RiderSourceCodeAccess
LogPluginManager: Mounting plugin SubversionSourceControl
LogPluginManager: Mounting plugin TextureFormatOodle
LogPluginManager: Mounting plugin UObjectPlugin
LogPluginManager: Mounting plugin VisualStudioCodeSourceCodeAccess
LogPluginManager: Mounting plugin XCodeSourceCodeAccess
LogPluginManager: Mounting plugin VisualStudioSourceCodeAccess
LogPluginManager: Mounting plugin MacGraphicsSwitching
LogPluginManager: Mounting plugin AlembicImporter
LogPluginManager: Mounting plugin BackChannel
LogPluginManager: Mounting plugin ChaosCloth
LogPluginManager: Mounting plugin ChaosSolverPlugin
LogPluginManager: Mounting plugin ChaosNiagara
LogPluginManager: Mounting plugin ChaosClothEditor
LogPluginManager: Mounting plugin ChaosEditor
LogPluginManager: Mounting plugin AutomationUtils
LogPluginManager: Mounting plugin LuminPlatformFeatures
LogPluginManager: Mounting plugin MagicLeap
LogPluginManager: Mounting plugin MagicLeapLightEstimation
LogPluginManager: Mounting plugin MagicLeapMedia
LogPluginManager: Mounting plugin MLSDK
LogPluginManager: Mounting plugin MagicLeapPassableWorld
LogPluginManager: Mounting plugin AndroidMedia
LogPluginManager: Mounting plugin AvfMedia
LogPluginManager: Mounting plugin ImgMedia
LogPluginManager: Mounting plugin MediaPlayerEditor
LogPluginManager: Mounting plugin WebMMedia
LogPluginManager: Mounting plugin WmfMedia
LogPluginManager: Mounting plugin MediaCompositing
LogPluginManager: Mounting plugin CharacterAI
LogPluginManager: Mounting plugin GeometryCache
LogPluginManager: Mounting plugin GeometryCollectionPlugin
LogPluginManager: Mounting plugin Niagara
LogPluginManager: Mounting plugin GeometryProcessing
LogPluginManager: Mounting plugin MotoSynth
LogPluginManager: Mounting plugin PlanarCut
LogPluginManager: Mounting plugin OpenImageDenoise
LogPluginManager: Mounting plugin PlatformCrypto
LogPluginManager: Mounting plugin ProxyLODPlugin
LogPluginManager: Mounting plugin PythonScriptPlugin
LogPluginManager: Mounting plugin SkeletalReduction
LogPluginManager: Mounting plugin ActorSequence
LogPluginManager: Mounting plugin LevelSequenceEditor
LogPluginManager: Mounting plugin MatineeToLevelSequence
LogPluginManager: Mounting plugin TemplateSequence
LogPluginManager: Mounting plugin OnlineSubsystem
LogPluginManager: Mounting plugin OnlineSubsystemNull
LogPluginManager: Mounting plugin OnlineSubsystemUtils
LogPluginManager: Mounting plugin TcpMessaging
LogPluginManager: Mounting plugin UdpMessaging
LogPluginManager: Mounting plugin ActorLayerUtilities
LogPluginManager: Mounting plugin AndroidMoviePlayer
LogPluginManager: Mounting plugin AndroidDeviceProfileSelector
LogPluginManager: Mounting plugin AndroidPermission
LogPluginManager: Mounting plugin AppleImageUtils
LogPluginManager: Mounting plugin AppleMoviePlayer
LogPluginManager: Mounting plugin ArchVisCharacter
LogPluginManager: Mounting plugin AssetTags
LogPluginManager: Mounting plugin AudioSynesthesia
LogPluginManager: Mounting plugin CableComponent
LogPluginManager: Mounting plugin AudioCapture
LogPluginManager: Mounting plugin CustomMeshComponent
LogPluginManager: Mounting plugin ExampleDeviceProfileSelector
LogPluginManager: Mounting plugin EditableMesh
LogPluginManager: Mounting plugin GoogleCloudMessaging
LogPluginManager: Mounting plugin GooglePAD
LogPluginManager: Mounting plugin LauncherChunkInstaller
LogPluginManager: Mounting plugin ChunkDownloader
LogPluginManager: Mounting plugin IOSDeviceProfileSelector
LogPluginManager: Mounting plugin LinuxDeviceProfileSelector
LogPluginManager: Mounting plugin LocationServicesBPLibrary
LogPluginManager: Mounting plugin MobilePatchingUtils
LogPluginManager: Mounting plugin OpenXR
LogPluginManager: Mounting plugin OpenXRHandTracking
LogPluginManager: Mounting plugin OpenXREyeTracker
LogPluginManager: Mounting plugin PhysXVehicles
LogPluginManager: Mounting plugin ScreenshotTools
LogPluginManager: Mounting plugin Takes
LogPluginManager: Mounting plugin PostSplashScreen
LogPluginManager: Mounting plugin ProceduralMeshComponent
LogPluginManager: Mounting plugin PropertyAccessEditor
LogPluginManager: Mounting plugin RuntimePhysXCooking
LogPluginManager: Mounting plugin SignificanceManager
LogPluginManager: Mounting plugin SoundFields
LogPluginManager: Mounting plugin Synthesis
LogPluginManager: Mounting plugin WebMMoviePlayer
LogPluginManager: Mounting plugin WindowsMoviePlayer
LogPluginManager: Mounting plugin ContentBrowserAssetDataSource
LogPluginManager: Mounting plugin ContentBrowserFileDataSource
LogPluginManager: Mounting plugin ContentBrowserClassDataSource
LogPluginManager: Mounting plugin OnlineSubsystemGooglePlay
LogPluginManager: Mounting plugin OnlineSubsystemIOS
LogPluginManager: Mounting plugin OculusVR
LogPluginManager: Mounting plugin SteamVR
PixWinPlugin: PIX capture plugin failed to initialize! Check that the process is launched from PIX.
LogInit: Using libcurl 7.55.1-DEV
LogInit:  - built for x86_64-pc-win32
LogInit:  - supports SSL with OpenSSL/1.1.1
LogInit:  - supports HTTP deflate (compression) using libz 1.2.8
LogInit:  - other features:
LogInit:      CURL_VERSION_SSL
LogInit:      CURL_VERSION_LIBZ
LogInit:      CURL_VERSION_IPV6
LogInit:      CURL_VERSION_ASYNCHDNS
LogInit:      CURL_VERSION_LARGEFILE
LogInit:      CURL_VERSION_IDN
LogInit:  CurlRequestOptions (configurable via config and command line):
LogInit:  - bVerifyPeer = true  - Libcurl will verify peer certificate
LogInit:  - bUseHttpProxy = false  - Libcurl will NOT use HTTP proxy
LogInit:  - bDontReuseConnections = false  - Libcurl will reuse connections
LogInit:  - MaxHostConnections = 16  - Libcurl will limit the number of connections to a host
LogInit:  - LocalHostAddr = Default
LogInit:  - BufferSize = 65536
LogOnline: OSS: Creating online subsystem instance for: NULL
LogInit: WinSock: version 1.1 (2.2), MaxSocks=32767, MaxUdp=65467
LogOnline: OSS: TryLoadSubsystemAndSetDefault: Loaded subsystem for module [NULL]
LogOculusPluginWrapper: OculusPlugin initialized successfully
LogHMD: Failed initializing OVRPlugin 1.59.0
LogInit: Build: ++UE4+Release-4.27-CL-18319896
LogInit: Engine Version: 4.27.2-18319896+++UE4+Release-4.27
LogInit: Compatible Engine Version: 4.27.0-17155196+++UE4+Release-4.27
LogInit: Net CL: 17155196
LogInit: OS: Windows 10 (Release 2009) (), CPU: Intel(R) Core(TM) i7-8700 CPU @ 3.20GHz, GPU: NVIDIA GeForce GTX 1070 Ti
LogInit: Compiled (64-bit): Nov 30 2021 07:12:08
LogInit: Compiled with Visual C++: 19.24.28315.00
LogInit: Build Configuration: Development
LogInit: Branch Name: ++UE4+Release-4.27
LogInit: Command Line:  -skipcompile
LogInit: Base Directory: E:/Unreal/UE_4.27/Engine/Binaries/Win64/
LogInit: Allocator: TBB
LogInit: Installed Engine Build: 1
LogDevObjectVersion: Number of dev versions registered: 29
LogDevObjectVersion:   Dev-Blueprints (B0D832E4-1F89-4F0D-ACCF-7EB736FD4AA2): 10
LogDevObjectVersion:   Dev-Build (E1C64328-A22C-4D53-A36C-8E866417BD8C): 0
LogDevObjectVersion:   Dev-Core (375EC13C-06E4-48FB-B500-84F0262A717E): 4
LogDevObjectVersion:   Dev-Editor (E4B068ED-F494-42E9-A231-DA0B2E46BB41): 40
LogDevObjectVersion:   Dev-Framework (CFFC743F-43B0-4480-9391-14DF171D2073): 37
LogDevObjectVersion:   Dev-Mobile (B02B49B5-BB20-44E9-A304-32B752E40360): 3
LogDevObjectVersion:   Dev-Networking (A4E4105C-59A1-49B5-A7C5-40C4547EDFEE): 0
LogDevObjectVersion:   Dev-Online (39C831C9-5AE6-47DC-9A44-9C173E1C8E7C): 0
LogDevObjectVersion:   Dev-Physics (78F01B33-EBEA-4F98-B9B4-84EACCB95AA2): 14
LogDevObjectVersion:   Dev-Platform (6631380F-2D4D-43E0-8009-CF276956A95A): 0
LogDevObjectVersion:   Dev-Rendering (12F88B9F-8875-4AFC-A67C-D90C383ABD29): 45
LogDevObjectVersion:   Dev-Sequencer (7B5AE74C-D270-4C10-A958-57980B212A5A): 13
LogDevObjectVersion:   Dev-VR (D7296918-1DD6-4BDD-9DE2-64A83CC13884): 3
LogDevObjectVersion:   Dev-LoadTimes (C2A15278-BFE7-4AFE-6C17-90FF531DF755): 1
LogDevObjectVersion:   Private-Geometry (6EACA3D4-40EC-4CC1-B786-8BED09428FC5): 3
LogDevObjectVersion:   Dev-AnimPhys (29E575DD-E0A3-4627-9D10-D276232CDCEA): 17
LogDevObjectVersion:   Dev-Anim (AF43A65D-7FD3-4947-9873-3E8ED9C1BB05): 15
LogDevObjectVersion:   Dev-ReflectionCapture (6B266CEC-1EC7-4B8F-A30B-E4D90942FC07): 1
LogDevObjectVersion:   Dev-Automation (0DF73D61-A23F-47EA-B727-89E90C41499A): 1
LogDevObjectVersion:   FortniteMain (601D1886-AC64-4F84-AA16-D3DE0DEAC7D6): 47
LogDevObjectVersion:   FortniteRelease (E7086368-6B23-4C58-8439-1B7016265E91): 1
LogDevObjectVersion:   Dev-Enterprise (9DFFBCD6-494F-0158-E221-12823C92A888): 10
LogDevObjectVersion:   Dev-Niagara (F2AED0AC-9AFE-416F-8664-AA7FFA26D6FC): 1
LogDevObjectVersion:   Dev-Destruction (174F1F0B-B4C6-45A5-B13F-2EE8D0FB917D): 10
LogDevObjectVersion:   Dev-Physics-Ext (35F94A83-E258-406C-A318-09F59610247C): 41
LogDevObjectVersion:   Dev-PhysicsMaterial-Chaos (B68FC16E-8B1B-42E2-B453-215C058844FE): 1
LogDevObjectVersion:   Dev-CineCamera (B2E18506-4273-CFC2-A54E-F4BB758BBA07): 1
LogDevObjectVersion:   Dev-VirtualProduction (64F58936-FD1B-42BA-BA96-7289D5D0FA4E): 1
LogDevObjectVersion:   Dev-MediaFramework (6F0ED827-A609-4895-9C91-998D90180EA4): 2
LogInit: Presizing for max 25165824 objects, including 0 objects not considered by GC, pre-allocating 0 bytes for permanent pool.
LogConfig: Applying CVar settings from Section [/Script/Engine.StreamingSettings] File [E:/CppCourseBasic/FirstProject/Saved/Config/Windows/Engine.ini]
LogConfig: Setting CVar [[s.MinBulkDataSizeForAsyncLoading:131072]]
LogConfig: Setting CVar [[s.AsyncLoadingThreadEnabled:0]]
LogConfig: Setting CVar [[s.EventDrivenLoaderEnabled:1]]
LogConfig: Setting CVar [[s.WarnIfTimeLimitExceeded:0]]
LogConfig: Setting CVar [[s.TimeLimitExceededMultiplier:1.5]]
LogConfig: Setting CVar [[s.TimeLimitExceededMinTime:0.005]]
LogConfig: Setting CVar [[s.UseBackgroundLevelStreaming:1]]
LogConfig: Setting CVar [[s.PriorityAsyncLoadingExtraTime:15.0]]
LogConfig: Setting CVar [[s.LevelStreamingActorsUpdateTimeLimit:5.0]]
LogConfig: Setting CVar [[s.PriorityLevelStreamingActorsUpdateExtraTime:5.0]]
LogConfig: Setting CVar [[s.LevelStreamingComponentsRegistrationGranularity:10]]
LogConfig: Setting CVar [[s.UnregisterComponentsTimeLimit:1.0]]
LogConfig: Setting CVar [[s.LevelStreamingComponentsUnregistrationGranularity:5]]
LogConfig: Setting CVar [[s.FlushStreamingOnExit:1]]
LogInit: Object subsystem initialized
LogConfig: Setting CVar [[con.DebugEarlyDefault:1]]
LogConfig: Setting CVar [[r.setres:1280x720]]
[2022.03.10-13.35.07:128][  0]LogConfig: Setting CVar [[r.VSync:0]]
[2022.03.10-13.35.07:128][  0]LogConfig: Setting CVar [[r.RHICmdBypass:0]]
[2022.03.10-13.35.07:128][  0]LogConfig: Applying CVar settings from Section [/Script/Engine.RendererSettings] File [E:/CppCourseBasic/FirstProject/Saved/Config/Windows/Engine.ini]
[2022.03.10-13.35.07:128][  0]LogConfig: Setting CVar [[r.GPUCrashDebugging:0]]
[2022.03.10-13.35.07:128][  0]LogConfig: Applying CVar settings from Section [/Script/Engine.RendererOverrideSettings] File [E:/CppCourseBasic/FirstProject/Saved/Config/Windows/Engine.ini]
[2022.03.10-13.35.07:128][  0]LogConfig: Applying CVar settings from Section [/Script/Engine.StreamingSettings] File [E:/CppCourseBasic/FirstProject/Saved/Config/Windows/Engine.ini]
[2022.03.10-13.35.07:128][  0]LogConfig: Setting CVar [[s.MinBulkDataSizeForAsyncLoading:131072]]
[2022.03.10-13.35.07:128][  0]LogConfig: Setting CVar [[s.AsyncLoadingThreadEnabled:0]]
[2022.03.10-13.35.07:128][  0]LogConfig: Setting CVar [[s.EventDrivenLoaderEnabled:1]]
[2022.03.10-13.35.07:128][  0]LogConfig: Setting CVar [[s.WarnIfTimeLimitExceeded:0]]
[2022.03.10-13.35.07:128][  0]LogConfig: Setting CVar [[s.TimeLimitExceededMultiplier:1.5]]
[2022.03.10-13.35.07:128][  0]LogConfig: Setting CVar [[s.TimeLimitExceededMinTime:0.005]]
[2022.03.10-13.35.07:128][  0]LogConfig: Setting CVar [[s.UseBackgroundLevelStreaming:1]]
[2022.03.10-13.35.07:129][  0]LogConfig: Setting CVar [[s.PriorityAsyncLoadingExtraTime:15.0]]
[2022.03.10-13.35.07:129][  0]LogConfig: Setting CVar [[s.LevelStreamingActorsUpdateTimeLimit:5.0]]
[2022.03.10-13.35.07:129][  0]LogConfig: Setting CVar [[s.PriorityLevelStreamingActorsUpdateExtraTime:5.0]]
[2022.03.10-13.35.07:129][  0]LogConfig: Setting CVar [[s.LevelStreamingComponentsRegistrationGranularity:10]]
[2022.03.10-13.35.07:129][  0]LogConfig: Setting CVar [[s.UnregisterComponentsTimeLimit:1.0]]
[2022.03.10-13.35.07:129][  0]LogConfig: Setting CVar [[s.LevelStreamingComponentsUnregistrationGranularity:5]]
[2022.03.10-13.35.07:129][  0]LogConfig: Setting CVar [[s.FlushStreamingOnExit:1]]
[2022.03.10-13.35.07:129][  0]LogConfig: Applying CVar settings from Section [/Script/Engine.GarbageCollectionSettings] File [E:/CppCourseBasic/FirstProject/Saved/Config/Windows/Engine.ini]
[2022.03.10-13.35.07:129][  0]LogConfig: Setting CVar [[gc.MaxObjectsNotConsideredByGC:1]]
[2022.03.10-13.35.07:129][  0]LogConfig: Setting CVar [[gc.SizeOfPermanentObjectPool:0]]
[2022.03.10-13.35.07:129][  0]LogConfig: Setting CVar [[gc.FlushStreamingOnGC:0]]
[2022.03.10-13.35.07:129][  0]LogConfig: Setting CVar [[gc.NumRetriesBeforeForcingGC:10]]
[2022.03.10-13.35.07:129][  0]LogConfig: Setting CVar [[gc.AllowParallelGC:1]]
[2022.03.10-13.35.07:129][  0]LogConfig: Setting CVar [[gc.TimeBetweenPurgingPendingKillObjects:61.1]]
[2022.03.10-13.35.07:129][  0]LogConfig: Setting CVar [[gc.MaxObjectsInEditor:25165824]]
[2022.03.10-13.35.07:129][  0]LogConfig: Setting CVar [[gc.IncrementalBeginDestroyEnabled:1]]
[2022.03.10-13.35.07:129][  0]LogConfig: Setting CVar [[gc.CreateGCClusters:1]]
[2022.03.10-13.35.07:129][  0]LogConfig: Setting CVar [[gc.MinGCClusterSize:5]]
[2022.03.10-13.35.07:129][  0]LogConfig: Setting CVar [[gc.ActorClusteringEnabled:0]]
[2022.03.10-13.35.07:130][  0]LogConfig: Setting CVar [[gc.BlueprintClusteringEnabled:0]]
[2022.03.10-13.35.07:130][  0]LogConfig: Setting CVar [[gc.UseDisregardForGCOnDedicatedServers:0]]
[2022.03.10-13.35.07:130][  0]LogConfig: Setting CVar [[gc.MultithreadedDestructionEnabled:1]]
[2022.03.10-13.35.07:130][  0]LogConfig: Applying CVar settings from Section [/Script/Engine.NetworkSettings] File [E:/CppCourseBasic/FirstProject/Saved/Config/Windows/Engine.ini]
[2022.03.10-13.35.07:130][  0]LogConfig: Applying CVar settings from Section [/Script/UnrealEd.CookerSettings] File [E:/CppCourseBasic/FirstProject/Saved/Config/Windows/Engine.ini]
[2022.03.10-13.35.07:156][  0]LogConfig: Applying CVar settings from Section [ViewDistanceQuality@3] File [E:/CppCourseBasic/FirstProject/Saved/Config/Windows/Scalability.ini]
[2022.03.10-13.35.07:156][  0]LogConfig: Setting CVar [[r.SkeletalMeshLODBias:0]]
[2022.03.10-13.35.07:156][  0]LogConfig: Setting CVar [[r.ViewDistanceScale:1.0]]
[2022.03.10-13.35.07:156][  0]LogConfig: Applying CVar settings from Section [AntiAliasingQuality@3] File [E:/CppCourseBasic/FirstProject/Saved/Config/Windows/Scalability.ini]
[2022.03.10-13.35.07:156][  0]LogConfig: Setting CVar [[r.PostProcessAAQuality:4]]
[2022.03.10-13.35.07:156][  0]LogConfig: Applying CVar settings from Section [ShadowQuality@3] File [E:/CppCourseBasic/FirstProject/Saved/Config/Windows/Scalability.ini]
[2022.03.10-13.35.07:156][  0]LogConfig: Setting CVar [[r.LightFunctionQuality:1]]
[2022.03.10-13.35.07:156][  0]LogConfig: Setting CVar [[r.ShadowQuality:5]]
[2022.03.10-13.35.07:156][  0]LogConfig: Setting CVar [[r.Shadow.CSM.MaxCascades:10]]
[2022.03.10-13.35.07:156][  0]LogConfig: Setting CVar [[r.Shadow.MaxResolution:2048]]
[2022.03.10-13.35.07:156][  0]LogConfig: Setting CVar [[r.Shadow.MaxCSMResolution:2048]]
[2022.03.10-13.35.07:156][  0]LogConfig: Setting CVar [[r.Shadow.RadiusThreshold:0.01]]
[2022.03.10-13.35.07:156][  0]LogConfig: Setting CVar [[r.Shadow.DistanceScale:1.0]]
[2022.03.10-13.35.07:156][  0]LogConfig: Setting CVar [[r.Shadow.CSM.TransitionScale:1.0]]
[2022.03.10-13.35.07:157][  0]LogConfig: Setting CVar [[r.Shadow.PreShadowResolutionFactor:1.0]]
[2022.03.10-13.35.07:157][  0]LogConfig: Setting CVar [[r.DistanceFieldShadowing:1]]
[2022.03.10-13.35.07:157][  0]LogConfig: Setting CVar [[r.DistanceFieldAO:1]]
[2022.03.10-13.35.07:157][  0]LogConfig: Setting CVar [[r.AOQuality:2]]
[2022.03.10-13.35.07:157][  0]LogConfig: Setting CVar [[r.VolumetricFog:1]]
[2022.03.10-13.35.07:157][  0]LogConfig: Setting CVar [[r.VolumetricFog.GridPixelSize:8]]
[2022.03.10-13.35.07:157][  0]LogConfig: Setting CVar [[r.VolumetricFog.GridSizeZ:128]]
[2022.03.10-13.35.07:157][  0]LogConfig: Setting CVar [[r.VolumetricFog.HistoryMissSupersampleCount:4]]
[2022.03.10-13.35.07:157][  0]LogConfig: Setting CVar [[r.LightMaxDrawDistanceScale:1]]
[2022.03.10-13.35.07:157][  0]LogConfig: Setting CVar [[r.CapsuleShadows:1]]
[2022.03.10-13.35.07:157][  0]LogConfig: Applying CVar settings from Section [PostProcessQuality@3] File [E:/CppCourseBasic/FirstProject/Saved/Config/Windows/Scalability.ini]
[2022.03.10-13.35.07:157][  0]LogConfig: Setting CVar [[r.MotionBlurQuality:4]]
[2022.03.10-13.35.07:157][  0]LogConfig: Setting CVar [[r.AmbientOcclusionMipLevelFactor:0.4]]
[2022.03.10-13.35.07:157][  0]LogConfig: Setting CVar [[r.AmbientOcclusionMaxQuality:100]]
[2022.03.10-13.35.07:157][  0]LogConfig: Setting CVar [[r.AmbientOcclusionLevels:-1]]
[2022.03.10-13.35.07:157][  0]LogConfig: Setting CVar [[r.AmbientOcclusionRadiusScale:1.0]]
[2022.03.10-13.35.07:158][  0]LogConfig: Setting CVar [[r.DepthOfFieldQuality:2]]
[2022.03.10-13.35.07:158][  0]LogConfig: Setting CVar [[r.RenderTargetPoolMin:400]]
[2022.03.10-13.35.07:158][  0]LogConfig: Setting CVar [[r.LensFlareQuality:2]]
[2022.03.10-13.35.07:158][  0]LogConfig: Setting CVar [[r.SceneColorFringeQuality:1]]
[2022.03.10-13.35.07:158][  0]LogConfig: Setting CVar [[r.EyeAdaptationQuality:2]]
[2022.03.10-13.35.07:158][  0]LogConfig: Setting CVar [[r.BloomQuality:5]]
[2022.03.10-13.35.07:158][  0]LogConfig: Setting CVar [[r.FastBlurThreshold:100]]
[2022.03.10-13.35.07:158][  0]LogConfig: Setting CVar [[r.Upscale.Quality:3]]
[2022.03.10-13.35.07:158][  0]LogConfig: Setting CVar [[r.Tonemapper.GrainQuantization:1]]
[2022.03.10-13.35.07:158][  0]LogConfig: Setting CVar [[r.LightShaftQuality:1]]
[2022.03.10-13.35.07:158][  0]LogConfig: Setting CVar [[r.Filter.SizeScale:1]]
[2022.03.10-13.35.07:158][  0]LogConfig: Setting CVar [[r.Tonemapper.Quality:5]]
[2022.03.10-13.35.07:158][  0]LogConfig: Setting CVar [[r.DOF.Gather.AccumulatorQuality:1        ; higher gathering accumulator quality]]
[2022.03.10-13.35.07:158][  0]LogConfig: Setting CVar [[r.DOF.Gather.PostfilterMethod:1          ; Median3x3 postfilering method]]
[2022.03.10-13.35.07:158][  0]LogConfig: Setting CVar [[r.DOF.Gather.EnableBokehSettings:0       ; no bokeh simulation when gathering]]
[2022.03.10-13.35.07:158][  0]LogConfig: Setting CVar [[r.DOF.Gather.RingCount:4                 ; medium number of samples when gathering]]
[2022.03.10-13.35.07:158][  0]LogConfig: Setting CVar [[r.DOF.Scatter.ForegroundCompositing:1    ; additive foreground scattering]]
[2022.03.10-13.35.07:158][  0]LogConfig: Setting CVar [[r.DOF.Scatter.BackgroundCompositing:2    ; additive background scattering]]
[2022.03.10-13.35.07:158][  0]LogConfig: Setting CVar [[r.DOF.Scatter.EnableBokehSettings:1      ; bokeh simulation when scattering]]
[2022.03.10-13.35.07:158][  0]LogConfig: Setting CVar [[r.DOF.Scatter.MaxSpriteRatio:0.1         ; only a maximum of 10% of scattered bokeh]]
[2022.03.10-13.35.07:158][  0]LogConfig: Setting CVar [[r.DOF.Recombine.Quality:1                ; cheap slight out of focus]]
[2022.03.10-13.35.07:159][  0]LogConfig: Setting CVar [[r.DOF.Recombine.EnableBokehSettings:0    ; no bokeh simulation on slight out of focus]]
[2022.03.10-13.35.07:159][  0]LogConfig: Setting CVar [[r.DOF.TemporalAAQuality:1                ; more stable temporal accumulation]]
[2022.03.10-13.35.07:159][  0]LogConfig: Setting CVar [[r.DOF.Kernel.MaxForegroundRadius:0.025]]
[2022.03.10-13.35.07:159][  0]LogConfig: Setting CVar [[r.DOF.Kernel.MaxBackgroundRadius:0.025]]
[2022.03.10-13.35.07:159][  0]LogConfig: Applying CVar settings from Section [TextureQuality@3] File [E:/CppCourseBasic/FirstProject/Saved/Config/Windows/Scalability.ini]
[2022.03.10-13.35.07:159][  0]LogConfig: Setting CVar [[r.Streaming.MipBias:0]]
[2022.03.10-13.35.07:159][  0]LogConfig: Setting CVar [[r.Streaming.AmortizeCPUToGPUCopy:0]]
[2022.03.10-13.35.07:159][  0]LogConfig: Setting CVar [[r.Streaming.MaxNumTexturesToStreamPerFrame:0]]
[2022.03.10-13.35.07:159][  0]LogConfig: Setting CVar [[r.Streaming.Boost:1]]
[2022.03.10-13.35.07:159][  0]LogConfig: Setting CVar [[r.MaxAnisotropy:8]]
[2022.03.10-13.35.07:159][  0]LogConfig: Setting CVar [[r.VT.MaxAnisotropy:8]]
[2022.03.10-13.35.07:159][  0]LogConfig: Setting CVar [[r.Streaming.LimitPoolSizeToVRAM:0]]
[2022.03.10-13.35.07:159][  0]LogConfig: Setting CVar [[r.Streaming.PoolSize:1000]]
[2022.03.10-13.35.07:159][  0]LogConfig: Setting CVar [[r.Streaming.MaxEffectiveScreenSize:0]]
[2022.03.10-13.35.07:159][  0]LogConfig: Applying CVar settings from Section [EffectsQuality@3] File [E:/CppCourseBasic/FirstProject/Saved/Config/Windows/Scalability.ini]
[2022.03.10-13.35.07:159][  0]LogConfig: Setting CVar [[r.TranslucencyLightingVolumeDim:64]]
[2022.03.10-13.35.07:159][  0]LogConfig: Setting CVar [[r.RefractionQuality:2]]
[2022.03.10-13.35.07:159][  0]LogConfig: Setting CVar [[r.SSR.Quality:3]]
[2022.03.10-13.35.07:159][  0]LogConfig: Setting CVar [[r.SSR.HalfResSceneColor:0]]
[2022.03.10-13.35.07:159][  0]LogConfig: Setting CVar [[r.SceneColorFormat:4]]
[2022.03.10-13.35.07:159][  0]LogConfig: Setting CVar [[r.DetailMode:2]]
[2022.03.10-13.35.07:160][  0]LogConfig: Setting CVar [[r.TranslucencyVolumeBlur:1]]
[2022.03.10-13.35.07:160][  0]LogConfig: Setting CVar [[r.MaterialQualityLevel:1 ; High quality]]
[2022.03.10-13.35.07:160][  0]LogConfig: Setting CVar [[r.AnisotropicMaterials:1]]
[2022.03.10-13.35.07:160][  0]LogConfig: Setting CVar [[r.SSS.Scale:1]]
[2022.03.10-13.35.07:160][  0]LogConfig: Setting CVar [[r.SSS.SampleSet:2]]
[2022.03.10-13.35.07:160][  0]LogConfig: Setting CVar [[r.SSS.Quality:1]]
[2022.03.10-13.35.07:160][  0]LogConfig: Setting CVar [[r.SSS.HalfRes:0]]
[2022.03.10-13.35.07:160][  0]LogConfig: Setting CVar [[r.SSGI.Quality:3]]
[2022.03.10-13.35.07:160][  0]LogConfig: Setting CVar [[r.EmitterSpawnRateScale:1.0]]
[2022.03.10-13.35.07:160][  0]LogConfig: Setting CVar [[r.ParticleLightQuality:2]]
[2022.03.10-13.35.07:160][  0]LogConfig: Setting CVar [[r.SkyAtmosphere.AerialPerspectiveLUT.FastApplyOnOpaque:1 ; Always have FastSkyLUT 1 in this case to avoid wrong sky]]
[2022.03.10-13.35.07:160][  0]LogConfig: Setting CVar [[r.SkyAtmosphere.AerialPerspectiveLUT.SampleCountMaxPerSlice:4]]
[2022.03.10-13.35.07:160][  0]LogConfig: Setting CVar [[r.SkyAtmosphere.AerialPerspectiveLUT.DepthResolution:16.0]]
[2022.03.10-13.35.07:160][  0]LogConfig: Setting CVar [[r.SkyAtmosphere.FastSkyLUT:1]]
[2022.03.10-13.35.07:160][  0]LogConfig: Setting CVar [[r.SkyAtmosphere.FastSkyLUT.SampleCountMin:4.0]]
[2022.03.10-13.35.07:160][  0]LogConfig: Setting CVar [[r.SkyAtmosphere.FastSkyLUT.SampleCountMax:128.0]]
[2022.03.10-13.35.07:160][  0]LogConfig: Setting CVar [[r.SkyAtmosphere.SampleCountMin:4.0]]
[2022.03.10-13.35.07:160][  0]LogConfig: Setting CVar [[r.SkyAtmosphere.SampleCountMax:128.0]]
[2022.03.10-13.35.07:160][  0]LogConfig: Setting CVar [[r.SkyAtmosphere.TransmittanceLUT.UseSmallFormat:0]]
[2022.03.10-13.35.07:160][  0]LogConfig: Setting CVar [[r.SkyAtmosphere.TransmittanceLUT.SampleCount:10.0]]
[2022.03.10-13.35.07:161][  0]LogConfig: Setting CVar [[r.SkyAtmosphere.MultiScatteringLUT.SampleCount:15.0]]
[2022.03.10-13.35.07:161][  0]LogConfig: Setting CVar [[r.SkyLight.RealTimeReflectionCapture:1]]
[2022.03.10-13.35.07:161][  0]LogConfig: Applying CVar settings from Section [FoliageQuality@3] File [E:/CppCourseBasic/FirstProject/Saved/Config/Windows/Scalability.ini]
[2022.03.10-13.35.07:161][  0]LogConfig: Setting CVar [[foliage.DensityScale:1.0]]
[2022.03.10-13.35.07:161][  0]LogConfig: Setting CVar [[grass.DensityScale:1.0]]
[2022.03.10-13.35.07:161][  0]LogConfig: Applying CVar settings from Section [ShadingQuality@3] File [E:/CppCourseBasic/FirstProject/Saved/Config/Windows/Scalability.ini]
[2022.03.10-13.35.07:161][  0]LogConfig: Setting CVar [[r.HairStrands.SkyLighting.IntegrationType:2]]
[2022.03.10-13.35.07:161][  0]LogConfig: Setting CVar [[r.HairStrands.SkyAO.SampleCount:4]]
[2022.03.10-13.35.07:161][  0]LogConfig: Setting CVar [[r.HairStrands.Visibility.MSAA.SamplePerPixel:4]]
[2022.03.10-13.35.07:161][  0]LogInit: Selected Device Profile: [Windows]
[2022.03.10-13.35.07:161][  0]LogInit: Applying CVar settings loaded from the selected device profile: [Windows]
[2022.03.10-13.35.07:161][  0]LogHAL: Display: Platform has ~ 32 GB [34282221568 / 34359738368 / 32], which maps to Largest [LargestMinGB=32, LargerMinGB=12, DefaultMinGB=8, SmallerMinGB=6, SmallestMinGB=0)
[2022.03.10-13.35.07:161][  0]LogInit: Going up to parent DeviceProfile []
[2022.03.10-13.35.07:161][  0]LogConfig: Applying CVar settings from Section [ViewDistanceQuality@3] File [E:/CppCourseBasic/FirstProject/Saved/Config/Windows/Scalability.ini]
[2022.03.10-13.35.07:161][  0]LogConfig: Setting CVar [[r.SkeletalMeshLODBias:0]]
[2022.03.10-13.35.07:161][  0]LogConfig: Setting CVar [[r.ViewDistanceScale:1.0]]
[2022.03.10-13.35.07:162][  0]LogConfig: Applying CVar settings from Section [AntiAliasingQuality@3] File [E:/CppCourseBasic/FirstProject/Saved/Config/Windows/Scalability.ini]
[2022.03.10-13.35.07:162][  0]LogConfig: Setting CVar [[r.PostProcessAAQuality:4]]
[2022.03.10-13.35.07:162][  0]LogConfig: Applying CVar settings from Section [ShadowQuality@3] File [E:/CppCourseBasic/FirstProject/Saved/Config/Windows/Scalability.ini]
[2022.03.10-13.35.07:162][  0]LogConfig: Setting CVar [[r.LightFunctionQuality:1]]
[2022.03.10-13.35.07:162][  0]LogConfig: Setting CVar [[r.ShadowQuality:5]]
[2022.03.10-13.35.07:162][  0]LogConfig: Setting CVar [[r.Shadow.CSM.MaxCascades:10]]
[2022.03.10-13.35.07:162][  0]LogConfig: Setting CVar [[r.Shadow.MaxResolution:2048]]
[2022.03.10-13.35.07:162][  0]LogConfig: Setting CVar [[r.Shadow.MaxCSMResolution:2048]]
[2022.03.10-13.35.07:162][  0]LogConfig: Setting CVar [[r.Shadow.RadiusThreshold:0.01]]
[2022.03.10-13.35.07:162][  0]LogConfig: Setting CVar [[r.Shadow.DistanceScale:1.0]]
[2022.03.10-13.35.07:162][  0]LogConfig: Setting CVar [[r.Shadow.CSM.TransitionScale:1.0]]
[2022.03.10-13.35.07:162][  0]LogConfig: Setting CVar [[r.Shadow.PreShadowResolutionFactor:1.0]]
[2022.03.10-13.35.07:162][  0]LogConfig: Setting CVar [[r.DistanceFieldShadowing:1]]
[2022.03.10-13.35.07:162][  0]LogConfig: Setting CVar [[r.DistanceFieldAO:1]]
[2022.03.10-13.35.07:162][  0]LogConfig: Setting CVar [[r.AOQuality:2]]
[2022.03.10-13.35.07:162][  0]LogConfig: Setting CVar [[r.VolumetricFog:1]]
[2022.03.10-13.35.07:162][  0]LogConfig: Setting CVar [[r.VolumetricFog.GridPixelSize:8]]
[2022.03.10-13.35.07:162][  0]LogConfig: Setting CVar [[r.VolumetricFog.GridSizeZ:128]]
[2022.03.10-13.35.07:162][  0]LogConfig: Setting CVar [[r.VolumetricFog.HistoryMissSupersampleCount:4]]
[2022.03.10-13.35.07:162][  0]LogConfig: Setting CVar [[r.LightMaxDrawDistanceScale:1]]
[2022.03.10-13.35.07:162][  0]LogConfig: Setting CVar [[r.CapsuleShadows:1]]
[2022.03.10-13.35.07:162][  0]LogConfig: Applying CVar settings from Section [PostProcessQuality@3] File [E:/CppCourseBasic/FirstProject/Saved/Config/Windows/Scalability.ini]
[2022.03.10-13.35.07:163][  0]LogConfig: Setting CVar [[r.MotionBlurQuality:4]]
[2022.03.10-13.35.07:163][  0]LogConfig: Setting CVar [[r.AmbientOcclusionMipLevelFactor:0.4]]
[2022.03.10-13.35.07:163][  0]LogConfig: Setting CVar [[r.AmbientOcclusionMaxQuality:100]]
[2022.03.10-13.35.07:163][  0]LogConfig: Setting CVar [[r.AmbientOcclusionLevels:-1]]
[2022.03.10-13.35.07:163][  0]LogConfig: Setting CVar [[r.AmbientOcclusionRadiusScale:1.0]]
[2022.03.10-13.35.07:163][  0]LogConfig: Setting CVar [[r.DepthOfFieldQuality:2]]
[2022.03.10-13.35.07:163][  0]LogConfig: Setting CVar [[r.RenderTargetPoolMin:400]]
[2022.03.10-13.35.07:163][  0]LogConfig: Setting CVar [[r.LensFlareQuality:2]]
[2022.03.10-13.35.07:163][  0]LogConfig: Setting CVar [[r.SceneColorFringeQuality:1]]
[2022.03.10-13.35.07:163][  0]LogConfig: Setting CVar [[r.EyeAdaptationQuality:2]]
[2022.03.10-13.35.07:163][  0]LogConfig: Setting CVar [[r.BloomQuality:5]]
[2022.03.10-13.35.07:163][  0]LogConfig: Setting CVar [[r.FastBlurThreshold:100]]
[2022.03.10-13.35.07:163][  0]LogConfig: Setting CVar [[r.Upscale.Quality:3]]
[2022.03.10-13.35.07:163][  0]LogConfig: Setting CVar [[r.Tonemapper.GrainQuantization:1]]
[2022.03.10-13.35.07:163][  0]LogConfig: Setting CVar [[r.LightShaftQuality:1]]
[2022.03.10-13.35.07:163][  0]LogConfig: Setting CVar [[r.Filter.SizeScale:1]]
[2022.03.10-13.35.07:163][  0]LogConfig: Setting CVar [[r.Tonemapper.Quality:5]]
[2022.03.10-13.35.07:163][  0]LogConfig: Setting CVar [[r.DOF.Gather.AccumulatorQuality:1        ; higher gathering accumulator quality]]
[2022.03.10-13.35.07:163][  0]LogConfig: Setting CVar [[r.DOF.Gather.PostfilterMethod:1          ; Median3x3 postfilering method]]
[2022.03.10-13.35.07:163][  0]LogConfig: Setting CVar [[r.DOF.Gather.EnableBokehSettings:0       ; no bokeh simulation when gathering]]
[2022.03.10-13.35.07:163][  0]LogConfig: Setting CVar [[r.DOF.Gather.RingCount:4                 ; medium number of samples when gathering]]
[2022.03.10-13.35.07:163][  0]LogConfig: Setting CVar [[r.DOF.Scatter.ForegroundCompositing:1    ; additive foreground scattering]]
[2022.03.10-13.35.07:163][  0]LogConfig: Setting CVar [[r.DOF.Scatter.BackgroundCompositing:2    ; additive background scattering]]
[2022.03.10-13.35.07:164][  0]LogConfig: Setting CVar [[r.DOF.Scatter.EnableBokehSettings:1      ; bokeh simulation when scattering]]
[2022.03.10-13.35.07:164][  0]LogConfig: Setting CVar [[r.DOF.Scatter.MaxSpriteRatio:0.1         ; only a maximum of 10% of scattered bokeh]]
[2022.03.10-13.35.07:164][  0]LogConfig: Setting CVar [[r.DOF.Recombine.Quality:1                ; cheap slight out of focus]]
[2022.03.10-13.35.07:164][  0]LogConfig: Setting CVar [[r.DOF.Recombine.EnableBokehSettings:0    ; no bokeh simulation on slight out of focus]]
[2022.03.10-13.35.07:164][  0]LogConfig: Setting CVar [[r.DOF.TemporalAAQuality:1                ; more stable temporal accumulation]]
[2022.03.10-13.35.07:164][  0]LogConfig: Setting CVar [[r.DOF.Kernel.MaxForegroundRadius:0.025]]
[2022.03.10-13.35.07:164][  0]LogConfig: Setting CVar [[r.DOF.Kernel.MaxBackgroundRadius:0.025]]
[2022.03.10-13.35.07:164][  0]LogConfig: Applying CVar settings from Section [TextureQuality@3] File [E:/CppCourseBasic/FirstProject/Saved/Config/Windows/Scalability.ini]
[2022.03.10-13.35.07:164][  0]LogConfig: Setting CVar [[r.Streaming.MipBias:0]]
[2022.03.10-13.35.07:164][  0]LogConfig: Setting CVar [[r.Streaming.AmortizeCPUToGPUCopy:0]]
[2022.03.10-13.35.07:164][  0]LogConfig: Setting CVar [[r.Streaming.MaxNumTexturesToStreamPerFrame:0]]
[2022.03.10-13.35.07:164][  0]LogConfig: Setting CVar [[r.Streaming.Boost:1]]
[2022.03.10-13.35.07:164][  0]LogConfig: Setting CVar [[r.MaxAnisotropy:8]]
[2022.03.10-13.35.07:164][  0]LogConfig: Setting CVar [[r.VT.MaxAnisotropy:8]]
[2022.03.10-13.35.07:164][  0]LogConfig: Setting CVar [[r.Streaming.LimitPoolSizeToVRAM:0]]
[2022.03.10-13.35.07:164][  0]LogConfig: Setting CVar [[r.Streaming.PoolSize:1000]]
[2022.03.10-13.35.07:164][  0]LogConfig: Setting CVar [[r.Streaming.MaxEffectiveScreenSize:0]]
[2022.03.10-13.35.07:164][  0]LogConfig: Applying CVar settings from Section [EffectsQuality@3] File [E:/CppCourseBasic/FirstProject/Saved/Config/Windows/Scalability.ini]
[2022.03.10-13.35.07:164][  0]LogConfig: Setting CVar [[r.TranslucencyLightingVolumeDim:64]]
[2022.03.10-13.35.07:164][  0]LogConfig: Setting CVar [[r.RefractionQuality:2]]
[2022.03.10-13.35.07:165][  0]LogConfig: Setting CVar [[r.SSR.Quality:3]]
[2022.03.10-13.35.07:165][  0]LogConfig: Setting CVar [[r.SSR.HalfResSceneColor:0]]
[2022.03.10-13.35.07:165][  0]LogConfig: Setting CVar [[r.SceneColorFormat:4]]
[2022.03.10-13.35.07:165][  0]LogConfig: Setting CVar [[r.DetailMode:2]]
[2022.03.10-13.35.07:165][  0]LogConfig: Setting CVar [[r.TranslucencyVolumeBlur:1]]
[2022.03.10-13.35.07:165][  0]LogConfig: Setting CVar [[r.MaterialQualityLevel:1 ; High quality]]
[2022.03.10-13.35.07:165][  0]LogConfig: Setting CVar [[r.AnisotropicMaterials:1]]
[2022.03.10-13.35.07:165][  0]LogConfig: Setting CVar [[r.SSS.Scale:1]]
[2022.03.10-13.35.07:165][  0]LogConfig: Setting CVar [[r.SSS.SampleSet:2]]
[2022.03.10-13.35.07:165][  0]LogConfig: Setting CVar [[r.SSS.Quality:1]]
[2022.03.10-13.35.07:165][  0]LogConfig: Setting CVar [[r.SSS.HalfRes:0]]
[2022.03.10-13.35.07:165][  0]LogConfig: Setting CVar [[r.SSGI.Quality:3]]
[2022.03.10-13.35.07:165][  0]LogConfig: Setting CVar [[r.EmitterSpawnRateScale:1.0]]
[2022.03.10-13.35.07:165][  0]LogConfig: Setting CVar [[r.ParticleLightQuality:2]]
[2022.03.10-13.35.07:165][  0]LogConfig: Setting CVar [[r.SkyAtmosphere.AerialPerspectiveLUT.FastApplyOnOpaque:1 ; Always have FastSkyLUT 1 in this case to avoid wrong sky]]
[2022.03.10-13.35.07:165][  0]LogConfig: Setting CVar [[r.SkyAtmosphere.AerialPerspectiveLUT.SampleCountMaxPerSlice:4]]
[2022.03.10-13.35.07:165][  0]LogConfig: Setting CVar [[r.SkyAtmosphere.AerialPerspectiveLUT.DepthResolution:16.0]]
[2022.03.10-13.35.07:165][  0]LogConfig: Setting CVar [[r.SkyAtmosphere.FastSkyLUT:1]]
[2022.03.10-13.35.07:165][  0]LogConfig: Setting CVar [[r.SkyAtmosphere.FastSkyLUT.SampleCountMin:4.0]]
[2022.03.10-13.35.07:165][  0]LogConfig: Setting CVar [[r.SkyAtmosphere.FastSkyLUT.SampleCountMax:128.0]]
[2022.03.10-13.35.07:166][  0]LogConfig: Setting CVar [[r.SkyAtmosphere.SampleCountMin:4.0]]
[2022.03.10-13.35.07:166][  0]LogConfig: Setting CVar [[r.SkyAtmosphere.SampleCountMax:128.0]]
[2022.03.10-13.35.07:166][  0]LogConfig: Setting CVar [[r.SkyAtmosphere.TransmittanceLUT.UseSmallFormat:0]]
[2022.03.10-13.35.07:166][  0]LogConfig: Setting CVar [[r.SkyAtmosphere.TransmittanceLUT.SampleCount:10.0]]
[2022.03.10-13.35.07:166][  0]LogConfig: Setting CVar [[r.SkyAtmosphere.MultiScatteringLUT.SampleCount:15.0]]
[2022.03.10-13.35.07:166][  0]LogConfig: Setting CVar [[r.SkyLight.RealTimeReflectionCapture:1]]
[2022.03.10-13.35.07:166][  0]LogConfig: Applying CVar settings from Section [FoliageQuality@3] File [E:/CppCourseBasic/FirstProject/Saved/Config/Windows/Scalability.ini]
[2022.03.10-13.35.07:166][  0]LogConfig: Setting CVar [[foliage.DensityScale:1.0]]
[2022.03.10-13.35.07:166][  0]LogConfig: Setting CVar [[grass.DensityScale:1.0]]
[2022.03.10-13.35.07:166][  0]LogConfig: Applying CVar settings from Section [ShadingQuality@3] File [E:/CppCourseBasic/FirstProject/Saved/Config/Windows/Scalability.ini]
[2022.03.10-13.35.07:166][  0]LogConfig: Setting CVar [[r.HairStrands.SkyLighting.IntegrationType:2]]
[2022.03.10-13.35.07:166][  0]LogConfig: Setting CVar [[r.HairStrands.SkyAO.SampleCount:4]]
[2022.03.10-13.35.07:166][  0]LogConfig: Setting CVar [[r.HairStrands.Visibility.MSAA.SamplePerPixel:4]]
[2022.03.10-13.35.07:166][  0]LogConfig: Applying CVar settings from Section [Startup] File [../../../Engine/Config/ConsoleVariables.ini]
[2022.03.10-13.35.07:167][  0]LogConfig: Setting CVar [[net.UseAdaptiveNetUpdateFrequency:0]]
[2022.03.10-13.35.07:167][  0]LogConfig: Setting CVar [[p.chaos.AllowCreatePhysxBodies:1]]
[2022.03.10-13.35.07:167][  0]LogConfig: Setting CVar [[fx.SkipVectorVMBackendOptimizations:1]]
[2022.03.10-13.35.07:167][  0]LogConfig: Applying CVar settings from Section [ConsoleVariables] File [E:/CppCourseBasic/FirstProject/Saved/Config/Windows/Engine.ini]
[2022.03.10-13.35.07:167][  0]LogConfig: Applying CVar settings from Section [ConsoleVariables] File [E:/CppCourseBasic/FirstProject/Saved/Config/Windows/Editor.ini]
[2022.03.10-13.35.07:167][  0]LogInit: Computer: DESKTOP-PATULNA
[2022.03.10-13.35.07:167][  0]LogInit: User: Pablo
[2022.03.10-13.35.07:167][  0]LogInit: CPU Page size=4096, Cores=6
[2022.03.10-13.35.07:167][  0]LogInit: High frequency timer resolution =10.000000 MHz
[2022.03.10-13.35.07:167][  0]LogMemory: Memory total: Physical=31.9GB (32GB approx)
[2022.03.10-13.35.07:167][  0]LogMemory: Platform Memory Stats for Windows
[2022.03.10-13.35.07:167][  0]LogMemory: Process Physical Memory: 142.96 MB used, 142.96 MB peak
[2022.03.10-13.35.07:167][  0]LogMemory: Process Virtual Memory: 113.28 MB used, 113.28 MB peak
[2022.03.10-13.35.07:167][  0]LogMemory: Physical Memory: 15880.20 MB used,  16813.88 MB free, 32694.07 MB total
[2022.03.10-13.35.07:167][  0]LogMemory: Virtual Memory: 134199832.00 MB used,  17896.63 MB free, 134217728.00 MB total
[2022.03.10-13.35.07:188][  0]LogWindows: WindowsPlatformFeatures enabled
[2022.03.10-13.35.07:677][  0]LogInit: Physics initialised using underlying interface: PhysX
[2022.03.10-13.35.07:677][  0]LogInit: Overriding language with editor language configuration option (en-US).
[2022.03.10-13.35.07:677][  0]LogInit: Overriding language with editor locale configuration option (en).
[2022.03.10-13.35.07:680][  0]LogTextLocalizationManager: No specific localization for 'en-US' exists, so the 'en' localization will be used.
[2022.03.10-13.35.07:887][  0]LogInit: Setting process to per monitor DPI aware
[2022.03.10-13.35.07:921][  0]LogWindowsTextInputMethodSystem: Display: IME system deactivated.
[2022.03.10-13.35.07:940][  0]LogSlate: New Slate User Created.  User Index 0, Is Virtual User: 0
[2022.03.10-13.35.07:940][  0]LogSlate: Slate User Registered.  User Index 0, Is Virtual User: 0
[2022.03.10-13.35.08:069][  0]LogD3D11RHI: Loaded GFSDK_Aftermath_Lib.x64.dll
[2022.03.10-13.35.08:077][  0]LogHMD: Failed to initialize OpenVR with code 110
[2022.03.10-13.35.08:077][  0]LogD3D11RHI: D3D11 min allowed feature level: 11_0
[2022.03.10-13.35.08:077][  0]LogD3D11RHI: D3D11 max allowed feature level: 11_0
[2022.03.10-13.35.08:077][  0]LogD3D11RHI: D3D11 adapters:
[2022.03.10-13.35.08:192][  0]LogD3D11RHI:    0. 'NVIDIA GeForce GTX 1070 Ti' (Feature Level 11_0)
[2022.03.10-13.35.08:192][  0]LogD3D11RHI:       8079/0/16347 MB DedicatedVideo/DedicatedSystem/SharedSystem, Outputs:2, VendorId:0x10de
[2022.03.10-13.35.08:200][  0]LogD3D11RHI:    1. 'Microsoft Basic Render Driver' (Feature Level 11_0)
[2022.03.10-13.35.08:200][  0]LogD3D11RHI:       0/0/16347 MB DedicatedVideo/DedicatedSystem/SharedSystem, Outputs:0, VendorId:0x1414
[2022.03.10-13.35.08:200][  0]LogD3D11RHI: Chosen D3D11 Adapter:
[2022.03.10-13.35.08:200][  0]LogD3D11RHI:     Description : NVIDIA GeForce GTX 1070 Ti
[2022.03.10-13.35.08:200][  0]LogD3D11RHI:     VendorId    : 10de
[2022.03.10-13.35.08:201][  0]LogD3D11RHI:     DeviceId    : 1b82
[2022.03.10-13.35.08:201][  0]LogD3D11RHI:     SubSysId    : c3041462
[2022.03.10-13.35.08:201][  0]LogD3D11RHI:     Revision    : 00a1
[2022.03.10-13.35.08:201][  0]LogD3D11RHI:     DedicatedVideoMemory : 8471445504 bytes
[2022.03.10-13.35.08:201][  0]LogD3D11RHI:     DedicatedSystemMemory : 0 bytes
[2022.03.10-13.35.08:201][  0]LogD3D11RHI:     SharedSystemMemory : 17141110784 bytes
[2022.03.10-13.35.08:201][  0]LogD3D11RHI:     AdapterLuid : 0 55659
[2022.03.10-13.35.08:210][  0]LogD3D11RHI: Creating new Direct3DDevice
[2022.03.10-13.35.08:210][  0]LogD3D11RHI:     GPU DeviceId: 0x1b82 (for the marketing name, search the web for "GPU Device Id")
[2022.03.10-13.35.08:210][  0]LogWindows: EnumDisplayDevices:
[2022.03.10-13.35.08:210][  0]LogWindows:    0. 'NVIDIA GeForce GTX 1070 Ti' (P:0 D:1)
[2022.03.10-13.35.08:210][  0]LogWindows:    1. 'NVIDIA GeForce GTX 1070 Ti' (P:1 D:1)
[2022.03.10-13.35.08:211][  0]LogWindows:    2. 'NVIDIA GeForce GTX 1070 Ti' (P:0 D:0)
[2022.03.10-13.35.08:211][  0]LogWindows:    3. 'NVIDIA GeForce GTX 1070 Ti' (P:0 D:0)
[2022.03.10-13.35.08:212][  0]LogWindows: DebugString: FoundDriverCount:4 
[2022.03.10-13.35.08:212][  0]LogD3D11RHI:     Adapter Name: NVIDIA GeForce GTX 1070 Ti
[2022.03.10-13.35.08:212][  0]LogD3D11RHI:   Driver Version: 472.12 (internal:30.0.14.7212, unified:472.12)
[2022.03.10-13.35.08:212][  0]LogD3D11RHI:      Driver Date: 9-13-2021
[2022.03.10-13.35.08:212][  0]LogRHI: Texture pool is 5655 MB (70% of 8079 MB)
[2022.03.10-13.35.08:212][  0]LogD3D11RHI: Creating D3DDevice using adapter:
[2022.03.10-13.35.08:212][  0]LogD3D11RHI:     Description : NVIDIA GeForce GTX 1070 Ti
[2022.03.10-13.35.08:212][  0]LogD3D11RHI:     VendorId    : 10de
[2022.03.10-13.35.08:212][  0]LogD3D11RHI:     DeviceId    : 1b82
[2022.03.10-13.35.08:212][  0]LogD3D11RHI:     SubSysId    : c3041462
[2022.03.10-13.35.08:212][  0]LogD3D11RHI:     Revision    : 00a1
[2022.03.10-13.35.08:212][  0]LogD3D11RHI:     DedicatedVideoMemory : 8471445504 bytes
[2022.03.10-13.35.08:212][  0]LogD3D11RHI:     DedicatedSystemMemory : 0 bytes
[2022.03.10-13.35.08:212][  0]LogD3D11RHI:     SharedSystemMemory : 17141110784 bytes
[2022.03.10-13.35.08:212][  0]LogD3D11RHI:     AdapterLuid : 0 55659
[2022.03.10-13.35.08:290][  0]LogD3D11RHI: RHI has support for 64 bit atomics
[2022.03.10-13.35.08:290][  0]LogD3D11RHI: Async texture creation enabled
[2022.03.10-13.35.08:290][  0]LogD3D11RHI: Array index from any shader is supported
[2022.03.10-13.35.08:308][  0]LogD3D11RHI: GPU Timing Frequency: 1000.000000 (Debug: 2 1)
[2022.03.10-13.35.08:362][  0]LogRHI: GeForceNow SDK initialized: 1
[2022.03.10-13.35.08:637][  0]LogTargetPlatformManager: Display: Loaded TargetPlatform 'AllDesktop'
[2022.03.10-13.35.08:655][  0]LogTargetPlatformManager: Display: Loaded TargetPlatform 'Android'
[2022.03.10-13.35.08:655][  0]LogTargetPlatformManager: Display: Loaded TargetPlatform 'Android_ASTC'
[2022.03.10-13.35.08:655][  0]LogTargetPlatformManager: Display: Loaded TargetPlatform 'Android_DXT'
[2022.03.10-13.35.08:655][  0]LogTargetPlatformManager: Display: Loaded TargetPlatform 'Android_ETC2'
[2022.03.10-13.35.08:655][  0]LogTargetPlatformManager: Display: Loaded TargetPlatform 'AndroidClient'
[2022.03.10-13.35.08:655][  0]LogTargetPlatformManager: Display: Loaded TargetPlatform 'Android_ASTCClient'
[2022.03.10-13.35.08:656][  0]LogTargetPlatformManager: Display: Loaded TargetPlatform 'Android_DXTClient'
[2022.03.10-13.35.08:656][  0]LogTargetPlatformManager: Display: Loaded TargetPlatform 'Android_ETC2Client'
[2022.03.10-13.35.08:656][  0]LogTargetPlatformManager: Display: Loaded TargetPlatform 'Android_Multi'
[2022.03.10-13.35.08:656][  0]LogTargetPlatformManager: Display: Loaded TargetPlatform 'Android_MultiClient'
[2022.03.10-13.35.08:677][  0]LogTargetPlatformManager: Display: Loaded TargetPlatform 'IOSClient'
[2022.03.10-13.35.08:677][  0]LogTargetPlatformManager: Display: Loaded TargetPlatform 'IOS'
[2022.03.10-13.35.08:686][  0]LogTargetPlatformManager: Display: Loaded TargetPlatform 'Linux'
[2022.03.10-13.35.08:691][  0]LogTargetPlatformManager: Display: Loaded TargetPlatform 'LinuxNoEditor'
[2022.03.10-13.35.08:701][  0]LogTargetPlatformManager: Display: Loaded TargetPlatform 'LinuxClient'
[2022.03.10-13.35.08:705][  0]LogTargetPlatformManager: Display: Loaded TargetPlatform 'LinuxServer'
[2022.03.10-13.35.08:715][  0]LogTargetPlatformManager: Display: Loaded TargetPlatform 'LinuxAArch64NoEditor'
[2022.03.10-13.35.08:720][  0]LogTargetPlatformManager: Display: Loaded TargetPlatform 'LinuxAArch64Client'
[2022.03.10-13.35.08:725][  0]LogTargetPlatformManager: Display: Loaded TargetPlatform 'LinuxAArch64Server'
[2022.03.10-13.35.08:746][  0]LogTargetPlatformManager: Display: Loaded TargetPlatform 'Lumin'
[2022.03.10-13.35.08:746][  0]LogTargetPlatformManager: Display: Loaded TargetPlatform 'LuminClient'
[2022.03.10-13.35.08:754][  0]LogTargetPlatformManager: Display: Loaded TargetPlatform 'MacNoEditor'
[2022.03.10-13.35.08:759][  0]LogTargetPlatformManager: Display: Loaded TargetPlatform 'Mac'
[2022.03.10-13.35.08:764][  0]LogTargetPlatformManager: Display: Loaded TargetPlatform 'MacClient'
[2022.03.10-13.35.08:770][  0]LogTargetPlatformManager: Display: Loaded TargetPlatform 'MacServer'
[2022.03.10-13.35.08:779][  0]LogTargetPlatformManager: Display: Loaded TargetPlatform 'TVOSClient'
[2022.03.10-13.35.08:779][  0]LogTargetPlatformManager: Display: Loaded TargetPlatform 'TVOS'
[2022.03.10-13.35.08:787][  0]LogTargetPlatformManager: Display: Loaded TargetPlatform 'WindowsNoEditor'
[2022.03.10-13.35.08:792][  0]LogTargetPlatformManager: Display: Loaded TargetPlatform 'Windows'
[2022.03.10-13.35.08:797][  0]LogTargetPlatformManager: Display: Loaded TargetPlatform 'WindowsClient'
[2022.03.10-13.35.08:803][  0]LogTargetPlatformManager: Display: Loaded TargetPlatform 'WindowsServer'
[2022.03.10-13.35.08:803][  0]LogTargetPlatformManager: Display: Building Assets For Windows
[2022.03.10-13.35.08:815][  0]LogAudioDebug: Display: Lib vorbis DLL was dynamically loaded.
[2022.03.10-13.35.08:861][  0]LogTextureFormatOodle: Display: Oodle Texture 2.9.0 init RDO Off
[2022.03.10-13.35.08:920][  0]LogRendererCore: Ray tracing is disabled. Reason: r.RayTracing=0.
[2022.03.10-13.35.08:921][  0]LogShaderCompilers: Guid format shader working directory is 3 characters bigger than the processId version (../../../../../CppCourseBasic/FirstProject/Intermediate/Shaders/WorkingDirectory/45832/).
[2022.03.10-13.35.08:921][  0]LogShaderCompilers: Cleaned the shader compiler working directory 'C:/Users/Pablo/AppData/Local/Temp/UnrealShaderWorkingDir/850D2E994BE78C091FC182AD7B2AFF20/'.
[2022.03.10-13.35.08:921][  0]LogXGEController: Cannot use XGE Controller as Incredibuild is not installed on this machine.
[2022.03.10-13.35.08:921][  0]LogShaderCompilers: Cannot use XGE Shader Compiler as Incredibuild is not installed on this machine.
[2022.03.10-13.35.08:921][  0]LogShaderCompilers: Display: Using Local Shader Compiler.
[2022.03.10-13.35.09:559][  0]LogDerivedDataCache: Display: Max Cache Size: 512 MB
[2022.03.10-13.35.09:613][  0]LogDerivedDataCache: Loaded boot cache 0.05s 94MB C:/Users/Pablo/AppData/Local/UnrealEngine/4.27/DerivedDataCache/Boot.ddc.
[2022.03.10-13.35.09:613][  0]LogDerivedDataCache: Display: Loaded Boot cache: C:/Users/Pablo/AppData/Local/UnrealEngine/4.27/DerivedDataCache/Boot.ddc
[2022.03.10-13.35.09:613][  0]LogDerivedDataCache: FDerivedDataBackendGraph:  Pak pak cache file ../../../../../CppCourseBasic/FirstProject/DerivedDataCache/DDC.ddp not found, will not use a pak cache.
[2022.03.10-13.35.09:613][  0]LogDerivedDataCache: Unable to find inner node Pak for hierarchical cache Hierarchy.
[2022.03.10-13.35.09:613][  0]LogDerivedDataCache: FDerivedDataBackendGraph:  CompressedPak pak cache file ../../../../../CppCourseBasic/FirstProject/DerivedDataCache/Compressed.ddp not found, will not use a pak cache.
[2022.03.10-13.35.09:613][  0]LogDerivedDataCache: Unable to find inner node CompressedPak for hierarchical cache Hierarchy.
[2022.03.10-13.35.09:627][  0]LogDerivedDataCache: Display: Pak cache opened for reading ../../../Engine/DerivedDataCache/Compressed.ddp.
[2022.03.10-13.35.09:627][  0]LogDerivedDataCache: FDerivedDataBackendGraph:  EnterprisePak pak cache file ../../../Enterprise/DerivedDataCache/Compressed.ddp not found, will not use a pak cache.
[2022.03.10-13.35.09:628][  0]LogDerivedDataCache: Unable to find inner node EnterprisePak for hierarchical cache Hierarchy.
[2022.03.10-13.35.09:632][  0]LogDerivedDataCache: Speed tests for C:/Users/Pablo/AppData/Local/UnrealEngine/Common/DerivedDataCache took 0.00 seconds
[2022.03.10-13.35.09:632][  0]LogDerivedDataCache: Display: Performance to C:/Users/Pablo/AppData/Local/UnrealEngine/Common/DerivedDataCache: Latency=0.03ms. RandomReadSpeed=1171.92MBs, RandomWriteSpeed=302.25MBs. Assigned SpeedClass 'Local'
[2022.03.10-13.35.09:634][  0]LogDerivedDataCache: Using Local data cache path C:/Users/Pablo/AppData/Local/UnrealEngine/Common/DerivedDataCache: Writable
[2022.03.10-13.35.09:634][  0]LogDerivedDataCache: Shared data cache path not found in *engine.ini, will not use an Shared cache.
[2022.03.10-13.35.09:634][  0]LogDerivedDataCache: Unable to find inner node Shared for hierarchical cache Hierarchy.
[2022.03.10-13.35.09:700][  0]LogSlate: Using FreeType 2.10.0
[2022.03.10-13.35.09:701][  0]LogSlate: SlateFontServices - WITH_FREETYPE: 1, WITH_HARFBUZZ: 1
[2022.03.10-13.35.09:730][  0]LogAssetRegistry: FAssetRegistry took 0.0053 seconds to start up
[2022.03.10-13.35.09:927][  0]LogInit: Selected Device Profile: [Windows]
[2022.03.10-13.35.09:927][  0]LogInit: Active device profile: [00000219A8A7CC00][00000219A88D3300 49] Windows
[2022.03.10-13.35.09:927][  0]LogInit: Profiles: [00000219A8A7CC00][00000219A88D3300 49] Windows, [00000219A8A46200][00000219A88DB480 49] WindowsNoEditor, [00000219A8A7DA00][00000219A88DF600 49] WindowsServer, [00000219A8A46F00][00000219A88E3780 49] WindowsClient, [00000219A8A7E600][00000219A88E7900 49] IOS, [00000219A8A44E00][00000219A88EBA80 49] iPadAir, [00000219A8A7CA00][000002199EE43C00 49] iPadAir2, [00000219A8A00E00][000002199EE4A340 49] IPadPro, [00000219A8A00F00][000002199EE46380 49] iPadAir3, [00000219A8A46300][000002199EE4E500 49] iPadAir4, [00000219A8A03400][00000219A88D6640 49] iPadMini2, [00000219A8A45600][000002199EE52780 49] iPadMini3, [00000219A8A03A00][000002199EE568C0 49] iPadMini4, [00000219A8A47300][000002199EE5EA40 49] iPadMini5, [00000219A8A14800][000002199EE66D00 49] iPhone6, [00000219A8A14900][000002199EE62D40 49] iPodTouch6, [00000219A8A7F000][000002199EE6F000 49] iPhone7, [00000219A8A7F100][000002199EE6B040 49] iPodTouch7, [00000219A8A03500][000002199EE731C0 49] iPhone5S, [00000219A8A00600][000002199EE77340 49] iPhone6Plus, [00000219A8A16800][000002199EE7B4C0 49] iPhone6S, [00000219A8A01400][000002199EE7F640 49] iPhone6SPlus, [00000219A8A16600][000002199EE837C0 49] iPhone7Plus, [00000219A8A03D00][000002199EE87940 49] iPhoneSE, [00000219A8A16500][000002199EE8BAC0 49] iPhone8, [00000219A8A01800][000002199EE8E0C0 49] iPhone8Plus, [00000219A8A7EA00][000002199EE92240 49] iPhoneX, [00000219A8A02800][000002199EE963C0 49] iPhoneXS, [00000219A8A7ED00][000002199EE9A540 49] iPhoneXSMax, [00000219A8A00D00][000002199EE9E6C0 49] iPhoneXR, [00000219A8A7D900][000002199EE5A800 49] iPhone11, [00000219A8A02700][000002199EEA2940 49] iPhone11Pro, [00000219A8A7CE00][000002199EEA6A80 49] iPhone11ProMax, [00000219A8A00400][000002199EEAABC0 49] iPhoneSE2, [00000219A8A7C400][000002199EEB2D40 49] iPhone12Mini, [00000219A8A00A00][000002199EEB6EC0 49] iPhone12, [00000219A8A7FC00][000002199EEBB040 49] iPhone12Pro, [00000219A8A01600][000002199EEBF1C0 49] iPhone12ProMax, [00000219A8A7E000][000002199EEC3340 49] iPadPro105, [00000219A8A02500][000002199EEC74C0 49] iPadPro129, [00000219A8A7C600][000002199EEEB640 49] iPadPro97, [00000219A8A03900][000002199EEEF7C0 49] iPadPro2_129, [00000219A8A7FE00][000002199EF5F940 49] iPad5, [00000219A8A01100][000002199EF63AC0 49] iPad6, [00000219A8A7F600][000002199EFE40C0 49] iPad7, [00000219A8A03700][000002199EFE8240 49] iPad8, [00000219A8A7E400][000002199EFEC3C0 49] iPadPro11, [00000219A8A00500][00000219A9A44540 49] iPadPro2_11, [00000219A8A7EE00][00000219A85126C0 49] iPadPro3_129, [00000219A8A02C00][00000219A8516840 49] iPadPro4_129, [00000219A8A7D700][000002199EEAE980 49] AppleTV, [00000219A8A01C00][00000219A851AAC0 49] AppleTV4K, [00000219A8A7E500][00000219A851EC00 49] TVOS, [00000219A8A01F00][00000219A4EDCD40 49] Mac, [00000219A8A7CF00][00000219A9CB8EC0 49] MacClient, [00000219A8A01200][00000219A9CBD040 49] MacNoEditor, [00000219A8A7C700][00000219A9CC11C0 49] MacServer, [00000219A8A01500][00000219A9CC5340 49] Linux, [00000219A8A7FB00][00000219A9CC94C0 49] LinuxAArch64, [00000219A8A00200][00000219A9CCD640 49] LinuxNoEditor, [00000219A8A7C200][00000219A9CD17C0 49] LinuxAArch64NoEditor, [00000219A8A03800][00000219A9CD5940 49] LinuxClient, [00000219A8A7F300][00000219A9CD9AC0 49] LinuxAArch64Client, [00000219A8A02200][00000219A9CE60C0 49] LinuxServer, [00000219A8A7E200][00000219A9CEA240 49] LinuxAArch64Server, [00000219A8A02A00][00000219A9CEE3C0 49] Android, [00000219A8A7FF00][00000219A9CF2540 49] Android_Low, [00000219A8A00C00][00000219A4E9A6C0 49] Android_Mid, [00000219A8A7DC00][00000219A9CF6840 49] Android_High, [00000219A8A02900][00000219A9CFA9C0 49] Android_Default, [00000219A8A7D600][00000219A2C78B40 49] Android_Adreno4xx, [00000219A8A01900][000002199EEF2C80 49] Android_Adreno5xx_Low, [00000219A8A7D300][000002199EF3EDC0 49] Android_Adreno5xx, [00000219A8A17800][000002199EF4EF00 49] Android_Adreno6xx, [00000219A8A45500][000002199EF5B080 49] Android_Adreno6xx_Vulkan, [00000219A8A15E00][000002199EFA7200 49] Android_Mali_T6xx, [00000219A8A45200][000002199EFAF380 49] Android_Mali_T7xx, [00000219A8A15400][000002199EFB3500 49] Android_Mali_T8xx, [00000219A8A45800][000002199EFB7680 49] Android_Mali_G71, [00000219A8A14C00][000002199EFBB800 49] Android_Mali_G72, [00000219A8A46B00][00000219A9971980 49] Android_Mali_G72_Vulkan, [00000219A8A14400][00000219A9975B00 49] Android_Mali_G76, [00000219A8A44B00][00000219A9978100 49] Android_Mali_G76_Vulkan, [00000219A8A17400][00000219A997C280 49] Android_Mali_G77, [00000219A8A46700][00000219A9980400 49] Android_Mali_G77_Vulkan, [00000219A8A16400][00000219A9984580 49] Android_Mali_G78, [00000219A8A46E00][00000219AA088700 49] Android_Mali_G78_Vulkan, [00000219A8A17600][00000219AA090880 49] Android_Mali_G710, [00000219A8A44F00][00000219AA098A00 49] Android_Mali_G710_Vulkan, [00000219A8A16900][00000219AA09CB80 49] Android_Vulkan_SM5, [00000219A8A47B00][00000219AA0A0D00 49] Android_PowerVR_G6xxx, [00000219A8A15500][000002199EF56E40 49] Android_PowerVR_GT7xxx, [00000219A8A46800][00000219A2C3AF80 49] Android_PowerVR_GE8xxx, [00000219A8A15D00][00000219A2C470C0 49] Android_PowerVR_GM9xxx, [00000219A8A44D00][00000219AA0F3240 49] Android_PowerVR_GM9xxx_Vulkan, [00000219A8A14F00][00000219AA1073C0 49] Android_TegraK1, [00000219A8A46D00][00000219AA10B540 49] Android_Unknown_Vulkan, [00000219A8A17200][00000219A9A016C0 49] Lumin, [00000219A8A47500][00000219A9A05840 49] Lumin_Desktop, [00000219A8A15300][00000219A2C3F9C0 49] HoloLens, 
[2022.03.10-13.35.10:059][  0]LogMeshReduction: Using QuadricMeshReduction for automatic static mesh reduction
[2022.03.10-13.35.10:059][  0]LogMeshReduction: Using SimplygonMeshReduction for automatic skeletal mesh reduction
[2022.03.10-13.35.10:059][  0]LogMeshReduction: Using ProxyLODMeshReduction for automatic mesh merging
[2022.03.10-13.35.10:059][  0]LogMeshReduction: No distributed automatic mesh merging module available
[2022.03.10-13.35.10:059][  0]LogMeshMerging: No distributed automatic mesh merging module available
[2022.03.10-13.35.10:078][  0]LogNetVersion: FirstProject 1.0.0, NetCL: 17155196, EngineNetVer: 17, GameNetVer: 0 (Checksum: 1409045027)
