  Using 'git status' to determine working set for adaptive non-unity build (E:\CppCourseBasic).
  Parsing headers for FirstProjectEditor
    Running UnrealHeaderTool "E:\CppCourseBasic\FirstProject\FirstProject.uproject" "E:\CppCourseBasic\FirstProject\Intermediate\Build\Win64\FirstProjectEditor\Development\FirstProjectEditor.uhtmanifest" -LogCmds="loginit warning, logexit warning, logdatabase error" -Unattended -WarningsAsErrors -abslog="C:\Users\Pablo\AppData\Local\UnrealBuildTool\Log_UHT.txt" -installed
  LogInit: Display: Loading text-based GConfig....
  Reflection code generated for FirstProjectEditor in 3.4172663 seconds
  Building FirstProjectEditor...
  Using Visual Studio 2019 14.29.30140 toolchain (C:\Program Files (x86)\Microsoft Visual Studio\2019\Community\VC\Tools\MSVC\14.29.30133) and Windows 10.0.19041.0 SDK (C:\Program Files (x86)\Windows Kits\10).
  Building 8 actions with 12 processes...
    [1/8] FirstProject.init.gen.cpp
    [2/8] Enemy.gen.cpp
    [3/8] Weapon.gen.cpp
    [4/8] Weapon.cpp
    [5/8] Enemy.cpp
    [6/8] UE4Editor-FirstProject-0002.lib
       Creating library E:\CppCourseBasic\FirstProject\Intermediate\Build\Win64\UE4Editor\Development\FirstProject\UE4Editor-FirstProject-0002.lib and object E:\CppCourseBasic\FirstProject\Intermediate\Build\Win64\UE4Editor\Development\FirstProject\UE4Editor-FirstProject-0002.exp
    [7/8] UE4Editor-FirstProject-0002.dll
       Creating library E:\CppCourseBasic\FirstProject\Intermediate\Build\Win64\UE4Editor\Development\FirstProject\UE4Editor-FirstProject-0002.suppressed.lib and object E:\CppCourseBasic\FirstProject\Intermediate\Build\Win64\UE4Editor\Development\FirstProject\UE4Editor-FirstProject-0002.suppressed.exp
    [8/8] FirstProjectEditor.target
  Total time in Parallel executor: 2.05 seconds
  Total execution time: 6.05 seconds
